[ 2017-06-12T09:08:05+08:00 ] 127.0.0.1 /index.php/Admin/Goods/upload.html
INFO: [ app_begin ] --START--
INFO: Run Behavior\ReadHtmlCacheBehavior [ RunTime:0.002000s ]
INFO: [ app_begin ] --END-- [ RunTime:0.003000s ]
NOTIC: [2] call_user_func() expects parameter 1 to be a valid callback, no array or string given D:\wamp64\www\qiu\shop\ThinkPHP\Library\Think\Upload.class.php 第 170 行.

[ 2017-06-12T09:08:05+08:00 ] 127.0.0.1 /index.php/Admin/Goods/upload.html
INFO: [ app_begin ] --START--
INFO: Run Behavior\ReadHtmlCacheBehavior [ RunTime:0.000000s ]
INFO: [ app_begin ] --END-- [ RunTime:0.002000s ]
NOTIC: [2] call_user_func() expects parameter 1 to be a valid callback, no array or string given D:\wamp64\www\qiu\shop\ThinkPHP\Library\Think\Upload.class.php 第 170 行.

[ 2017-06-12T09:08:05+08:00 ] 127.0.0.1 /index.php/Admin/Goods/upload.html
INFO: [ app_begin ] --START--
INFO: Run Behavior\ReadHtmlCacheBehavior [ RunTime:0.001000s ]
INFO: [ app_begin ] --END-- [ RunTime:0.002000s ]
NOTIC: [2] call_user_func() expects parameter 1 to be a valid callback, no array or string given D:\wamp64\www\qiu\shop\ThinkPHP\Library\Think\Upload.class.php 第 170 行.

[ 2017-06-12T09:08:09+08:00 ] 127.0.0.1 /index.php/Admin/Goods/add_spec.html
INFO: [ app_begin ] --START--
INFO: Run Behavior\ReadHtmlCacheBehavior [ RunTime:0.001000s ]
INFO: [ app_begin ] --END-- [ RunTime:0.002000s ]
SQL: SHOW COLUMNS FROM `goods_type` [ RunTime:0.0010s ]
SQL: SELECT * FROM `goods_type`  [ RunTime:0.0000s ]
SQL: SHOW COLUMNS FROM `spec` [ RunTime:0.0000s ]
SQL: SELECT * FROM `spec` WHERE `type_id` = 4  [ RunTime:0.0000s ]
SQL: SHOW COLUMNS FROM `spec_items` [ RunTime:0.0010s ]
SQL: SELECT `id`,`item` FROM `spec_items` WHERE ( 1=1 AND spec_id='61' )  [ RunTime:0.0000s ]
SQL: SELECT `id`,`item` FROM `spec_items` WHERE ( 1=1 AND spec_id='62' )  [ RunTime:0.0000s ]
SQL: SELECT * FROM `spec` WHERE `type_id` = 3  [ RunTime:0.0000s ]
SQL: SELECT * FROM `spec` WHERE `type_id` = 5  [ RunTime:0.0010s ]
INFO: [ view_parse ] --START--
INFO: [ template_filter ] --START--
INFO: Run Behavior\ContentReplaceBehavior [ RunTime:0.000000s ]
INFO: [ template_filter ] --END-- [ RunTime:0.000000s ]
INFO: Run Behavior\ParseTemplateBehavior [ RunTime:0.063004s ]
INFO: [ view_parse ] --END-- [ RunTime:0.063004s ]
INFO: [ view_filter ] --START--
INFO: Run Behavior\WriteHtmlCacheBehavior [ RunTime:0.001000s ]
INFO: [ view_filter ] --END-- [ RunTime:0.001000s ]
INFO: [ app_end ] --START--
INFO: Run Behavior\ShowPageTraceBehavior [ RunTime:0.001000s ]
INFO: [ app_end ] --END-- [ RunTime:0.001000s ]

[ 2017-06-12T09:08:14+08:00 ] 127.0.0.1 /index.php/Admin/Goods/handel_group.html
INFO: [ app_begin ] --START--
INFO: Run Behavior\ReadHtmlCacheBehavior [ RunTime:0.000000s ]
INFO: [ app_begin ] --END-- [ RunTime:0.002001s ]
SQL: SHOW COLUMNS FROM `spec_items` [ RunTime:0.0010s ]
SQL: SELECT * FROM `spec_items` WHERE `id` IN ('343','342','346','344')  [ RunTime:0.0000s ]
SQL: SHOW COLUMNS FROM `spec` [ RunTime:0.0000s ]
SQL: SELECT * FROM `spec` WHERE `id` IN (61,62)  [ RunTime:0.0000s ]
NOTIC: [8] Use of undefined constant ￥ - assumed '￥' D:\wamp64\www\qiu\shop\Application\Admin\Controller\GoodsController.class.php 第 288 行.
NOTIC: [8] Use of undefined constant ￥ - assumed '￥' D:\wamp64\www\qiu\shop\Application\Admin\Controller\GoodsController.class.php 第 288 行.
NOTIC: [8] Use of undefined constant ￥ - assumed '￥' D:\wamp64\www\qiu\shop\Application\Admin\Controller\GoodsController.class.php 第 288 行.
NOTIC: [8] Use of undefined constant ￥ - assumed '￥' D:\wamp64\www\qiu\shop\Application\Admin\Controller\GoodsController.class.php 第 288 行.

[ 2017-06-12T09:17:26+08:00 ] 127.0.0.1 /index.php/Admin/Goods/upload.html
INFO: [ app_begin ] --START--
INFO: Run Behavior\ReadHtmlCacheBehavior [ RunTime:0.002000s ]
INFO: [ app_begin ] --END-- [ RunTime:0.002000s ]
NOTIC: [2] call_user_func() expects parameter 1 to be a valid callback, no array or string given D:\wamp64\www\qiu\shop\ThinkPHP\Library\Think\Upload.class.php 第 170 行.

[ 2017-06-12T09:17:26+08:00 ] 127.0.0.1 /index.php/Admin/Goods/upload.html
INFO: [ app_begin ] --START--
INFO: Run Behavior\ReadHtmlCacheBehavior [ RunTime:0.000000s ]
INFO: [ app_begin ] --END-- [ RunTime:0.001000s ]
NOTIC: [2] call_user_func() expects parameter 1 to be a valid callback, no array or string given D:\wamp64\www\qiu\shop\ThinkPHP\Library\Think\Upload.class.php 第 170 行.

[ 2017-06-12T09:17:26+08:00 ] 127.0.0.1 /index.php/Admin/Goods/upload.html
INFO: [ app_begin ] --START--
INFO: Run Behavior\ReadHtmlCacheBehavior [ RunTime:0.001000s ]
INFO: [ app_begin ] --END-- [ RunTime:0.002000s ]
NOTIC: [2] call_user_func() expects parameter 1 to be a valid callback, no array or string given D:\wamp64\www\qiu\shop\ThinkPHP\Library\Think\Upload.class.php 第 170 行.

[ 2017-06-12T09:17:28+08:00 ] 127.0.0.1 /index.php/Admin/Goods/add_spec.html
INFO: [ app_begin ] --START--
INFO: Run Behavior\ReadHtmlCacheBehavior [ RunTime:0.001000s ]
INFO: [ app_begin ] --END-- [ RunTime:0.002000s ]
SQL: SHOW COLUMNS FROM `goods_type` [ RunTime:0.0010s ]
SQL: SELECT * FROM `goods_type`  [ RunTime:0.0000s ]
SQL: SHOW COLUMNS FROM `spec` [ RunTime:0.0010s ]
SQL: SELECT * FROM `spec` WHERE `type_id` = 4  [ RunTime:0.0010s ]
SQL: SHOW COLUMNS FROM `spec_items` [ RunTime:0.0010s ]
SQL: SELECT `id`,`item` FROM `spec_items` WHERE ( 1=1 AND spec_id='61' )  [ RunTime:0.0000s ]
SQL: SELECT `id`,`item` FROM `spec_items` WHERE ( 1=1 AND spec_id='62' )  [ RunTime:0.0000s ]
SQL: SELECT * FROM `spec` WHERE `type_id` = 3  [ RunTime:0.0000s ]
SQL: SELECT * FROM `spec` WHERE `type_id` = 5  [ RunTime:0.0000s ]
INFO: [ view_parse ] --START--
INFO: [ template_filter ] --START--
INFO: Run Behavior\ContentReplaceBehavior [ RunTime:0.000000s ]
INFO: [ template_filter ] --END-- [ RunTime:0.000000s ]
INFO: Run Behavior\ParseTemplateBehavior [ RunTime:0.021001s ]
INFO: [ view_parse ] --END-- [ RunTime:0.021001s ]
INFO: [ view_filter ] --START--
INFO: Run Behavior\WriteHtmlCacheBehavior [ RunTime:0.001000s ]
INFO: [ view_filter ] --END-- [ RunTime:0.001000s ]
INFO: [ app_end ] --START--
INFO: Run Behavior\ShowPageTraceBehavior [ RunTime:0.001000s ]
INFO: [ app_end ] --END-- [ RunTime:0.001000s ]

[ 2017-06-12T09:17:32+08:00 ] 127.0.0.1 /index.php/Admin/Goods/handel_group.html
INFO: [ app_begin ] --START--
INFO: Run Behavior\ReadHtmlCacheBehavior [ RunTime:0.002001s ]
INFO: [ app_begin ] --END-- [ RunTime:0.003001s ]
SQL: SHOW COLUMNS FROM `spec_items` [ RunTime:0.0010s ]
SQL: SELECT * FROM `spec_items` WHERE `id` IN ('343','346')  [ RunTime:0.0010s ]
SQL: SHOW COLUMNS FROM `spec` [ RunTime:0.0000s ]
SQL: SELECT * FROM `spec` WHERE `id` IN (61,62)  [ RunTime:0.0000s ]
NOTIC: [8] Use of undefined constant ￥ - assumed '￥' D:\wamp64\www\qiu\shop\Application\Admin\Controller\GoodsController.class.php 第 293 行.

[ 2017-06-12T09:21:22+08:00 ] 127.0.0.1 /index.php/Admin/Goods/edit/id/55.html
ERR: 1064:You have an error in your SQL syntax; check the manual that corresponds to your MySQL server version for the right syntax to use near ')' at line 1
 [ SQL语句 ] : SELECT * FROM `spec_items` WHERE `id` IN () 

[ 2017-06-12T09:27:03+08:00 ] 127.0.0.1 /index.php/Admin/Goods/upload.html
INFO: [ app_begin ] --START--
INFO: Run Behavior\ReadHtmlCacheBehavior [ RunTime:0.002000s ]
INFO: [ app_begin ] --END-- [ RunTime:0.003000s ]
NOTIC: [2] call_user_func() expects parameter 1 to be a valid callback, no array or string given D:\wamp64\www\qiu\shop\ThinkPHP\Library\Think\Upload.class.php 第 170 行.

[ 2017-06-12T09:27:04+08:00 ] 127.0.0.1 /index.php/Admin/Goods/add_spec.html
INFO: [ app_begin ] --START--
INFO: Run Behavior\ReadHtmlCacheBehavior [ RunTime:0.001000s ]
INFO: [ app_begin ] --END-- [ RunTime:0.001000s ]
SQL: SHOW COLUMNS FROM `goods_type` [ RunTime:0.0010s ]
SQL: SELECT * FROM `goods_type`  [ RunTime:0.0010s ]
SQL: SHOW COLUMNS FROM `spec` [ RunTime:0.0010s ]
SQL: SELECT * FROM `spec` WHERE `type_id` = 4  [ RunTime:0.0010s ]
SQL: SHOW COLUMNS FROM `spec_items` [ RunTime:0.0000s ]
SQL: SELECT `id`,`item` FROM `spec_items` WHERE ( 1=1 AND spec_id='61' )  [ RunTime:0.0000s ]
SQL: SELECT `id`,`item` FROM `spec_items` WHERE ( 1=1 AND spec_id='62' )  [ RunTime:0.0000s ]
SQL: SELECT * FROM `spec` WHERE `type_id` = 3  [ RunTime:0.0000s ]
SQL: SELECT * FROM `spec` WHERE `type_id` = 5  [ RunTime:0.0000s ]
INFO: [ view_parse ] --START--
INFO: [ template_filter ] --START--
INFO: Run Behavior\ContentReplaceBehavior [ RunTime:0.000000s ]
INFO: [ template_filter ] --END-- [ RunTime:0.000000s ]
INFO: Run Behavior\ParseTemplateBehavior [ RunTime:0.018001s ]
INFO: [ view_parse ] --END-- [ RunTime:0.019001s ]
INFO: [ view_filter ] --START--
INFO: Run Behavior\WriteHtmlCacheBehavior [ RunTime:0.001000s ]
INFO: [ view_filter ] --END-- [ RunTime:0.001000s ]
INFO: [ app_end ] --START--
INFO: Run Behavior\ShowPageTraceBehavior [ RunTime:0.001000s ]
INFO: [ app_end ] --END-- [ RunTime:0.001000s ]

[ 2017-06-12T09:27:07+08:00 ] 127.0.0.1 /index.php/Admin/Goods/handel_group.html
INFO: [ app_begin ] --START--
INFO: Run Behavior\ReadHtmlCacheBehavior [ RunTime:0.001000s ]
INFO: [ app_begin ] --END-- [ RunTime:0.001000s ]
SQL: SHOW COLUMNS FROM `spec_items` [ RunTime:0.0010s ]
SQL: SELECT * FROM `spec_items` WHERE `id` IN ('343','346')  [ RunTime:0.0010s ]
SQL: SHOW COLUMNS FROM `spec` [ RunTime:0.0010s ]
SQL: SELECT * FROM `spec` WHERE `id` IN (61,62)  [ RunTime:0.0010s ]
NOTIC: [8] Use of undefined constant ￥ - assumed '￥' D:\wamp64\www\qiu\shop\Application\Admin\Controller\GoodsController.class.php 第 295 行.

[ 2017-06-12T09:29:11+08:00 ] 127.0.0.1 /index.php/Admin/Goods/upload.html
INFO: [ app_begin ] --START--
INFO: Run Behavior\ReadHtmlCacheBehavior [ RunTime:0.000000s ]
INFO: [ app_begin ] --END-- [ RunTime:0.002000s ]
NOTIC: [2] call_user_func() expects parameter 1 to be a valid callback, no array or string given D:\wamp64\www\qiu\shop\ThinkPHP\Library\Think\Upload.class.php 第 170 行.

[ 2017-06-12T09:29:12+08:00 ] 127.0.0.1 /index.php/Admin/Goods/add_spec.html
INFO: [ app_begin ] --START--
INFO: Run Behavior\ReadHtmlCacheBehavior [ RunTime:0.001000s ]
INFO: [ app_begin ] --END-- [ RunTime:0.001000s ]
SQL: SHOW COLUMNS FROM `goods_type` [ RunTime:0.0010s ]
SQL: SELECT * FROM `goods_type`  [ RunTime:0.0000s ]
SQL: SHOW COLUMNS FROM `spec` [ RunTime:0.0000s ]
SQL: SELECT * FROM `spec` WHERE `type_id` = 4  [ RunTime:0.0000s ]
SQL: SHOW COLUMNS FROM `spec_items` [ RunTime:0.0010s ]
SQL: SELECT `id`,`item` FROM `spec_items` WHERE ( 1=1 AND spec_id='61' )  [ RunTime:0.0000s ]
SQL: SELECT `id`,`item` FROM `spec_items` WHERE ( 1=1 AND spec_id='62' )  [ RunTime:0.0000s ]
SQL: SELECT * FROM `spec` WHERE `type_id` = 3  [ RunTime:0.0000s ]
SQL: SELECT * FROM `spec` WHERE `type_id` = 5  [ RunTime:0.0010s ]
INFO: [ view_parse ] --START--
INFO: [ template_filter ] --START--
INFO: Run Behavior\ContentReplaceBehavior [ RunTime:0.000000s ]
INFO: [ template_filter ] --END-- [ RunTime:0.000000s ]
INFO: Run Behavior\ParseTemplateBehavior [ RunTime:0.019002s ]
INFO: [ view_parse ] --END-- [ RunTime:0.020002s ]
INFO: [ view_filter ] --START--
INFO: Run Behavior\WriteHtmlCacheBehavior [ RunTime:0.000000s ]
INFO: [ view_filter ] --END-- [ RunTime:0.001000s ]
INFO: [ app_end ] --START--
INFO: Run Behavior\ShowPageTraceBehavior [ RunTime:0.001000s ]
INFO: [ app_end ] --END-- [ RunTime:0.001000s ]

[ 2017-06-12T09:29:15+08:00 ] 127.0.0.1 /index.php/Admin/Goods/handel_group.html
INFO: [ app_begin ] --START--
INFO: Run Behavior\ReadHtmlCacheBehavior [ RunTime:0.001000s ]
INFO: [ app_begin ] --END-- [ RunTime:0.001000s ]
SQL: SHOW COLUMNS FROM `spec_items` [ RunTime:0.0010s ]
SQL: SELECT * FROM `spec_items` WHERE `id` IN ('342','344')  [ RunTime:0.0000s ]
SQL: SHOW COLUMNS FROM `spec` [ RunTime:0.0000s ]
SQL: SELECT * FROM `spec` WHERE `id` IN (61,62)  [ RunTime:0.0000s ]
NOTIC: [8] Use of undefined constant ￥ - assumed '￥' D:\wamp64\www\qiu\shop\Application\Admin\Controller\GoodsController.class.php 第 296 行.

[ 2017-06-12T09:34:49+08:00 ] 127.0.0.1 /index.php/Admin/Goods/upload.html
INFO: [ app_begin ] --START--
INFO: Run Behavior\ReadHtmlCacheBehavior [ RunTime:0.001000s ]
INFO: [ app_begin ] --END-- [ RunTime:0.001000s ]
NOTIC: [2] call_user_func() expects parameter 1 to be a valid callback, no array or string given D:\wamp64\www\qiu\shop\ThinkPHP\Library\Think\Upload.class.php 第 170 行.

[ 2017-06-12T09:34:50+08:00 ] 127.0.0.1 /index.php/Admin/Goods/add_spec.html
INFO: [ app_begin ] --START--
INFO: Run Behavior\ReadHtmlCacheBehavior [ RunTime:0.002001s ]
INFO: [ app_begin ] --END-- [ RunTime:0.003001s ]
SQL: SHOW COLUMNS FROM `goods_type` [ RunTime:0.0010s ]
SQL: SELECT * FROM `goods_type`  [ RunTime:0.0010s ]
SQL: SHOW COLUMNS FROM `spec` [ RunTime:0.0000s ]
SQL: SELECT * FROM `spec` WHERE `type_id` = 4  [ RunTime:0.0000s ]
SQL: SHOW COLUMNS FROM `spec_items` [ RunTime:0.0000s ]
SQL: SELECT `id`,`item` FROM `spec_items` WHERE ( 1=1 AND spec_id='61' )  [ RunTime:0.0000s ]
SQL: SELECT `id`,`item` FROM `spec_items` WHERE ( 1=1 AND spec_id='62' )  [ RunTime:0.0000s ]
SQL: SELECT * FROM `spec` WHERE `type_id` = 3  [ RunTime:0.0000s ]
SQL: SELECT * FROM `spec` WHERE `type_id` = 5  [ RunTime:0.0000s ]
INFO: [ view_parse ] --START--
INFO: [ template_filter ] --START--
INFO: Run Behavior\ContentReplaceBehavior [ RunTime:0.001000s ]
INFO: [ template_filter ] --END-- [ RunTime:0.001000s ]
INFO: Run Behavior\ParseTemplateBehavior [ RunTime:0.019001s ]
INFO: [ view_parse ] --END-- [ RunTime:0.020001s ]
INFO: [ view_filter ] --START--
INFO: Run Behavior\WriteHtmlCacheBehavior [ RunTime:0.001000s ]
INFO: [ view_filter ] --END-- [ RunTime:0.001000s ]
INFO: [ app_end ] --START--
INFO: Run Behavior\ShowPageTraceBehavior [ RunTime:0.002000s ]
INFO: [ app_end ] --END-- [ RunTime:0.002000s ]

[ 2017-06-12T09:34:53+08:00 ] 127.0.0.1 /index.php/Admin/Goods/handel_group.html
INFO: [ app_begin ] --START--
INFO: Run Behavior\ReadHtmlCacheBehavior [ RunTime:0.001000s ]
INFO: [ app_begin ] --END-- [ RunTime:0.002000s ]
SQL: SHOW COLUMNS FROM `spec_items` [ RunTime:0.0000s ]
SQL: SELECT * FROM `spec_items` WHERE `id` IN ('343','346')  [ RunTime:0.0010s ]
SQL: SHOW COLUMNS FROM `spec` [ RunTime:0.0000s ]
SQL: SELECT * FROM `spec` WHERE `id` IN (61,62)  [ RunTime:0.0000s ]

[ 2017-06-12T10:17:06+08:00 ] 127.0.0.1 /index.php/Admin/Goods/upload.html
INFO: [ app_begin ] --START--
INFO: Run Behavior\ReadHtmlCacheBehavior [ RunTime:0.001000s ]
INFO: [ app_begin ] --END-- [ RunTime:0.001000s ]
NOTIC: [2] call_user_func() expects parameter 1 to be a valid callback, no array or string given D:\wamp64\www\qiu\shop\ThinkPHP\Library\Think\Upload.class.php 第 170 行.

[ 2017-06-12T10:17:06+08:00 ] 127.0.0.1 /index.php/Admin/Goods/upload.html
INFO: [ app_begin ] --START--
INFO: Run Behavior\ReadHtmlCacheBehavior [ RunTime:0.013000s ]
INFO: [ app_begin ] --END-- [ RunTime:0.014000s ]
NOTIC: [2] call_user_func() expects parameter 1 to be a valid callback, no array or string given D:\wamp64\www\qiu\shop\ThinkPHP\Library\Think\Upload.class.php 第 170 行.

[ 2017-06-12T10:17:25+08:00 ] 127.0.0.1 /index.php/Admin/Goods/upload.html
INFO: [ app_begin ] --START--
INFO: Run Behavior\ReadHtmlCacheBehavior [ RunTime:0.001000s ]
INFO: [ app_begin ] --END-- [ RunTime:0.002000s ]
NOTIC: [2] call_user_func() expects parameter 1 to be a valid callback, no array or string given D:\wamp64\www\qiu\shop\ThinkPHP\Library\Think\Upload.class.php 第 170 行.

[ 2017-06-12T10:17:25+08:00 ] 127.0.0.1 /index.php/Admin/Goods/upload.html
INFO: [ app_begin ] --START--
INFO: Run Behavior\ReadHtmlCacheBehavior [ RunTime:0.003000s ]
INFO: [ app_begin ] --END-- [ RunTime:0.004000s ]
NOTIC: [2] call_user_func() expects parameter 1 to be a valid callback, no array or string given D:\wamp64\www\qiu\shop\ThinkPHP\Library\Think\Upload.class.php 第 170 行.

[ 2017-06-12T10:34:53+08:00 ] 127.0.0.1 /index.php/Admin/Goods/edit/id/69.html
ERR: 1054:Unknown column 'goods_id' in 'field list'
 [ SQL语句 ] : INSERT INTO `goods` (`goods_id`,`spec_price`,`spec_key`) VALUES ('69','13.00',NULL)

[ 2017-06-12T10:35:01+08:00 ] 127.0.0.1 /index.php/Admin/Goods/edit/id/69.html
ERR: 1054:Unknown column 'goods_id' in 'field list'
 [ SQL语句 ] : INSERT INTO `goods` (`goods_id`,`spec_price`,`spec_key`) VALUES ('69','13.00',NULL)

[ 2017-06-12T10:36:05+08:00 ] 127.0.0.1 /index.php/Admin/Goods/edit/id/69.html
ERR: 1054:Unknown column 'goods_id' in 'field list'
 [ SQL语句 ] : INSERT INTO `goods` (`goods_id`,`spec_price`,`spec_key`) VALUES ('69','13.00',NULL)

[ 2017-06-12T10:37:30+08:00 ] 127.0.0.1 /index.php/Admin/Goods/edit/id/69.html
ERR: 1054:Unknown column 'goods_id' in 'field list'
 [ SQL语句 ] : INSERT INTO `goods` (`goods_id`,`spec_price`,`spec_key`) VALUES ('69','13.00',NULL)

[ 2017-06-12T10:37:42+08:00 ] 127.0.0.1 /index.php/Admin/Goods/edit/id/69.html
ERR: 1054:Unknown column 'goods_id' in 'field list'
 [ SQL语句 ] : INSERT INTO `goods` (`goods_id`,`spec_price`,`spec_key`) VALUES ('69','13.00','343,346')

[ 2017-06-12T10:37:52+08:00 ] 127.0.0.1 /index.php/Admin/Goods/edit/id/69.html
ERR: 1054:Unknown column 'goods_id' in 'field list'
 [ SQL语句 ] : INSERT INTO `goods` (`goods_id`,`spec_price`,`spec_key`) VALUES ('69','13.00','343,346')

[ 2017-06-12T10:37:58+08:00 ] 127.0.0.1 /index.php/Admin/Goods/edit/id/69.html
ERR: 1054:Unknown column 'goods_id' in 'field list'
 [ SQL语句 ] : INSERT INTO `goods` (`goods_id`,`spec_price`,`spec_key`) VALUES ('69','13.00','343,346')

[ 2017-06-12T10:38:17+08:00 ] 127.0.0.1 /index.php/Admin/Goods/upload.html
INFO: [ app_begin ] --START--
INFO: Run Behavior\ReadHtmlCacheBehavior [ RunTime:0.001000s ]
INFO: [ app_begin ] --END-- [ RunTime:0.002000s ]
NOTIC: [2] call_user_func() expects parameter 1 to be a valid callback, no array or string given D:\wamp64\www\qiu\shop\ThinkPHP\Library\Think\Upload.class.php 第 170 行.

[ 2017-06-12T10:38:17+08:00 ] 127.0.0.1 /index.php/Admin/Goods/upload.html
INFO: [ app_begin ] --START--
INFO: Run Behavior\ReadHtmlCacheBehavior [ RunTime:0.001000s ]
INFO: [ app_begin ] --END-- [ RunTime:0.001000s ]
NOTIC: [2] call_user_func() expects parameter 1 to be a valid callback, no array or string given D:\wamp64\www\qiu\shop\ThinkPHP\Library\Think\Upload.class.php 第 170 行.

[ 2017-06-12T10:38:18+08:00 ] 127.0.0.1 /index.php/Admin/Goods/add_spec.html
INFO: [ app_begin ] --START--
INFO: Run Behavior\ReadHtmlCacheBehavior [ RunTime:0.001000s ]
INFO: [ app_begin ] --END-- [ RunTime:0.002000s ]
SQL: SHOW COLUMNS FROM `goods_type` [ RunTime:0.0110s ]
SQL: SELECT * FROM `goods_type`  [ RunTime:0.0000s ]
SQL: SHOW COLUMNS FROM `spec` [ RunTime:0.0000s ]
SQL: SELECT * FROM `spec` WHERE `type_id` = 4  [ RunTime:0.0010s ]
SQL: SHOW COLUMNS FROM `spec_items` [ RunTime:0.0010s ]
SQL: SELECT `id`,`item` FROM `spec_items` WHERE ( 1=1 AND spec_id='61' )  [ RunTime:0.0000s ]
SQL: SELECT `id`,`item` FROM `spec_items` WHERE ( 1=1 AND spec_id='62' )  [ RunTime:0.0000s ]
SQL: SELECT * FROM `spec` WHERE `type_id` = 3  [ RunTime:0.0000s ]
SQL: SELECT * FROM `spec` WHERE `type_id` = 5  [ RunTime:0.0000s ]
INFO: [ view_parse ] --START--
INFO: [ template_filter ] --START--
INFO: Run Behavior\ContentReplaceBehavior [ RunTime:0.000000s ]
INFO: [ template_filter ] --END-- [ RunTime:0.000000s ]
INFO: Run Behavior\ParseTemplateBehavior [ RunTime:0.018002s ]
INFO: [ view_parse ] --END-- [ RunTime:0.018002s ]
INFO: [ view_filter ] --START--
INFO: Run Behavior\WriteHtmlCacheBehavior [ RunTime:0.001000s ]
INFO: [ view_filter ] --END-- [ RunTime:0.001000s ]
INFO: [ app_end ] --START--
INFO: Run Behavior\ShowPageTraceBehavior [ RunTime:0.001000s ]
INFO: [ app_end ] --END-- [ RunTime:0.001000s ]

[ 2017-06-12T10:38:22+08:00 ] 127.0.0.1 /index.php/Admin/Goods/handel_group.html
INFO: [ app_begin ] --START--
INFO: Run Behavior\ReadHtmlCacheBehavior [ RunTime:0.001000s ]
INFO: [ app_begin ] --END-- [ RunTime:0.002000s ]
SQL: SHOW COLUMNS FROM `spec_items` [ RunTime:0.0010s ]
SQL: SELECT * FROM `spec_items` WHERE `id` IN ('343','342','346')  [ RunTime:0.0000s ]
SQL: SHOW COLUMNS FROM `spec` [ RunTime:0.0010s ]
SQL: SELECT * FROM `spec` WHERE `id` IN (61,62)  [ RunTime:0.0000s ]

[ 2017-06-12T10:38:39+08:00 ] 127.0.0.1 /index.php/Admin/Goods/edit/id/70.html
ERR: 1054:Unknown column 'photo' in 'field list'
 [ SQL语句 ] : INSERT INTO `goods` (`photo`,`goods_id`) VALUES ('Public/Uploads/2017-06-09/5939fa4cdd7d0.jpg','70')

[ 2017-06-12T10:39:36+08:00 ] 127.0.0.1 /index.php/Admin/Goods/edit/id/70.html
ERR: 1054:Unknown column 'goods_id' in 'field list'
 [ SQL语句 ] : INSERT INTO `goods` (`goods_id`,`spec_price`,`spec_key`) VALUES ('70','13.00','343,346'),('70','13.00','342,346')

[ 2017-06-12T10:54:40+08:00 ] 127.0.0.1 /index.php/Admin/Goods/edit/id/70.html
ERR: 1054:Unknown column 'photo' in 'field list'
 [ SQL语句 ] : INSERT INTO `goods` (`photo`,`goods_id`) VALUES ('Public/Uploads/2017-06-09/5939fa4cdd7d0.jpg','70')

[ 2017-06-12T10:55:05+08:00 ] 127.0.0.1 /index.php/Admin/Goods/upload.html
INFO: [ app_begin ] --START--
INFO: Run Behavior\ReadHtmlCacheBehavior [ RunTime:0.001000s ]
INFO: [ app_begin ] --END-- [ RunTime:0.001000s ]
NOTIC: [2] call_user_func() expects parameter 1 to be a valid callback, no array or string given D:\wamp64\www\qiu\shop\ThinkPHP\Library\Think\Upload.class.php 第 170 行.

[ 2017-06-12T10:55:05+08:00 ] 127.0.0.1 /index.php/Admin/Goods/upload.html
INFO: [ app_begin ] --START--
INFO: Run Behavior\ReadHtmlCacheBehavior [ RunTime:0.001000s ]
INFO: [ app_begin ] --END-- [ RunTime:0.002000s ]
NOTIC: [2] call_user_func() expects parameter 1 to be a valid callback, no array or string given D:\wamp64\www\qiu\shop\ThinkPHP\Library\Think\Upload.class.php 第 170 行.

[ 2017-06-12T10:55:05+08:00 ] 127.0.0.1 /index.php/Admin/Goods/upload.html
INFO: [ app_begin ] --START--
INFO: Run Behavior\ReadHtmlCacheBehavior [ RunTime:0.001000s ]
INFO: [ app_begin ] --END-- [ RunTime:0.002000s ]
NOTIC: [2] call_user_func() expects parameter 1 to be a valid callback, no array or string given D:\wamp64\www\qiu\shop\ThinkPHP\Library\Think\Upload.class.php 第 170 行.

[ 2017-06-12T10:55:06+08:00 ] 127.0.0.1 /index.php/Admin/Goods/add_spec.html
INFO: [ app_begin ] --START--
INFO: Run Behavior\ReadHtmlCacheBehavior [ RunTime:0.002000s ]
INFO: [ app_begin ] --END-- [ RunTime:0.003000s ]
SQL: SHOW COLUMNS FROM `goods_type` [ RunTime:0.0120s ]
SQL: SELECT * FROM `goods_type`  [ RunTime:0.0000s ]
SQL: SHOW COLUMNS FROM `spec` [ RunTime:0.0010s ]
SQL: SELECT * FROM `spec` WHERE `type_id` = 4  [ RunTime:0.0000s ]
SQL: SHOW COLUMNS FROM `spec_items` [ RunTime:0.0000s ]
SQL: SELECT `id`,`item` FROM `spec_items` WHERE ( 1=1 AND spec_id='61' )  [ RunTime:0.0000s ]
SQL: SELECT `id`,`item` FROM `spec_items` WHERE ( 1=1 AND spec_id='62' )  [ RunTime:0.0000s ]
SQL: SELECT * FROM `spec` WHERE `type_id` = 3  [ RunTime:0.0000s ]
SQL: SELECT * FROM `spec` WHERE `type_id` = 5  [ RunTime:0.0000s ]
INFO: [ view_parse ] --START--
INFO: [ template_filter ] --START--
INFO: Run Behavior\ContentReplaceBehavior [ RunTime:0.000000s ]
INFO: [ template_filter ] --END-- [ RunTime:0.000000s ]
INFO: Run Behavior\ParseTemplateBehavior [ RunTime:0.019001s ]
INFO: [ view_parse ] --END-- [ RunTime:0.019001s ]
INFO: [ view_filter ] --START--
INFO: Run Behavior\WriteHtmlCacheBehavior [ RunTime:0.001000s ]
INFO: [ view_filter ] --END-- [ RunTime:0.001000s ]
INFO: [ app_end ] --START--
INFO: Run Behavior\ShowPageTraceBehavior [ RunTime:0.001000s ]
INFO: [ app_end ] --END-- [ RunTime:0.001000s ]

[ 2017-06-12T10:55:09+08:00 ] 127.0.0.1 /index.php/Admin/Goods/handel_group.html
INFO: [ app_begin ] --START--
INFO: Run Behavior\ReadHtmlCacheBehavior [ RunTime:0.001000s ]
INFO: [ app_begin ] --END-- [ RunTime:0.001000s ]
SQL: SHOW COLUMNS FROM `spec_items` [ RunTime:0.0010s ]
SQL: SELECT * FROM `spec_items` WHERE `id` IN ('343','342','346')  [ RunTime:0.0000s ]
SQL: SHOW COLUMNS FROM `spec` [ RunTime:0.0010s ]
SQL: SELECT * FROM `spec` WHERE `id` IN (61,62)  [ RunTime:0.0010s ]

[ 2017-06-12T10:55:32+08:00 ] 127.0.0.1 /index.php/Admin/Goods/edit/id/71.html
ERR: 1054:Unknown column 'photo' in 'field list'
 [ SQL语句 ] : INSERT INTO `goods` (`photo`,`goods_id`) VALUES ('Public/Uploads/2017-06-09/5939fa4cdd7d0.jpg','71')

[ 2017-06-12T10:56:42+08:00 ] 127.0.0.1 /index.php/Admin/Goods/edit/id/71.html
ERR: 1054:Unknown column 'photo' in 'field list'
 [ SQL语句 ] : INSERT INTO `goods` (`photo`,`goods_id`) VALUES ('Public/Uploads/2017-06-09/5939fa4cdd7d0.jpg','71')

[ 2017-06-12T10:56:50+08:00 ] 127.0.0.1 /index.php/Admin/Goods/edit/id/71.html
ERR: 1054:Unknown column 'goods_id' in 'field list'
 [ SQL语句 ] : INSERT INTO `goods` (`goods_id`,`spec_price`,`spec_key`) VALUES ('71','132.00','343,346'),('71','132.00','342,346')

[ 2017-06-12T10:57:45+08:00 ] 127.0.0.1 /index.php/Admin/Goods/edit/id/71.html
ERR: 1054:Unknown column 'goods_id' in 'field list'
 [ SQL语句 ] : INSERT INTO `goods` (`goods_id`,`spec_price`,`spec_key`) VALUES ('71','132.00','343,346'),('71','132.00','342,346')

[ 2017-06-12T10:58:30+08:00 ] 127.0.0.1 /index.php/Admin/Goods/edit/id/71.html
ERR: 1054:Unknown column 'goods_id' in 'field list'
 [ SQL语句 ] : INSERT INTO `goods` (`goods_id`,`spec_price`,`spec_key`) VALUES ('71','132.00','343,346'),('71','132.00','342,346')

[ 2017-06-12T10:59:24+08:00 ] 127.0.0.1 /index.php/Admin/Goods/edit/id/71.html
ERR: 1054:Unknown column 'goods_id' in 'field list'
 [ SQL语句 ] : INSERT INTO `goods` (`goods_id`,`spec_price`,`spec_key`) VALUES ('71','132.00','343,346'),('71','132.00','342,346')

[ 2017-06-12T10:59:52+08:00 ] 127.0.0.1 /index.php/Admin/Goods/edit/id/71.html
ERR: 1054:Unknown column 'goods_id' in 'field list'
 [ SQL语句 ] : INSERT INTO `goods` (`goods_id`,`spec_price`,`spec_key`) VALUES ('71','132.00','343,346'),('71','132.00','342,346')

[ 2017-06-12T10:59:58+08:00 ] 127.0.0.1 /index.php/Admin/Goods/edit/id/71.html
ERR: 1064:You have an error in your SQL syntax; check the manual that corresponds to your MySQL server version for the right syntax to use near ')' at line 1
 [ SQL语句 ] : SELECT * FROM `spec_items` WHERE `id` IN () 

[ 2017-06-12T11:00:31+08:00 ] 127.0.0.1 /index.php/Admin/Goods/edit/id/71.html
ERR: 1064:You have an error in your SQL syntax; check the manual that corresponds to your MySQL server version for the right syntax to use near ')' at line 1
 [ SQL语句 ] : SELECT * FROM `spec_items` WHERE `id` IN () 

[ 2017-06-12T11:00:33+08:00 ] 127.0.0.1 /index.php/Admin/Goods/edit/id/71.html
ERR: 1064:You have an error in your SQL syntax; check the manual that corresponds to your MySQL server version for the right syntax to use near ')' at line 1
 [ SQL语句 ] : SELECT * FROM `spec_items` WHERE `id` IN () 

[ 2017-06-12T11:00:56+08:00 ] 127.0.0.1 /index.php/Admin/Goods/edit/id/71.html
ERR: 1064:You have an error in your SQL syntax; check the manual that corresponds to your MySQL server version for the right syntax to use near ')' at line 1
 [ SQL语句 ] : SELECT * FROM `spec_items` WHERE `id` IN () 

[ 2017-06-12T11:01:27+08:00 ] 127.0.0.1 /index.php/Admin/Goods/edit/id/71.html
ERR: 1064:You have an error in your SQL syntax; check the manual that corresponds to your MySQL server version for the right syntax to use near ')' at line 1
 [ SQL语句 ] : SELECT * FROM `spec_items` WHERE `id` IN () 

[ 2017-06-12T11:01:30+08:00 ] 127.0.0.1 /index.php/Admin/Goods/edit/id/71.html
ERR: 1064:You have an error in your SQL syntax; check the manual that corresponds to your MySQL server version for the right syntax to use near ')' at line 1
 [ SQL语句 ] : SELECT * FROM `spec_items` WHERE `id` IN () 

[ 2017-06-12T11:01:41+08:00 ] 127.0.0.1 /index.php/Admin/Goods/edit/id/71.html
ERR: 1064:You have an error in your SQL syntax; check the manual that corresponds to your MySQL server version for the right syntax to use near ')' at line 1
 [ SQL语句 ] : SELECT * FROM `spec_items` WHERE `id` IN () 

[ 2017-06-12T11:01:54+08:00 ] 127.0.0.1 /index.php/Admin/Goods/edit/id/71.html
ERR: 1064:You have an error in your SQL syntax; check the manual that corresponds to your MySQL server version for the right syntax to use near ')' at line 1
 [ SQL语句 ] : SELECT * FROM `spec_items` WHERE `id` IN () 

[ 2017-06-12T11:02:09+08:00 ] 127.0.0.1 /index.php/Admin/Goods/edit/id/71.html
ERR: 1064:You have an error in your SQL syntax; check the manual that corresponds to your MySQL server version for the right syntax to use near ')' at line 1
 [ SQL语句 ] : SELECT * FROM `spec_items` WHERE `id` IN () 

[ 2017-06-12T11:02:25+08:00 ] 127.0.0.1 /index.php/Admin/Goods/edit/id/71.html
ERR: 1064:You have an error in your SQL syntax; check the manual that corresponds to your MySQL server version for the right syntax to use near ')' at line 1
 [ SQL语句 ] : SELECT * FROM `spec_items` WHERE `id` IN () 

[ 2017-06-12T11:02:50+08:00 ] 127.0.0.1 /index.php/Admin/Goods/edit/id/71.html
ERR: 1064:You have an error in your SQL syntax; check the manual that corresponds to your MySQL server version for the right syntax to use near ')' at line 1
 [ SQL语句 ] : SELECT * FROM `spec_items` WHERE `id` IN () 

[ 2017-06-12T11:02:52+08:00 ] 127.0.0.1 /index.php/Admin/Goods/edit/id/71.html
ERR: 1064:You have an error in your SQL syntax; check the manual that corresponds to your MySQL server version for the right syntax to use near ')' at line 1
 [ SQL语句 ] : SELECT * FROM `spec_items` WHERE `id` IN () 

[ 2017-06-12T11:03:13+08:00 ] 127.0.0.1 /index.php/Admin/Goods/edit/id/71.html
ERR: 1064:You have an error in your SQL syntax; check the manual that corresponds to your MySQL server version for the right syntax to use near ')' at line 1
 [ SQL语句 ] : SELECT * FROM `spec_items` WHERE `id` IN () 

[ 2017-06-12T11:03:22+08:00 ] 127.0.0.1 /index.php/Admin/Goods/edit/id/71.html
ERR: 1064:You have an error in your SQL syntax; check the manual that corresponds to your MySQL server version for the right syntax to use near ')' at line 1
 [ SQL语句 ] : SELECT * FROM `spec_items` WHERE `id` IN () 

[ 2017-06-12T11:03:36+08:00 ] 127.0.0.1 /index.php/Admin/Goods/edit/id/71.html
ERR: 1064:You have an error in your SQL syntax; check the manual that corresponds to your MySQL server version for the right syntax to use near ')' at line 1
 [ SQL语句 ] : SELECT * FROM `spec_items` WHERE `id` IN () 

[ 2017-06-12T11:03:42+08:00 ] 127.0.0.1 /index.php/Admin/Goods/edit/id/71.html
ERR: 1064:You have an error in your SQL syntax; check the manual that corresponds to your MySQL server version for the right syntax to use near ')' at line 1
 [ SQL语句 ] : SELECT * FROM `spec_items` WHERE `id` IN () 

[ 2017-06-12T11:03:50+08:00 ] 127.0.0.1 /index.php/Admin/Goods/edit/id/71.html
ERR: 1064:You have an error in your SQL syntax; check the manual that corresponds to your MySQL server version for the right syntax to use near ')' at line 1
 [ SQL语句 ] : SELECT * FROM `spec_items` WHERE `id` IN () 

[ 2017-06-12T11:04:39+08:00 ] 127.0.0.1 /index.php/Admin/Goods/edit/id/71.html
ERR: 1064:You have an error in your SQL syntax; check the manual that corresponds to your MySQL server version for the right syntax to use near ')' at line 1
 [ SQL语句 ] : SELECT * FROM `spec_items` WHERE `id` IN () 

[ 2017-06-12T11:04:41+08:00 ] 127.0.0.1 /index.php/Admin/Goods/edit/id/71.html
ERR: 1064:You have an error in your SQL syntax; check the manual that corresponds to your MySQL server version for the right syntax to use near ')' at line 1
 [ SQL语句 ] : SELECT * FROM `spec_items` WHERE `id` IN () 

[ 2017-06-12T11:04:56+08:00 ] 127.0.0.1 /index.php/Admin/Goods/upload.html
INFO: [ app_begin ] --START--
INFO: Run Behavior\ReadHtmlCacheBehavior [ RunTime:0.002000s ]
INFO: [ app_begin ] --END-- [ RunTime:0.002000s ]
NOTIC: [2] call_user_func() expects parameter 1 to be a valid callback, no array or string given D:\wamp64\www\qiu\shop\ThinkPHP\Library\Think\Upload.class.php 第 170 行.

[ 2017-06-12T11:04:56+08:00 ] 127.0.0.1 /index.php/Admin/Goods/upload.html
INFO: [ app_begin ] --START--
INFO: Run Behavior\ReadHtmlCacheBehavior [ RunTime:0.001000s ]
INFO: [ app_begin ] --END-- [ RunTime:0.001000s ]
NOTIC: [2] call_user_func() expects parameter 1 to be a valid callback, no array or string given D:\wamp64\www\qiu\shop\ThinkPHP\Library\Think\Upload.class.php 第 170 行.

[ 2017-06-12T11:04:57+08:00 ] 127.0.0.1 /index.php/Admin/Goods/add_spec.html
INFO: [ app_begin ] --START--
INFO: Run Behavior\ReadHtmlCacheBehavior [ RunTime:0.002000s ]
INFO: [ app_begin ] --END-- [ RunTime:0.002000s ]
SQL: SHOW COLUMNS FROM `goods_type` [ RunTime:0.0010s ]
SQL: SELECT * FROM `goods_type`  [ RunTime:0.0010s ]
SQL: SHOW COLUMNS FROM `spec` [ RunTime:0.0010s ]
SQL: SELECT * FROM `spec` WHERE `type_id` = 4  [ RunTime:0.0010s ]
SQL: SHOW COLUMNS FROM `spec_items` [ RunTime:0.0010s ]
SQL: SELECT `id`,`item` FROM `spec_items` WHERE ( 1=1 AND spec_id='61' )  [ RunTime:0.0010s ]
SQL: SELECT `id`,`item` FROM `spec_items` WHERE ( 1=1 AND spec_id='62' )  [ RunTime:0.0010s ]
SQL: SELECT * FROM `spec` WHERE `type_id` = 3  [ RunTime:0.0010s ]
SQL: SELECT * FROM `spec` WHERE `type_id` = 5  [ RunTime:0.0000s ]
INFO: [ view_parse ] --START--
INFO: [ template_filter ] --START--
INFO: Run Behavior\ContentReplaceBehavior [ RunTime:0.000000s ]
INFO: [ template_filter ] --END-- [ RunTime:0.001000s ]
INFO: Run Behavior\ParseTemplateBehavior [ RunTime:0.019001s ]
INFO: [ view_parse ] --END-- [ RunTime:0.019001s ]
INFO: [ view_filter ] --START--
INFO: Run Behavior\WriteHtmlCacheBehavior [ RunTime:0.001000s ]
INFO: [ view_filter ] --END-- [ RunTime:0.001000s ]
INFO: [ app_end ] --START--
INFO: Run Behavior\ShowPageTraceBehavior [ RunTime:0.001000s ]
INFO: [ app_end ] --END-- [ RunTime:0.001000s ]

[ 2017-06-12T11:05:00+08:00 ] 127.0.0.1 /index.php/Admin/Goods/handel_group.html
INFO: [ app_begin ] --START--
INFO: Run Behavior\ReadHtmlCacheBehavior [ RunTime:0.002000s ]
INFO: [ app_begin ] --END-- [ RunTime:0.003000s ]
SQL: SHOW COLUMNS FROM `spec_items` [ RunTime:0.0010s ]
SQL: SELECT * FROM `spec_items` WHERE `id` IN ('343','346')  [ RunTime:0.0000s ]
SQL: SHOW COLUMNS FROM `spec` [ RunTime:0.0010s ]
SQL: SELECT * FROM `spec` WHERE `id` IN (61,62)  [ RunTime:0.0000s ]

[ 2017-06-12T11:05:14+08:00 ] 127.0.0.1 /index.php/Admin/Goods/edit/id/72.html
ERR: 1054:Unknown column 'photo' in 'field list'
 [ SQL语句 ] : INSERT INTO `goods` (`photo`,`goods_id`) VALUES ('Public/Uploads/2017-06-09/5939fa4cdd7d0.jpg','72')

[ 2017-06-12T11:13:12+08:00 ] 127.0.0.1 /index.php/Admin/Goods/edit/id/72.html
ERR: Think\Model:relation方法不存在！

[ 2017-06-12T11:15:22+08:00 ] 127.0.0.1 /index.php/Admin/Goods/upload.html
INFO: [ app_begin ] --START--
INFO: Run Behavior\ReadHtmlCacheBehavior [ RunTime:0.002000s ]
INFO: [ app_begin ] --END-- [ RunTime:0.002000s ]
NOTIC: [2] call_user_func() expects parameter 1 to be a valid callback, no array or string given D:\wamp64\www\qiu\shop\ThinkPHP\Library\Think\Upload.class.php 第 170 行.

[ 2017-06-12T11:15:22+08:00 ] 127.0.0.1 /index.php/Admin/Goods/upload.html
INFO: [ app_begin ] --START--
INFO: Run Behavior\ReadHtmlCacheBehavior [ RunTime:0.001000s ]
INFO: [ app_begin ] --END-- [ RunTime:0.002000s ]
NOTIC: [2] call_user_func() expects parameter 1 to be a valid callback, no array or string given D:\wamp64\www\qiu\shop\ThinkPHP\Library\Think\Upload.class.php 第 170 行.

[ 2017-06-12T11:17:41+08:00 ] 127.0.0.1 /index.php/Admin/Goods/upload.html
INFO: [ app_begin ] --START--
INFO: Run Behavior\ReadHtmlCacheBehavior [ RunTime:0.001000s ]
INFO: [ app_begin ] --END-- [ RunTime:0.002000s ]
NOTIC: [2] call_user_func() expects parameter 1 to be a valid callback, no array or string given D:\wamp64\www\qiu\shop\ThinkPHP\Library\Think\Upload.class.php 第 170 行.

[ 2017-06-12T11:17:41+08:00 ] 127.0.0.1 /index.php/Admin/Goods/upload.html
INFO: [ app_begin ] --START--
INFO: Run Behavior\ReadHtmlCacheBehavior [ RunTime:0.001000s ]
INFO: [ app_begin ] --END-- [ RunTime:0.002000s ]
NOTIC: [2] call_user_func() expects parameter 1 to be a valid callback, no array or string given D:\wamp64\www\qiu\shop\ThinkPHP\Library\Think\Upload.class.php 第 170 行.

[ 2017-06-12T11:17:41+08:00 ] 127.0.0.1 /index.php/Admin/Goods/upload.html
INFO: [ app_begin ] --START--
INFO: Run Behavior\ReadHtmlCacheBehavior [ RunTime:0.001000s ]
INFO: [ app_begin ] --END-- [ RunTime:0.002000s ]
NOTIC: [2] call_user_func() expects parameter 1 to be a valid callback, no array or string given D:\wamp64\www\qiu\shop\ThinkPHP\Library\Think\Upload.class.php 第 170 行.

[ 2017-06-12T11:17:42+08:00 ] 127.0.0.1 /index.php/Admin/Goods/add_spec.html
INFO: [ app_begin ] --START--
INFO: Run Behavior\ReadHtmlCacheBehavior [ RunTime:0.001000s ]
INFO: [ app_begin ] --END-- [ RunTime:0.002000s ]
SQL: SHOW COLUMNS FROM `goods_type` [ RunTime:0.0010s ]
SQL: SELECT * FROM `goods_type`  [ RunTime:0.0000s ]
SQL: SHOW COLUMNS FROM `spec` [ RunTime:0.0010s ]
SQL: SELECT * FROM `spec` WHERE `type_id` = 4  [ RunTime:0.0000s ]
SQL: SHOW COLUMNS FROM `spec_items` [ RunTime:0.0010s ]
SQL: SELECT `id`,`item` FROM `spec_items` WHERE ( 1=1 AND spec_id='61' )  [ RunTime:0.0010s ]
SQL: SELECT `id`,`item` FROM `spec_items` WHERE ( 1=1 AND spec_id='62' )  [ RunTime:0.0000s ]
SQL: SELECT * FROM `spec` WHERE `type_id` = 3  [ RunTime:0.0000s ]
SQL: SELECT * FROM `spec` WHERE `type_id` = 5  [ RunTime:0.0000s ]
INFO: [ view_parse ] --START--
INFO: [ template_filter ] --START--
INFO: Run Behavior\ContentReplaceBehavior [ RunTime:0.000000s ]
INFO: [ template_filter ] --END-- [ RunTime:0.000000s ]
INFO: Run Behavior\ParseTemplateBehavior [ RunTime:0.018001s ]
INFO: [ view_parse ] --END-- [ RunTime:0.018001s ]
INFO: [ view_filter ] --START--
INFO: Run Behavior\WriteHtmlCacheBehavior [ RunTime:0.000000s ]
INFO: [ view_filter ] --END-- [ RunTime:0.001000s ]
INFO: [ app_end ] --START--
INFO: Run Behavior\ShowPageTraceBehavior [ RunTime:0.001000s ]
INFO: [ app_end ] --END-- [ RunTime:0.001000s ]

[ 2017-06-12T11:17:45+08:00 ] 127.0.0.1 /index.php/Admin/Goods/handel_group.html
INFO: [ app_begin ] --START--
INFO: Run Behavior\ReadHtmlCacheBehavior [ RunTime:0.001000s ]
INFO: [ app_begin ] --END-- [ RunTime:0.002001s ]
SQL: SHOW COLUMNS FROM `spec_items` [ RunTime:0.0010s ]
SQL: SELECT * FROM `spec_items` WHERE `id` IN ('342','344')  [ RunTime:0.0010s ]
SQL: SHOW COLUMNS FROM `spec` [ RunTime:0.0010s ]
SQL: SELECT * FROM `spec` WHERE `id` IN (61,62)  [ RunTime:0.0010s ]

[ 2017-06-12T11:33:46+08:00 ] 127.0.0.1 /index.php/Admin/Goods/upload.html
INFO: [ app_begin ] --START--
INFO: Run Behavior\ReadHtmlCacheBehavior [ RunTime:0.002000s ]
INFO: [ app_begin ] --END-- [ RunTime:0.002000s ]
NOTIC: [2] call_user_func() expects parameter 1 to be a valid callback, no array or string given D:\wamp64\www\qiu\shop\ThinkPHP\Library\Think\Upload.class.php 第 170 行.

[ 2017-06-12T11:33:46+08:00 ] 127.0.0.1 /index.php/Admin/Goods/upload.html
INFO: [ app_begin ] --START--
INFO: Run Behavior\ReadHtmlCacheBehavior [ RunTime:0.001000s ]
INFO: [ app_begin ] --END-- [ RunTime:0.002000s ]
NOTIC: [2] call_user_func() expects parameter 1 to be a valid callback, no array or string given D:\wamp64\www\qiu\shop\ThinkPHP\Library\Think\Upload.class.php 第 170 行.

[ 2017-06-12T11:33:46+08:00 ] 127.0.0.1 /index.php/Admin/Goods/upload.html
INFO: [ app_begin ] --START--
INFO: Run Behavior\ReadHtmlCacheBehavior [ RunTime:0.001000s ]
INFO: [ app_begin ] --END-- [ RunTime:0.001000s ]
NOTIC: [2] call_user_func() expects parameter 1 to be a valid callback, no array or string given D:\wamp64\www\qiu\shop\ThinkPHP\Library\Think\Upload.class.php 第 170 行.

[ 2017-06-12T11:33:47+08:00 ] 127.0.0.1 /index.php/Admin/Goods/add_spec.html
INFO: [ app_begin ] --START--
INFO: Run Behavior\ReadHtmlCacheBehavior [ RunTime:0.001000s ]
INFO: [ app_begin ] --END-- [ RunTime:0.001000s ]
SQL: SHOW COLUMNS FROM `goods_type` [ RunTime:0.0010s ]
SQL: SELECT * FROM `goods_type`  [ RunTime:0.0010s ]
SQL: SHOW COLUMNS FROM `spec` [ RunTime:0.0000s ]
SQL: SELECT * FROM `spec` WHERE `type_id` = 4  [ RunTime:0.0000s ]
SQL: SHOW COLUMNS FROM `spec_items` [ RunTime:0.0000s ]
SQL: SELECT `id`,`item` FROM `spec_items` WHERE ( 1=1 AND spec_id='61' )  [ RunTime:0.0000s ]
SQL: SELECT `id`,`item` FROM `spec_items` WHERE ( 1=1 AND spec_id='62' )  [ RunTime:0.0000s ]
SQL: SELECT * FROM `spec` WHERE `type_id` = 3  [ RunTime:0.0000s ]
SQL: SELECT * FROM `spec` WHERE `type_id` = 5  [ RunTime:0.0000s ]
INFO: [ view_parse ] --START--
INFO: [ template_filter ] --START--
INFO: Run Behavior\ContentReplaceBehavior [ RunTime:0.000000s ]
INFO: [ template_filter ] --END-- [ RunTime:0.000000s ]
INFO: Run Behavior\ParseTemplateBehavior [ RunTime:0.020001s ]
INFO: [ view_parse ] --END-- [ RunTime:0.020001s ]
INFO: [ view_filter ] --START--
INFO: Run Behavior\WriteHtmlCacheBehavior [ RunTime:0.001000s ]
INFO: [ view_filter ] --END-- [ RunTime:0.001000s ]
INFO: [ app_end ] --START--
INFO: Run Behavior\ShowPageTraceBehavior [ RunTime:0.001001s ]
INFO: [ app_end ] --END-- [ RunTime:0.001001s ]

[ 2017-06-12T11:33:50+08:00 ] 127.0.0.1 /index.php/Admin/Goods/handel_group.html
INFO: [ app_begin ] --START--
INFO: Run Behavior\ReadHtmlCacheBehavior [ RunTime:0.001000s ]
INFO: [ app_begin ] --END-- [ RunTime:0.001000s ]
SQL: SHOW COLUMNS FROM `spec_items` [ RunTime:0.0000s ]
SQL: SELECT * FROM `spec_items` WHERE `id` IN ('344')  [ RunTime:0.0010s ]
SQL: SHOW COLUMNS FROM `spec` [ RunTime:0.0120s ]
SQL: SELECT * FROM `spec` WHERE `id` IN (62)  [ RunTime:0.0010s ]

[ 2017-06-12T11:40:07+08:00 ] 127.0.0.1 /index.php/Admin/Goods/add_spec.html
INFO: [ app_begin ] --START--
INFO: Run Behavior\ReadHtmlCacheBehavior [ RunTime:0.001000s ]
INFO: [ app_begin ] --END-- [ RunTime:0.001000s ]
SQL: SHOW COLUMNS FROM `goods_type` [ RunTime:0.0010s ]
SQL: SELECT * FROM `goods_type`  [ RunTime:0.0000s ]
SQL: SHOW COLUMNS FROM `spec` [ RunTime:0.0010s ]
SQL: SELECT * FROM `spec` WHERE `type_id` = 4  [ RunTime:0.0010s ]
SQL: SHOW COLUMNS FROM `spec_items` [ RunTime:0.0010s ]
SQL: SELECT `id`,`item` FROM `spec_items` WHERE ( 1=1 AND spec_id='61' )  [ RunTime:0.0000s ]
SQL: SELECT `id`,`item` FROM `spec_items` WHERE ( 1=1 AND spec_id='62' )  [ RunTime:0.0000s ]
SQL: SELECT * FROM `spec` WHERE `type_id` = 3  [ RunTime:0.0000s ]
SQL: SELECT * FROM `spec` WHERE `type_id` = 5  [ RunTime:0.0010s ]
INFO: [ view_parse ] --START--
INFO: [ template_filter ] --START--
INFO: Run Behavior\ContentReplaceBehavior [ RunTime:0.000000s ]
INFO: [ template_filter ] --END-- [ RunTime:0.000000s ]
INFO: Run Behavior\ParseTemplateBehavior [ RunTime:0.018001s ]
INFO: [ view_parse ] --END-- [ RunTime:0.019001s ]
INFO: [ view_filter ] --START--
INFO: Run Behavior\WriteHtmlCacheBehavior [ RunTime:0.000000s ]
INFO: [ view_filter ] --END-- [ RunTime:0.001000s ]
INFO: [ app_end ] --START--
INFO: Run Behavior\ShowPageTraceBehavior [ RunTime:0.001000s ]
INFO: [ app_end ] --END-- [ RunTime:0.001000s ]

[ 2017-06-12T11:40:11+08:00 ] 127.0.0.1 /index.php/Admin/Goods/handel_group.html
INFO: [ app_begin ] --START--
INFO: Run Behavior\ReadHtmlCacheBehavior [ RunTime:0.001000s ]
INFO: [ app_begin ] --END-- [ RunTime:0.002000s ]
SQL: SHOW COLUMNS FROM `spec_items` [ RunTime:0.0000s ]
SQL: SELECT * FROM `spec_items` WHERE `id` IN ('343','342','346','344')  [ RunTime:0.0000s ]
SQL: SHOW COLUMNS FROM `spec` [ RunTime:0.0000s ]
SQL: SELECT * FROM `spec` WHERE `id` IN (61,62)  [ RunTime:0.0000s ]

[ 2017-06-12T11:42:05+08:00 ] 127.0.0.1 /index.php/Admin/Goods/upload.html
INFO: [ app_begin ] --START--
INFO: Run Behavior\ReadHtmlCacheBehavior [ RunTime:0.006000s ]
INFO: [ app_begin ] --END-- [ RunTime:0.007000s ]
NOTIC: [2] call_user_func() expects parameter 1 to be a valid callback, no array or string given D:\wamp64\www\qiu\shop\ThinkPHP\Library\Think\Upload.class.php 第 170 行.

[ 2017-06-12T11:42:05+08:00 ] 127.0.0.1 /index.php/Admin/Goods/upload.html
INFO: [ app_begin ] --START--
INFO: Run Behavior\ReadHtmlCacheBehavior [ RunTime:0.003000s ]
INFO: [ app_begin ] --END-- [ RunTime:0.004000s ]
NOTIC: [2] call_user_func() expects parameter 1 to be a valid callback, no array or string given D:\wamp64\www\qiu\shop\ThinkPHP\Library\Think\Upload.class.php 第 170 行.

[ 2017-06-12T11:42:05+08:00 ] 127.0.0.1 /index.php/Admin/Goods/upload.html
INFO: [ app_begin ] --START--
INFO: Run Behavior\ReadHtmlCacheBehavior [ RunTime:0.004001s ]
INFO: [ app_begin ] --END-- [ RunTime:0.005001s ]
NOTIC: [2] call_user_func() expects parameter 1 to be a valid callback, no array or string given D:\wamp64\www\qiu\shop\ThinkPHP\Library\Think\Upload.class.php 第 170 行.

[ 2017-06-12T11:51:01+08:00 ] 127.0.0.1 /index.php/Admin/Goods/upload.html
INFO: [ app_begin ] --START--
INFO: Run Behavior\ReadHtmlCacheBehavior [ RunTime:0.001001s ]
INFO: [ app_begin ] --END-- [ RunTime:0.001001s ]
NOTIC: [2] call_user_func() expects parameter 1 to be a valid callback, no array or string given D:\wamp64\www\qiu\shop\ThinkPHP\Library\Think\Upload.class.php 第 170 行.

[ 2017-06-12T11:51:01+08:00 ] 127.0.0.1 /index.php/Admin/Goods/upload.html
INFO: [ app_begin ] --START--
INFO: Run Behavior\ReadHtmlCacheBehavior [ RunTime:0.001000s ]
INFO: [ app_begin ] --END-- [ RunTime:0.001000s ]
NOTIC: [2] call_user_func() expects parameter 1 to be a valid callback, no array or string given D:\wamp64\www\qiu\shop\ThinkPHP\Library\Think\Upload.class.php 第 170 行.

[ 2017-06-12T11:51:01+08:00 ] 127.0.0.1 /index.php/Admin/Goods/upload.html
INFO: [ app_begin ] --START--
INFO: Run Behavior\ReadHtmlCacheBehavior [ RunTime:0.001000s ]
INFO: [ app_begin ] --END-- [ RunTime:0.001000s ]
NOTIC: [2] call_user_func() expects parameter 1 to be a valid callback, no array or string given D:\wamp64\www\qiu\shop\ThinkPHP\Library\Think\Upload.class.php 第 170 行.

[ 2017-06-12T11:51:22+08:00 ] 127.0.0.1 /index.php/Admin/Goods/upload.html
INFO: [ app_begin ] --START--
INFO: Run Behavior\ReadHtmlCacheBehavior [ RunTime:0.001000s ]
INFO: [ app_begin ] --END-- [ RunTime:0.002000s ]
NOTIC: [2] call_user_func() expects parameter 1 to be a valid callback, no array or string given D:\wamp64\www\qiu\shop\ThinkPHP\Library\Think\Upload.class.php 第 170 行.

[ 2017-06-12T11:51:22+08:00 ] 127.0.0.1 /index.php/Admin/Goods/upload.html
INFO: [ app_begin ] --START--
INFO: Run Behavior\ReadHtmlCacheBehavior [ RunTime:0.001000s ]
INFO: [ app_begin ] --END-- [ RunTime:0.002000s ]
NOTIC: [2] call_user_func() expects parameter 1 to be a valid callback, no array or string given D:\wamp64\www\qiu\shop\ThinkPHP\Library\Think\Upload.class.php 第 170 行.

[ 2017-06-12T11:51:22+08:00 ] 127.0.0.1 /index.php/Admin/Goods/upload.html
INFO: [ app_begin ] --START--
INFO: Run Behavior\ReadHtmlCacheBehavior [ RunTime:0.001000s ]
INFO: [ app_begin ] --END-- [ RunTime:0.002000s ]
NOTIC: [2] call_user_func() expects parameter 1 to be a valid callback, no array or string given D:\wamp64\www\qiu\shop\ThinkPHP\Library\Think\Upload.class.php 第 170 行.

[ 2017-06-12T11:56:03+08:00 ] 127.0.0.1 /index.php/Admin/Goods/add_spec.html
INFO: [ app_begin ] --START--
INFO: Run Behavior\ReadHtmlCacheBehavior [ RunTime:0.001000s ]
INFO: [ app_begin ] --END-- [ RunTime:0.002000s ]
SQL: SHOW COLUMNS FROM `goods_type` [ RunTime:0.0010s ]
SQL: SELECT * FROM `goods_type`  [ RunTime:0.0000s ]
SQL: SHOW COLUMNS FROM `spec` [ RunTime:0.0000s ]
SQL: SELECT * FROM `spec` WHERE `type_id` = 4  [ RunTime:0.0000s ]
SQL: SHOW COLUMNS FROM `spec_items` [ RunTime:0.0010s ]
SQL: SELECT `id`,`item` FROM `spec_items` WHERE ( 1=1 AND spec_id='61' )  [ RunTime:0.0000s ]
SQL: SELECT `id`,`item` FROM `spec_items` WHERE ( 1=1 AND spec_id='62' )  [ RunTime:0.0000s ]
SQL: SELECT * FROM `spec` WHERE `type_id` = 3  [ RunTime:0.0010s ]
SQL: SELECT * FROM `spec` WHERE `type_id` = 5  [ RunTime:0.0000s ]
INFO: [ view_parse ] --START--
INFO: [ template_filter ] --START--
INFO: Run Behavior\ContentReplaceBehavior [ RunTime:0.000000s ]
INFO: [ template_filter ] --END-- [ RunTime:0.000000s ]
INFO: Run Behavior\ParseTemplateBehavior [ RunTime:0.018001s ]
INFO: [ view_parse ] --END-- [ RunTime:0.018001s ]
INFO: [ view_filter ] --START--
INFO: Run Behavior\WriteHtmlCacheBehavior [ RunTime:0.001000s ]
INFO: [ view_filter ] --END-- [ RunTime:0.001000s ]
INFO: [ app_end ] --START--
INFO: Run Behavior\ShowPageTraceBehavior [ RunTime:0.001000s ]
INFO: [ app_end ] --END-- [ RunTime:0.001000s ]

[ 2017-06-12T11:56:07+08:00 ] 127.0.0.1 /index.php/Admin/Goods/handel_group.html
INFO: [ app_begin ] --START--
INFO: Run Behavior\ReadHtmlCacheBehavior [ RunTime:0.001000s ]
INFO: [ app_begin ] --END-- [ RunTime:0.001000s ]
SQL: SHOW COLUMNS FROM `spec_items` [ RunTime:0.0010s ]
SQL: SELECT * FROM `spec_items` WHERE `id` IN ('342','341','346')  [ RunTime:0.0010s ]
SQL: SHOW COLUMNS FROM `spec` [ RunTime:0.0010s ]
SQL: SELECT * FROM `spec` WHERE `id` IN (62,61)  [ RunTime:0.0000s ]

[ 2017-06-12T11:56:24+08:00 ] 127.0.0.1 /index.php/Admin/Goods/upload.html
INFO: [ app_begin ] --START--
INFO: Run Behavior\ReadHtmlCacheBehavior [ RunTime:0.001000s ]
INFO: [ app_begin ] --END-- [ RunTime:0.003001s ]
NOTIC: [2] call_user_func() expects parameter 1 to be a valid callback, no array or string given D:\wamp64\www\qiu\shop\ThinkPHP\Library\Think\Upload.class.php 第 170 行.

[ 2017-06-12T11:56:25+08:00 ] 127.0.0.1 /index.php/Admin/Goods/upload.html
INFO: [ app_begin ] --START--
INFO: Run Behavior\ReadHtmlCacheBehavior [ RunTime:0.001000s ]
INFO: [ app_begin ] --END-- [ RunTime:0.002000s ]
NOTIC: [2] call_user_func() expects parameter 1 to be a valid callback, no array or string given D:\wamp64\www\qiu\shop\ThinkPHP\Library\Think\Upload.class.php 第 170 行.

[ 2017-06-12T11:56:25+08:00 ] 127.0.0.1 /index.php/Admin/Goods/upload.html
INFO: [ app_begin ] --START--
INFO: Run Behavior\ReadHtmlCacheBehavior [ RunTime:0.002000s ]
INFO: [ app_begin ] --END-- [ RunTime:0.003000s ]
NOTIC: [2] call_user_func() expects parameter 1 to be a valid callback, no array or string given D:\wamp64\www\qiu\shop\ThinkPHP\Library\Think\Upload.class.php 第 170 行.

[ 2017-06-12T11:58:29+08:00 ] 127.0.0.1 /index.php/Admin/Goods/upload.html
INFO: [ app_begin ] --START--
INFO: Run Behavior\ReadHtmlCacheBehavior [ RunTime:0.001000s ]
INFO: [ app_begin ] --END-- [ RunTime:0.001000s ]
NOTIC: [2] call_user_func() expects parameter 1 to be a valid callback, no array or string given D:\wamp64\www\qiu\shop\ThinkPHP\Library\Think\Upload.class.php 第 170 行.

[ 2017-06-12T11:58:29+08:00 ] 127.0.0.1 /index.php/Admin/Goods/upload.html
INFO: [ app_begin ] --START--
INFO: Run Behavior\ReadHtmlCacheBehavior [ RunTime:0.001000s ]
INFO: [ app_begin ] --END-- [ RunTime:0.002000s ]
NOTIC: [2] call_user_func() expects parameter 1 to be a valid callback, no array or string given D:\wamp64\www\qiu\shop\ThinkPHP\Library\Think\Upload.class.php 第 170 行.

[ 2017-06-12T11:58:30+08:00 ] 127.0.0.1 /index.php/Admin/Goods/add_spec.html
INFO: [ app_begin ] --START--
INFO: Run Behavior\ReadHtmlCacheBehavior [ RunTime:0.001000s ]
INFO: [ app_begin ] --END-- [ RunTime:0.002000s ]
SQL: SHOW COLUMNS FROM `goods_type` [ RunTime:0.0010s ]
SQL: SELECT * FROM `goods_type`  [ RunTime:0.0000s ]
SQL: SHOW COLUMNS FROM `spec` [ RunTime:0.0010s ]
SQL: SELECT * FROM `spec` WHERE `type_id` = 4  [ RunTime:0.0000s ]
SQL: SHOW COLUMNS FROM `spec_items` [ RunTime:0.0010s ]
SQL: SELECT `id`,`item` FROM `spec_items` WHERE ( 1=1 AND spec_id='61' )  [ RunTime:0.0000s ]
SQL: SELECT `id`,`item` FROM `spec_items` WHERE ( 1=1 AND spec_id='62' )  [ RunTime:0.0000s ]
SQL: SELECT * FROM `spec` WHERE `type_id` = 3  [ RunTime:0.0010s ]
SQL: SELECT * FROM `spec` WHERE `type_id` = 5  [ RunTime:0.0010s ]
INFO: [ view_parse ] --START--
INFO: [ template_filter ] --START--
INFO: Run Behavior\ContentReplaceBehavior [ RunTime:0.000000s ]
INFO: [ template_filter ] --END-- [ RunTime:0.001000s ]
INFO: Run Behavior\ParseTemplateBehavior [ RunTime:0.019001s ]
INFO: [ view_parse ] --END-- [ RunTime:0.019001s ]
INFO: [ view_filter ] --START--
INFO: Run Behavior\WriteHtmlCacheBehavior [ RunTime:0.001000s ]
INFO: [ view_filter ] --END-- [ RunTime:0.001000s ]
INFO: [ app_end ] --START--
INFO: Run Behavior\ShowPageTraceBehavior [ RunTime:0.001000s ]
INFO: [ app_end ] --END-- [ RunTime:0.001000s ]

[ 2017-06-12T11:58:34+08:00 ] 127.0.0.1 /index.php/Admin/Goods/handel_group.html
INFO: [ app_begin ] --START--
INFO: Run Behavior\ReadHtmlCacheBehavior [ RunTime:0.001000s ]
INFO: [ app_begin ] --END-- [ RunTime:0.002000s ]
SQL: SHOW COLUMNS FROM `spec_items` [ RunTime:0.0010s ]
SQL: SELECT * FROM `spec_items` WHERE `id` IN ('343','342','346')  [ RunTime:0.0010s ]
SQL: SHOW COLUMNS FROM `spec` [ RunTime:0.0010s ]
SQL: SELECT * FROM `spec` WHERE `id` IN (61,62)  [ RunTime:0.0010s ]

[ 2017-06-12T12:51:34+08:00 ] 127.0.0.1 /index.php/Admin/Goods/upload.html
INFO: [ app_begin ] --START--
INFO: Run Behavior\ReadHtmlCacheBehavior [ RunTime:0.001000s ]
INFO: [ app_begin ] --END-- [ RunTime:0.001000s ]
NOTIC: [2] call_user_func() expects parameter 1 to be a valid callback, no array or string given D:\wamp64\www\qiu\shop\ThinkPHP\Library\Think\Upload.class.php 第 170 行.

[ 2017-06-12T12:51:34+08:00 ] 127.0.0.1 /index.php/Admin/Goods/upload.html
INFO: [ app_begin ] --START--
INFO: Run Behavior\ReadHtmlCacheBehavior [ RunTime:0.001000s ]
INFO: [ app_begin ] --END-- [ RunTime:0.002001s ]
NOTIC: [2] call_user_func() expects parameter 1 to be a valid callback, no array or string given D:\wamp64\www\qiu\shop\ThinkPHP\Library\Think\Upload.class.php 第 170 行.

[ 2017-06-12T12:51:34+08:00 ] 127.0.0.1 /index.php/Admin/Goods/upload.html
INFO: [ app_begin ] --START--
INFO: Run Behavior\ReadHtmlCacheBehavior [ RunTime:0.001000s ]
INFO: [ app_begin ] --END-- [ RunTime:0.002000s ]
NOTIC: [2] call_user_func() expects parameter 1 to be a valid callback, no array or string given D:\wamp64\www\qiu\shop\ThinkPHP\Library\Think\Upload.class.php 第 170 行.

[ 2017-06-12T12:52:25+08:00 ] 127.0.0.1 /index.php/Admin/Goods/upload.html
INFO: [ app_begin ] --START--
INFO: Run Behavior\ReadHtmlCacheBehavior [ RunTime:0.001000s ]
INFO: [ app_begin ] --END-- [ RunTime:0.001000s ]
NOTIC: [2] call_user_func() expects parameter 1 to be a valid callback, no array or string given D:\wamp64\www\qiu\shop\ThinkPHP\Library\Think\Upload.class.php 第 170 行.

[ 2017-06-12T12:53:03+08:00 ] 127.0.0.1 /index.php/Admin/Goods/upload.html
INFO: [ app_begin ] --START--
INFO: Run Behavior\ReadHtmlCacheBehavior [ RunTime:0.001000s ]
INFO: [ app_begin ] --END-- [ RunTime:0.001000s ]
NOTIC: [2] call_user_func() expects parameter 1 to be a valid callback, no array or string given D:\wamp64\www\qiu\shop\ThinkPHP\Library\Think\Upload.class.php 第 170 行.

[ 2017-06-12T12:58:41+08:00 ] 127.0.0.1 /index.php/Admin/Goods/upload.html
INFO: [ app_begin ] --START--
INFO: Run Behavior\ReadHtmlCacheBehavior [ RunTime:0.002000s ]
INFO: [ app_begin ] --END-- [ RunTime:0.003000s ]
NOTIC: [2] call_user_func() expects parameter 1 to be a valid callback, no array or string given D:\wamp64\www\qiu\shop\ThinkPHP\Library\Think\Upload.class.php 第 170 行.

[ 2017-06-12T12:58:41+08:00 ] 127.0.0.1 /index.php/Admin/Goods/upload.html
INFO: [ app_begin ] --START--
INFO: Run Behavior\ReadHtmlCacheBehavior [ RunTime:0.002001s ]
INFO: [ app_begin ] --END-- [ RunTime:0.007001s ]
NOTIC: [2] call_user_func() expects parameter 1 to be a valid callback, no array or string given D:\wamp64\www\qiu\shop\ThinkPHP\Library\Think\Upload.class.php 第 170 行.

[ 2017-06-12T12:58:41+08:00 ] 127.0.0.1 /index.php/Admin/Goods/upload.html
INFO: [ app_begin ] --START--
INFO: Run Behavior\ReadHtmlCacheBehavior [ RunTime:0.002000s ]
INFO: [ app_begin ] --END-- [ RunTime:0.003000s ]
NOTIC: [2] call_user_func() expects parameter 1 to be a valid callback, no array or string given D:\wamp64\www\qiu\shop\ThinkPHP\Library\Think\Upload.class.php 第 170 行.

[ 2017-06-12T12:58:43+08:00 ] 127.0.0.1 /index.php/Admin/Goods/add_spec.html
INFO: [ app_begin ] --START--
INFO: Run Behavior\ReadHtmlCacheBehavior [ RunTime:0.001000s ]
INFO: [ app_begin ] --END-- [ RunTime:0.002000s ]
SQL: SHOW COLUMNS FROM `goods_type` [ RunTime:0.0330s ]
SQL: SELECT * FROM `goods_type`  [ RunTime:0.0000s ]
SQL: SHOW COLUMNS FROM `spec` [ RunTime:0.0010s ]
SQL: SELECT * FROM `spec` WHERE `type_id` = 4  [ RunTime:0.0000s ]
SQL: SHOW COLUMNS FROM `spec_items` [ RunTime:0.0000s ]
SQL: SELECT `id`,`item` FROM `spec_items` WHERE ( 1=1 AND spec_id='61' )  [ RunTime:0.0000s ]
SQL: SELECT `id`,`item` FROM `spec_items` WHERE ( 1=1 AND spec_id='62' )  [ RunTime:0.0000s ]
SQL: SELECT * FROM `spec` WHERE `type_id` = 3  [ RunTime:0.0000s ]
SQL: SELECT * FROM `spec` WHERE `type_id` = 5  [ RunTime:0.0010s ]
INFO: [ view_parse ] --START--
INFO: [ template_filter ] --START--
INFO: Run Behavior\ContentReplaceBehavior [ RunTime:0.000000s ]
INFO: [ template_filter ] --END-- [ RunTime:0.000000s ]
INFO: Run Behavior\ParseTemplateBehavior [ RunTime:0.018001s ]
INFO: [ view_parse ] --END-- [ RunTime:0.019001s ]
INFO: [ view_filter ] --START--
INFO: Run Behavior\WriteHtmlCacheBehavior [ RunTime:0.001000s ]
INFO: [ view_filter ] --END-- [ RunTime:0.001000s ]
INFO: [ app_end ] --START--
INFO: Run Behavior\ShowPageTraceBehavior [ RunTime:0.001000s ]
INFO: [ app_end ] --END-- [ RunTime:0.001000s ]

[ 2017-06-12T12:58:46+08:00 ] 127.0.0.1 /index.php/Admin/Goods/handel_group.html
INFO: [ app_begin ] --START--
INFO: Run Behavior\ReadHtmlCacheBehavior [ RunTime:0.001000s ]
INFO: [ app_begin ] --END-- [ RunTime:0.001000s ]
SQL: SHOW COLUMNS FROM `spec_items` [ RunTime:0.0010s ]
SQL: SELECT * FROM `spec_items` WHERE `id` IN ('343','346')  [ RunTime:0.0010s ]
SQL: SHOW COLUMNS FROM `spec` [ RunTime:0.0010s ]
SQL: SELECT * FROM `spec` WHERE `id` IN (61,62)  [ RunTime:0.0000s ]

[ 2017-06-12T13:01:55+08:00 ] 127.0.0.1 /index.php/Admin/Goods/upload.html
INFO: [ app_begin ] --START--
INFO: Run Behavior\ReadHtmlCacheBehavior [ RunTime:0.001000s ]
INFO: [ app_begin ] --END-- [ RunTime:0.002000s ]
NOTIC: [2] call_user_func() expects parameter 1 to be a valid callback, no array or string given D:\wamp64\www\qiu\shop\ThinkPHP\Library\Think\Upload.class.php 第 170 行.

[ 2017-06-12T13:03:00+08:00 ] 127.0.0.1 /index.php/Admin/Goods/upload.html
INFO: [ app_begin ] --START--
INFO: Run Behavior\ReadHtmlCacheBehavior [ RunTime:0.001000s ]
INFO: [ app_begin ] --END-- [ RunTime:0.001000s ]
NOTIC: [2] call_user_func() expects parameter 1 to be a valid callback, no array or string given D:\wamp64\www\qiu\shop\ThinkPHP\Library\Think\Upload.class.php 第 170 行.

[ 2017-06-12T13:03:02+08:00 ] 127.0.0.1 /index.php/Admin/Goods/upload.html
INFO: [ app_begin ] --START--
INFO: Run Behavior\ReadHtmlCacheBehavior [ RunTime:0.001000s ]
INFO: [ app_begin ] --END-- [ RunTime:0.001000s ]
NOTIC: [2] call_user_func() expects parameter 1 to be a valid callback, no array or string given D:\wamp64\www\qiu\shop\ThinkPHP\Library\Think\Upload.class.php 第 170 行.

[ 2017-06-12T13:07:54+08:00 ] 127.0.0.1 /index.php/Admin/Goods/upload.html
INFO: [ app_begin ] --START--
INFO: Run Behavior\ReadHtmlCacheBehavior [ RunTime:0.001000s ]
INFO: [ app_begin ] --END-- [ RunTime:0.002000s ]
NOTIC: [2] call_user_func() expects parameter 1 to be a valid callback, no array or string given D:\wamp64\www\qiu\shop\ThinkPHP\Library\Think\Upload.class.php 第 170 行.

[ 2017-06-12T13:07:54+08:00 ] 127.0.0.1 /index.php/Admin/Goods/upload.html
INFO: [ app_begin ] --START--
INFO: Run Behavior\ReadHtmlCacheBehavior [ RunTime:0.001001s ]
INFO: [ app_begin ] --END-- [ RunTime:0.002001s ]
NOTIC: [2] call_user_func() expects parameter 1 to be a valid callback, no array or string given D:\wamp64\www\qiu\shop\ThinkPHP\Library\Think\Upload.class.php 第 170 行.

[ 2017-06-12T13:07:54+08:00 ] 127.0.0.1 /index.php/Admin/Goods/upload.html
INFO: [ app_begin ] --START--
INFO: Run Behavior\ReadHtmlCacheBehavior [ RunTime:0.001000s ]
INFO: [ app_begin ] --END-- [ RunTime:0.003000s ]
NOTIC: [2] call_user_func() expects parameter 1 to be a valid callback, no array or string given D:\wamp64\www\qiu\shop\ThinkPHP\Library\Think\Upload.class.php 第 170 行.

[ 2017-06-12T13:07:55+08:00 ] 127.0.0.1 /index.php/Admin/Goods/add_spec.html
INFO: [ app_begin ] --START--
INFO: Run Behavior\ReadHtmlCacheBehavior [ RunTime:0.001000s ]
INFO: [ app_begin ] --END-- [ RunTime:0.002000s ]
SQL: SHOW COLUMNS FROM `goods_type` [ RunTime:0.0000s ]
SQL: SELECT * FROM `goods_type`  [ RunTime:0.0000s ]
SQL: SHOW COLUMNS FROM `spec` [ RunTime:0.0000s ]
SQL: SELECT * FROM `spec` WHERE `type_id` = 4  [ RunTime:0.0000s ]
SQL: SHOW COLUMNS FROM `spec_items` [ RunTime:0.0000s ]
SQL: SELECT `id`,`item` FROM `spec_items` WHERE ( 1=1 AND spec_id='61' )  [ RunTime:0.0010s ]
SQL: SELECT `id`,`item` FROM `spec_items` WHERE ( 1=1 AND spec_id='62' )  [ RunTime:0.0000s ]
SQL: SELECT * FROM `spec` WHERE `type_id` = 3  [ RunTime:0.0000s ]
SQL: SELECT * FROM `spec` WHERE `type_id` = 5  [ RunTime:0.0000s ]
INFO: [ view_parse ] --START--
INFO: [ template_filter ] --START--
INFO: Run Behavior\ContentReplaceBehavior [ RunTime:0.000000s ]
INFO: [ template_filter ] --END-- [ RunTime:0.000000s ]
INFO: Run Behavior\ParseTemplateBehavior [ RunTime:0.019001s ]
INFO: [ view_parse ] --END-- [ RunTime:0.019001s ]
INFO: [ view_filter ] --START--
INFO: Run Behavior\WriteHtmlCacheBehavior [ RunTime:0.001000s ]
INFO: [ view_filter ] --END-- [ RunTime:0.001000s ]
INFO: [ app_end ] --START--
INFO: Run Behavior\ShowPageTraceBehavior [ RunTime:0.001000s ]
INFO: [ app_end ] --END-- [ RunTime:0.001000s ]

[ 2017-06-12T13:08:00+08:00 ] 127.0.0.1 /index.php/Admin/Goods/handel_group.html
INFO: [ app_begin ] --START--
INFO: Run Behavior\ReadHtmlCacheBehavior [ RunTime:0.002001s ]
INFO: [ app_begin ] --END-- [ RunTime:0.003001s ]
SQL: SHOW COLUMNS FROM `spec_items` [ RunTime:0.0010s ]
SQL: SELECT * FROM `spec_items` WHERE `id` IN ('343','341')  [ RunTime:0.0010s ]
SQL: SHOW COLUMNS FROM `spec` [ RunTime:0.0010s ]
SQL: SELECT * FROM `spec` WHERE `id` IN (61)  [ RunTime:0.0000s ]

