[ 2017-06-06T09:02:28+08:00 ] 127.0.0.1 /index.php/Admin/Goods/add_spec.html
INFO: [ app_begin ] --START--
INFO: Run Behavior\ReadHtmlCacheBehavior [ RunTime:0.001000s ]
INFO: [ app_begin ] --END-- [ RunTime:0.001000s ]
SQL: SHOW COLUMNS FROM `goods_type` [ RunTime:0.0100s ]
SQL: SELECT * FROM `goods_type`  [ RunTime:0.0000s ]
SQL: SHOW COLUMNS FROM `spec` [ RunTime:0.0170s ]
SQL: SELECT * FROM `spec` WHERE `type_id` = 1  [ RunTime:0.0010s ]
SQL: SHOW COLUMNS FROM `spec_items` [ RunTime:0.0030s ]
SQL: SELECT `id`,`item` FROM `spec_items` WHERE ( 1=1 AND spec_id='59' )  [ RunTime:0.0010s ]
SQL: SELECT `id`,`item` FROM `spec_items` WHERE ( 1=1 AND spec_id='58' )  [ RunTime:0.0010s ]
SQL: SELECT `id`,`item` FROM `spec_items` WHERE ( 1=1 AND spec_id='57' )  [ RunTime:0.0000s ]
SQL: SELECT * FROM `spec` WHERE `type_id` = 4  [ RunTime:0.0000s ]
SQL: SELECT * FROM `spec` WHERE `type_id` = 3  [ RunTime:0.0010s ]
SQL: SELECT * FROM `spec` WHERE `type_id` = 5  [ RunTime:0.0000s ]
INFO: [ view_parse ] --START--
INFO: [ template_filter ] --START--
INFO: Run Behavior\ContentReplaceBehavior [ RunTime:0.000000s ]
INFO: [ template_filter ] --END-- [ RunTime:0.000000s ]
INFO: Run Behavior\ParseTemplateBehavior [ RunTime:0.023002s ]
INFO: [ view_parse ] --END-- [ RunTime:0.023002s ]
INFO: [ view_filter ] --START--
INFO: Run Behavior\WriteHtmlCacheBehavior [ RunTime:0.001000s ]
INFO: [ view_filter ] --END-- [ RunTime:0.001000s ]
INFO: [ app_end ] --START--
INFO: Run Behavior\ShowPageTraceBehavior [ RunTime:0.001000s ]
INFO: [ app_end ] --END-- [ RunTime:0.001000s ]

[ 2017-06-06T09:02:32+08:00 ] 127.0.0.1 /index.php/Admin/Goods/handel_group.html
INFO: [ app_begin ] --START--
INFO: Run Behavior\ReadHtmlCacheBehavior [ RunTime:0.001000s ]
INFO: [ app_begin ] --END-- [ RunTime:0.002000s ]
SQL: SHOW COLUMNS FROM `spec_items` [ RunTime:0.0010s ]
SQL: SELECT * FROM `spec_items` WHERE `id` IN ('333','335','330','331','288')  [ RunTime:0.0000s ]
SQL: SHOW COLUMNS FROM `spec` [ RunTime:0.0000s ]
SQL: SELECT * FROM `spec` WHERE `id` IN (58,59,57)  [ RunTime:0.0000s ]
INFO: [ app_end ] --START--
INFO: Run Behavior\ShowPageTraceBehavior [ RunTime:0.001000s ]
INFO: [ app_end ] --END-- [ RunTime:0.001000s ]

[ 2017-06-06T09:39:04+08:00 ] 127.0.0.1 /index.php/Admin/Goods/add_spec.html
INFO: [ app_begin ] --START--
INFO: Run Behavior\ReadHtmlCacheBehavior [ RunTime:0.001000s ]
INFO: [ app_begin ] --END-- [ RunTime:0.002000s ]
SQL: SHOW COLUMNS FROM `goods_type` [ RunTime:0.0010s ]
SQL: SELECT * FROM `goods_type`  [ RunTime:0.0000s ]
SQL: SHOW COLUMNS FROM `spec` [ RunTime:0.0010s ]
SQL: SELECT * FROM `spec` WHERE `type_id` = 1  [ RunTime:0.0000s ]
SQL: SHOW COLUMNS FROM `spec_items` [ RunTime:0.0010s ]
SQL: SELECT `id`,`item` FROM `spec_items` WHERE ( 1=1 AND spec_id='59' )  [ RunTime:0.0010s ]
SQL: SELECT `id`,`item` FROM `spec_items` WHERE ( 1=1 AND spec_id='58' )  [ RunTime:0.0010s ]
SQL: SELECT `id`,`item` FROM `spec_items` WHERE ( 1=1 AND spec_id='57' )  [ RunTime:0.0000s ]
SQL: SELECT * FROM `spec` WHERE `type_id` = 4  [ RunTime:0.0000s ]
SQL: SELECT * FROM `spec` WHERE `type_id` = 3  [ RunTime:0.0000s ]
SQL: SELECT * FROM `spec` WHERE `type_id` = 5  [ RunTime:0.0010s ]
INFO: [ view_parse ] --START--
INFO: [ template_filter ] --START--
INFO: Run Behavior\ContentReplaceBehavior [ RunTime:0.000000s ]
INFO: [ template_filter ] --END-- [ RunTime:0.001000s ]
INFO: Run Behavior\ParseTemplateBehavior [ RunTime:0.016001s ]
INFO: [ view_parse ] --END-- [ RunTime:0.016001s ]
INFO: [ view_filter ] --START--
INFO: Run Behavior\WriteHtmlCacheBehavior [ RunTime:0.000000s ]
INFO: [ view_filter ] --END-- [ RunTime:0.001000s ]
INFO: [ app_end ] --START--
INFO: Run Behavior\ShowPageTraceBehavior [ RunTime:0.001000s ]
INFO: [ app_end ] --END-- [ RunTime:0.001000s ]

[ 2017-06-06T09:39:08+08:00 ] 127.0.0.1 /index.php/Admin/Goods/handel_group.html
INFO: [ app_begin ] --START--
INFO: Run Behavior\ReadHtmlCacheBehavior [ RunTime:0.000000s ]
INFO: [ app_begin ] --END-- [ RunTime:0.001000s ]
SQL: SHOW COLUMNS FROM `spec_items` [ RunTime:0.0010s ]
SQL: SELECT * FROM `spec_items` WHERE `id` IN ('333','330','288','332')  [ RunTime:0.0000s ]
SQL: SHOW COLUMNS FROM `spec` [ RunTime:0.0000s ]
SQL: SELECT * FROM `spec` WHERE `id` IN (58,59,57)  [ RunTime:0.0000s ]
INFO: [ app_end ] --START--
INFO: Run Behavior\ShowPageTraceBehavior [ RunTime:0.001000s ]
INFO: [ app_end ] --END-- [ RunTime:0.001000s ]

[ 2017-06-06T09:40:27+08:00 ] 127.0.0.1 /index.php/Admin/Goods/add_spec.html
INFO: [ app_begin ] --START--
INFO: Run Behavior\ReadHtmlCacheBehavior [ RunTime:0.001000s ]
INFO: [ app_begin ] --END-- [ RunTime:0.003000s ]
SQL: SHOW COLUMNS FROM `goods_type` [ RunTime:0.0010s ]
SQL: SELECT * FROM `goods_type`  [ RunTime:0.0000s ]
SQL: SHOW COLUMNS FROM `spec` [ RunTime:0.0010s ]
SQL: SELECT * FROM `spec` WHERE `type_id` = 1  [ RunTime:0.0000s ]
SQL: SHOW COLUMNS FROM `spec_items` [ RunTime:0.0010s ]
SQL: SELECT `id`,`item` FROM `spec_items` WHERE ( 1=1 AND spec_id='59' )  [ RunTime:0.0010s ]
SQL: SELECT `id`,`item` FROM `spec_items` WHERE ( 1=1 AND spec_id='58' )  [ RunTime:0.0010s ]
SQL: SELECT `id`,`item` FROM `spec_items` WHERE ( 1=1 AND spec_id='57' )  [ RunTime:0.0000s ]
SQL: SELECT * FROM `spec` WHERE `type_id` = 4  [ RunTime:0.0000s ]
SQL: SELECT * FROM `spec` WHERE `type_id` = 3  [ RunTime:0.0000s ]
SQL: SELECT * FROM `spec` WHERE `type_id` = 5  [ RunTime:0.0000s ]
INFO: [ view_parse ] --START--
INFO: [ template_filter ] --START--
INFO: Run Behavior\ContentReplaceBehavior [ RunTime:0.000000s ]
INFO: [ template_filter ] --END-- [ RunTime:0.000000s ]
INFO: Run Behavior\ParseTemplateBehavior [ RunTime:0.017001s ]
INFO: [ view_parse ] --END-- [ RunTime:0.017001s ]
INFO: [ view_filter ] --START--
INFO: Run Behavior\WriteHtmlCacheBehavior [ RunTime:0.001000s ]
INFO: [ view_filter ] --END-- [ RunTime:0.001000s ]
INFO: [ app_end ] --START--
INFO: Run Behavior\ShowPageTraceBehavior [ RunTime:0.001000s ]
INFO: [ app_end ] --END-- [ RunTime:0.001000s ]

[ 2017-06-06T09:40:31+08:00 ] 127.0.0.1 /index.php/Admin/Goods/handel_group.html
INFO: [ app_begin ] --START--
INFO: Run Behavior\ReadHtmlCacheBehavior [ RunTime:0.000000s ]
INFO: [ app_begin ] --END-- [ RunTime:0.001000s ]
SQL: SHOW COLUMNS FROM `spec_items` [ RunTime:0.0010s ]
SQL: SELECT * FROM `spec_items` WHERE `id` IN ('333','335','330','331')  [ RunTime:0.0000s ]
SQL: SHOW COLUMNS FROM `spec` [ RunTime:0.0010s ]
SQL: SELECT * FROM `spec` WHERE `id` IN (58,59)  [ RunTime:0.0010s ]
INFO: [ app_end ] --START--
INFO: Run Behavior\ShowPageTraceBehavior [ RunTime:0.001000s ]
INFO: [ app_end ] --END-- [ RunTime:0.001000s ]

[ 2017-06-06T09:43:02+08:00 ] 127.0.0.1 /index.php/Admin/Goods/add_spec.html
INFO: [ app_begin ] --START--
INFO: Run Behavior\ReadHtmlCacheBehavior [ RunTime:0.001000s ]
INFO: [ app_begin ] --END-- [ RunTime:0.001000s ]
SQL: SHOW COLUMNS FROM `goods_type` [ RunTime:0.0010s ]
SQL: SELECT * FROM `goods_type`  [ RunTime:0.0010s ]
SQL: SHOW COLUMNS FROM `spec` [ RunTime:0.0010s ]
SQL: SELECT * FROM `spec` WHERE `type_id` = 1  [ RunTime:0.0010s ]
SQL: SHOW COLUMNS FROM `spec_items` [ RunTime:0.0010s ]
SQL: SELECT `id`,`item` FROM `spec_items` WHERE ( 1=1 AND spec_id='59' )  [ RunTime:0.0000s ]
SQL: SELECT `id`,`item` FROM `spec_items` WHERE ( 1=1 AND spec_id='58' )  [ RunTime:0.0000s ]
SQL: SELECT `id`,`item` FROM `spec_items` WHERE ( 1=1 AND spec_id='57' )  [ RunTime:0.0000s ]
SQL: SELECT * FROM `spec` WHERE `type_id` = 4  [ RunTime:0.0010s ]
SQL: SELECT * FROM `spec` WHERE `type_id` = 3  [ RunTime:0.0010s ]
SQL: SELECT * FROM `spec` WHERE `type_id` = 5  [ RunTime:0.0000s ]
INFO: [ view_parse ] --START--
INFO: [ template_filter ] --START--
INFO: Run Behavior\ContentReplaceBehavior [ RunTime:0.000000s ]
INFO: [ template_filter ] --END-- [ RunTime:0.001000s ]
INFO: Run Behavior\ParseTemplateBehavior [ RunTime:0.016001s ]
INFO: [ view_parse ] --END-- [ RunTime:0.016001s ]
INFO: [ view_filter ] --START--
INFO: Run Behavior\WriteHtmlCacheBehavior [ RunTime:0.001000s ]
INFO: [ view_filter ] --END-- [ RunTime:0.001000s ]
INFO: [ app_end ] --START--
INFO: Run Behavior\ShowPageTraceBehavior [ RunTime:0.001000s ]
INFO: [ app_end ] --END-- [ RunTime:0.001000s ]

[ 2017-06-06T09:43:05+08:00 ] 127.0.0.1 /index.php/Admin/Goods/handel_group.html
INFO: [ app_begin ] --START--
INFO: Run Behavior\ReadHtmlCacheBehavior [ RunTime:0.001000s ]
INFO: [ app_begin ] --END-- [ RunTime:0.001000s ]
SQL: SHOW COLUMNS FROM `spec_items` [ RunTime:0.0010s ]
SQL: SELECT * FROM `spec_items` WHERE `id` IN ('333','335','330','331')  [ RunTime:0.0000s ]
SQL: SHOW COLUMNS FROM `spec` [ RunTime:0.0010s ]
SQL: SELECT * FROM `spec` WHERE `id` IN (58,59)  [ RunTime:0.0010s ]
INFO: [ app_end ] --START--
INFO: Run Behavior\ShowPageTraceBehavior [ RunTime:0.001000s ]
INFO: [ app_end ] --END-- [ RunTime:0.001000s ]

[ 2017-06-06T10:11:34+08:00 ] 127.0.0.1 /index.php/Admin/Goods/add_spec.html
INFO: [ app_begin ] --START--
INFO: Run Behavior\ReadHtmlCacheBehavior [ RunTime:0.001001s ]
INFO: [ app_begin ] --END-- [ RunTime:0.002001s ]
SQL: SHOW COLUMNS FROM `goods_type` [ RunTime:0.0010s ]
SQL: SELECT * FROM `goods_type`  [ RunTime:0.0000s ]
SQL: SHOW COLUMNS FROM `spec` [ RunTime:0.0010s ]
SQL: SELECT * FROM `spec` WHERE `type_id` = 1  [ RunTime:0.0000s ]
SQL: SHOW COLUMNS FROM `spec_items` [ RunTime:0.0010s ]
SQL: SELECT `id`,`item` FROM `spec_items` WHERE ( 1=1 AND spec_id='59' )  [ RunTime:0.0010s ]
SQL: SELECT `id`,`item` FROM `spec_items` WHERE ( 1=1 AND spec_id='58' )  [ RunTime:0.0010s ]
SQL: SELECT `id`,`item` FROM `spec_items` WHERE ( 1=1 AND spec_id='57' )  [ RunTime:0.0000s ]
SQL: SELECT * FROM `spec` WHERE `type_id` = 4  [ RunTime:0.0000s ]
SQL: SELECT * FROM `spec` WHERE `type_id` = 3  [ RunTime:0.0000s ]
SQL: SELECT * FROM `spec` WHERE `type_id` = 5  [ RunTime:0.0010s ]
INFO: [ view_parse ] --START--
INFO: [ template_filter ] --START--
INFO: Run Behavior\ContentReplaceBehavior [ RunTime:0.000000s ]
INFO: [ template_filter ] --END-- [ RunTime:0.000000s ]
INFO: Run Behavior\ParseTemplateBehavior [ RunTime:0.017001s ]
INFO: [ view_parse ] --END-- [ RunTime:0.017001s ]
INFO: [ view_filter ] --START--
INFO: Run Behavior\WriteHtmlCacheBehavior [ RunTime:0.000000s ]
INFO: [ view_filter ] --END-- [ RunTime:0.000000s ]
INFO: [ app_end ] --START--
INFO: Run Behavior\ShowPageTraceBehavior [ RunTime:0.001000s ]
INFO: [ app_end ] --END-- [ RunTime:0.001000s ]

[ 2017-06-06T10:11:38+08:00 ] 127.0.0.1 /index.php/Admin/Goods/handel_group.html
INFO: [ app_begin ] --START--
INFO: Run Behavior\ReadHtmlCacheBehavior [ RunTime:0.001000s ]
INFO: [ app_begin ] --END-- [ RunTime:0.001000s ]
SQL: SHOW COLUMNS FROM `spec_items` [ RunTime:0.0010s ]
SQL: SELECT * FROM `spec_items` WHERE `id` IN ('333','335','330','331','288')  [ RunTime:0.0010s ]
SQL: SHOW COLUMNS FROM `spec` [ RunTime:0.0010s ]
SQL: SELECT * FROM `spec` WHERE `id` IN (58,59,57)  [ RunTime:0.0000s ]
INFO: [ app_end ] --START--
INFO: Run Behavior\ShowPageTraceBehavior [ RunTime:0.001000s ]
INFO: [ app_end ] --END-- [ RunTime:0.001000s ]

[ 2017-06-06T10:12:07+08:00 ] 127.0.0.1 /index.php/Admin/Goods/add_spec.html
INFO: [ app_begin ] --START--
INFO: Run Behavior\ReadHtmlCacheBehavior [ RunTime:0.000000s ]
INFO: [ app_begin ] --END-- [ RunTime:0.001000s ]
SQL: SHOW COLUMNS FROM `goods_type` [ RunTime:0.0010s ]
SQL: SELECT * FROM `goods_type`  [ RunTime:0.0000s ]
SQL: SHOW COLUMNS FROM `spec` [ RunTime:0.0000s ]
SQL: SELECT * FROM `spec` WHERE `type_id` = 1  [ RunTime:0.0000s ]
SQL: SHOW COLUMNS FROM `spec_items` [ RunTime:0.0010s ]
SQL: SELECT `id`,`item` FROM `spec_items` WHERE ( 1=1 AND spec_id='59' )  [ RunTime:0.0010s ]
SQL: SELECT `id`,`item` FROM `spec_items` WHERE ( 1=1 AND spec_id='58' )  [ RunTime:0.0010s ]
SQL: SELECT `id`,`item` FROM `spec_items` WHERE ( 1=1 AND spec_id='57' )  [ RunTime:0.0000s ]
SQL: SELECT * FROM `spec` WHERE `type_id` = 4  [ RunTime:0.0000s ]
SQL: SELECT * FROM `spec` WHERE `type_id` = 3  [ RunTime:0.0000s ]
SQL: SELECT * FROM `spec` WHERE `type_id` = 5  [ RunTime:0.0000s ]
INFO: [ view_parse ] --START--
INFO: [ template_filter ] --START--
INFO: Run Behavior\ContentReplaceBehavior [ RunTime:0.000000s ]
INFO: [ template_filter ] --END-- [ RunTime:0.000000s ]
INFO: Run Behavior\ParseTemplateBehavior [ RunTime:0.017001s ]
INFO: [ view_parse ] --END-- [ RunTime:0.017001s ]
INFO: [ view_filter ] --START--
INFO: Run Behavior\WriteHtmlCacheBehavior [ RunTime:0.001000s ]
INFO: [ view_filter ] --END-- [ RunTime:0.001000s ]
INFO: [ app_end ] --START--
INFO: Run Behavior\ShowPageTraceBehavior [ RunTime:0.001000s ]
INFO: [ app_end ] --END-- [ RunTime:0.001000s ]

[ 2017-06-06T10:12:11+08:00 ] 127.0.0.1 /index.php/Admin/Goods/handel_group.html
INFO: [ app_begin ] --START--
INFO: Run Behavior\ReadHtmlCacheBehavior [ RunTime:0.000000s ]
INFO: [ app_begin ] --END-- [ RunTime:0.001000s ]
SQL: SHOW COLUMNS FROM `spec_items` [ RunTime:0.0010s ]
SQL: SELECT * FROM `spec_items` WHERE `id` IN ('333','335','330','331','288','332')  [ RunTime:0.0000s ]
SQL: SHOW COLUMNS FROM `spec` [ RunTime:0.0000s ]
SQL: SELECT * FROM `spec` WHERE `id` IN (58,59,57)  [ RunTime:0.0000s ]
INFO: [ app_end ] --START--
INFO: Run Behavior\ShowPageTraceBehavior [ RunTime:0.001000s ]
INFO: [ app_end ] --END-- [ RunTime:0.001000s ]

[ 2017-06-06T10:12:13+08:00 ] 127.0.0.1 /index.php/Admin/Goods/add_spec.html
INFO: [ app_begin ] --START--
INFO: Run Behavior\ReadHtmlCacheBehavior [ RunTime:0.001000s ]
INFO: [ app_begin ] --END-- [ RunTime:0.001000s ]
SQL: SHOW COLUMNS FROM `goods_type` [ RunTime:0.0010s ]
SQL: SELECT * FROM `goods_type`  [ RunTime:0.0000s ]
SQL: SHOW COLUMNS FROM `spec` [ RunTime:0.0010s ]
SQL: SELECT * FROM `spec` WHERE `type_id` = 1  [ RunTime:0.0000s ]
SQL: SHOW COLUMNS FROM `spec_items` [ RunTime:0.0010s ]
SQL: SELECT `id`,`item` FROM `spec_items` WHERE ( 1=1 AND spec_id='59' )  [ RunTime:0.0000s ]
SQL: SELECT `id`,`item` FROM `spec_items` WHERE ( 1=1 AND spec_id='58' )  [ RunTime:0.0000s ]
SQL: SELECT `id`,`item` FROM `spec_items` WHERE ( 1=1 AND spec_id='57' )  [ RunTime:0.0000s ]
SQL: SELECT * FROM `spec` WHERE `type_id` = 4  [ RunTime:0.0010s ]
SQL: SELECT * FROM `spec` WHERE `type_id` = 3  [ RunTime:0.0000s ]
SQL: SELECT * FROM `spec` WHERE `type_id` = 5  [ RunTime:0.0000s ]
INFO: [ view_parse ] --START--
INFO: [ template_filter ] --START--
INFO: Run Behavior\ContentReplaceBehavior [ RunTime:0.000000s ]
INFO: [ template_filter ] --END-- [ RunTime:0.000000s ]
INFO: Run Behavior\ParseTemplateBehavior [ RunTime:0.017001s ]
INFO: [ view_parse ] --END-- [ RunTime:0.017001s ]
INFO: [ view_filter ] --START--
INFO: Run Behavior\WriteHtmlCacheBehavior [ RunTime:0.001000s ]
INFO: [ view_filter ] --END-- [ RunTime:0.001000s ]
INFO: [ app_end ] --START--
INFO: Run Behavior\ShowPageTraceBehavior [ RunTime:0.001000s ]
INFO: [ app_end ] --END-- [ RunTime:0.001000s ]

[ 2017-06-06T10:12:17+08:00 ] 127.0.0.1 /index.php/Admin/Goods/handel_group.html
INFO: [ app_begin ] --START--
INFO: Run Behavior\ReadHtmlCacheBehavior [ RunTime:0.001000s ]
INFO: [ app_begin ] --END-- [ RunTime:0.001000s ]
SQL: SHOW COLUMNS FROM `spec_items` [ RunTime:0.0010s ]
SQL: SELECT * FROM `spec_items` WHERE `id` IN ('333','330')  [ RunTime:0.0000s ]
SQL: SHOW COLUMNS FROM `spec` [ RunTime:0.0010s ]
SQL: SELECT * FROM `spec` WHERE `id` IN (58,59)  [ RunTime:0.0000s ]
INFO: [ app_end ] --START--
INFO: Run Behavior\ShowPageTraceBehavior [ RunTime:0.001000s ]
INFO: [ app_end ] --END-- [ RunTime:0.002001s ]

[ 2017-06-06T10:12:21+08:00 ] 127.0.0.1 /index.php/Admin/Goods/add_spec.html
INFO: [ app_begin ] --START--
INFO: Run Behavior\ReadHtmlCacheBehavior [ RunTime:0.001000s ]
INFO: [ app_begin ] --END-- [ RunTime:0.001000s ]
SQL: SHOW COLUMNS FROM `goods_type` [ RunTime:0.0010s ]
SQL: SELECT * FROM `goods_type`  [ RunTime:0.0000s ]
SQL: SHOW COLUMNS FROM `spec` [ RunTime:0.0010s ]
SQL: SELECT * FROM `spec` WHERE `type_id` = 1  [ RunTime:0.0010s ]
SQL: SHOW COLUMNS FROM `spec_items` [ RunTime:0.0010s ]
SQL: SELECT `id`,`item` FROM `spec_items` WHERE ( 1=1 AND spec_id='59' )  [ RunTime:0.0000s ]
SQL: SELECT `id`,`item` FROM `spec_items` WHERE ( 1=1 AND spec_id='58' )  [ RunTime:0.0000s ]
SQL: SELECT `id`,`item` FROM `spec_items` WHERE ( 1=1 AND spec_id='57' )  [ RunTime:0.0000s ]
SQL: SELECT * FROM `spec` WHERE `type_id` = 4  [ RunTime:0.0000s ]
SQL: SELECT * FROM `spec` WHERE `type_id` = 3  [ RunTime:0.0000s ]
SQL: SELECT * FROM `spec` WHERE `type_id` = 5  [ RunTime:0.0000s ]
INFO: [ view_parse ] --START--
INFO: [ template_filter ] --START--
INFO: Run Behavior\ContentReplaceBehavior [ RunTime:0.000000s ]
INFO: [ template_filter ] --END-- [ RunTime:0.000000s ]
INFO: Run Behavior\ParseTemplateBehavior [ RunTime:0.017001s ]
INFO: [ view_parse ] --END-- [ RunTime:0.017001s ]
INFO: [ view_filter ] --START--
INFO: Run Behavior\WriteHtmlCacheBehavior [ RunTime:0.000000s ]
INFO: [ view_filter ] --END-- [ RunTime:0.000000s ]
INFO: [ app_end ] --START--
INFO: Run Behavior\ShowPageTraceBehavior [ RunTime:0.001000s ]
INFO: [ app_end ] --END-- [ RunTime:0.001000s ]

[ 2017-06-06T10:12:25+08:00 ] 127.0.0.1 /index.php/Admin/Goods/handel_group.html
INFO: [ app_begin ] --START--
INFO: Run Behavior\ReadHtmlCacheBehavior [ RunTime:0.001000s ]
INFO: [ app_begin ] --END-- [ RunTime:0.002000s ]
SQL: SHOW COLUMNS FROM `spec_items` [ RunTime:0.0000s ]
SQL: SELECT * FROM `spec_items` WHERE `id` IN ('333','335','330')  [ RunTime:0.0000s ]
SQL: SHOW COLUMNS FROM `spec` [ RunTime:0.0000s ]
SQL: SELECT * FROM `spec` WHERE `id` IN (58,59)  [ RunTime:0.0000s ]
INFO: [ app_end ] --START--
INFO: Run Behavior\ShowPageTraceBehavior [ RunTime:0.000000s ]
INFO: [ app_end ] --END-- [ RunTime:0.002000s ]

[ 2017-06-06T10:12:44+08:00 ] 127.0.0.1 /index.php/Admin/Goods/add.html
ERR: 1364:Field 'create_time' doesn't have a default value
 [ SQL语句 ] : INSERT INTO `goods` (`goods_name`,`brand_id`,`category_id`,`shop_price`,`market_price`) VALUES ('11','0','0','1000','1200')

[ 2017-06-06T10:17:15+08:00 ] 127.0.0.1 /index.php/Admin/Goods/add.html
ERR: 1364:Field 'create_time' doesn't have a default value
 [ SQL语句 ] : INSERT INTO `goods` (`goods_name`,`brand_id`,`category_id`,`shop_price`,`market_price`) VALUES ('11','0','0','1000','1200')

[ 2017-06-06T10:17:24+08:00 ] 127.0.0.1 /index.php/Admin/Goods/add.html
ERR: 1364:Field 'create_time' doesn't have a default value
 [ SQL语句 ] : INSERT INTO `goods` (`goods_name`,`brand_id`,`category_id`,`shop_price`,`market_price`) VALUES ('11','0','0','1000','1200')

[ 2017-06-06T10:17:28+08:00 ] 127.0.0.1 /index.php/Admin/Goods/add.html
ERR: 1364:Field 'create_time' doesn't have a default value
 [ SQL语句 ] : INSERT INTO `goods` (`goods_name`,`brand_id`,`category_id`,`shop_price`,`market_price`) VALUES ('11','0','0','1000','1200')

[ 2017-06-06T10:17:46+08:00 ] 127.0.0.1 /index.php/Admin/Goods/add.html
ERR: 1364:Field 'image' doesn't have a default value
 [ SQL语句 ] : INSERT INTO `goods` (`goods_name`,`brand_id`,`category_id`,`shop_price`,`market_price`) VALUES ('11','0','0','1000','1200')

[ 2017-06-06T10:17:48+08:00 ] 127.0.0.1 /index.php/Admin/Goods/add.html
ERR: 1364:Field 'image' doesn't have a default value
 [ SQL语句 ] : INSERT INTO `goods` (`goods_name`,`brand_id`,`category_id`,`shop_price`,`market_price`) VALUES ('11','0','0','1000','1200')

[ 2017-06-06T10:17:52+08:00 ] 127.0.0.1 /index.php/Admin/Goods/add_spec.html
INFO: [ app_begin ] --START--
INFO: Run Behavior\ReadHtmlCacheBehavior [ RunTime:0.001000s ]
INFO: [ app_begin ] --END-- [ RunTime:0.002000s ]
SQL: SHOW COLUMNS FROM `goods_type` [ RunTime:0.0010s ]
SQL: SELECT * FROM `goods_type`  [ RunTime:0.0000s ]
SQL: SHOW COLUMNS FROM `spec` [ RunTime:0.0010s ]
SQL: SELECT * FROM `spec` WHERE `type_id` = 1  [ RunTime:0.0000s ]
SQL: SHOW COLUMNS FROM `spec_items` [ RunTime:0.0000s ]
SQL: SELECT `id`,`item` FROM `spec_items` WHERE ( 1=1 AND spec_id='59' )  [ RunTime:0.0000s ]
SQL: SELECT `id`,`item` FROM `spec_items` WHERE ( 1=1 AND spec_id='58' )  [ RunTime:0.0000s ]
SQL: SELECT `id`,`item` FROM `spec_items` WHERE ( 1=1 AND spec_id='57' )  [ RunTime:0.0010s ]
SQL: SELECT * FROM `spec` WHERE `type_id` = 4  [ RunTime:0.0000s ]
SQL: SELECT * FROM `spec` WHERE `type_id` = 3  [ RunTime:0.0000s ]
SQL: SELECT * FROM `spec` WHERE `type_id` = 5  [ RunTime:0.0000s ]
INFO: [ view_parse ] --START--
INFO: [ template_filter ] --START--
INFO: Run Behavior\ContentReplaceBehavior [ RunTime:0.001000s ]
INFO: [ template_filter ] --END-- [ RunTime:0.001000s ]
INFO: Run Behavior\ParseTemplateBehavior [ RunTime:0.016001s ]
INFO: [ view_parse ] --END-- [ RunTime:0.017001s ]
INFO: [ view_filter ] --START--
INFO: Run Behavior\WriteHtmlCacheBehavior [ RunTime:0.000000s ]
INFO: [ view_filter ] --END-- [ RunTime:0.000000s ]
INFO: [ app_end ] --START--
INFO: Run Behavior\ShowPageTraceBehavior [ RunTime:0.001000s ]
INFO: [ app_end ] --END-- [ RunTime:0.001000s ]

[ 2017-06-06T10:17:56+08:00 ] 127.0.0.1 /index.php/Admin/Goods/handel_group.html
INFO: [ app_begin ] --START--
INFO: Run Behavior\ReadHtmlCacheBehavior [ RunTime:0.001001s ]
INFO: [ app_begin ] --END-- [ RunTime:0.001001s ]
SQL: SHOW COLUMNS FROM `spec_items` [ RunTime:0.0000s ]
SQL: SELECT * FROM `spec_items` WHERE `id` IN ('333','335','330','331')  [ RunTime:0.0000s ]
SQL: SHOW COLUMNS FROM `spec` [ RunTime:0.0000s ]
SQL: SELECT * FROM `spec` WHERE `id` IN (58,59)  [ RunTime:0.0000s ]
INFO: [ app_end ] --START--
INFO: Run Behavior\ShowPageTraceBehavior [ RunTime:0.000000s ]
INFO: [ app_end ] --END-- [ RunTime:0.002001s ]

[ 2017-06-06T10:18:30+08:00 ] 127.0.0.1 /index.php/Admin/Goods/add.html
ERR: 1364:Field 'image' doesn't have a default value
 [ SQL语句 ] : INSERT INTO `goods` (`goods_name`,`brand_id`,`category_id`,`shop_price`,`market_price`) VALUES ('11','0','0','1000','1200')

[ 2017-06-06T10:19:11+08:00 ] 127.0.0.1 /index.php/Admin/Goods/add.html
ERR: 1452:Cannot add or update a child row: a foreign key constraint fails (`my_shop_db`.`goods`, CONSTRAINT `fk_goods_brand` FOREIGN KEY (`brand_id`) REFERENCES `brand` (`id`) ON DELETE NO ACTION ON UPDATE NO ACTION)
 [ SQL语句 ] : INSERT INTO `goods` (`goods_name`,`brand_id`,`category_id`,`shop_price`,`market_price`) VALUES ('11','0','0','1000','1200')

[ 2017-06-06T10:19:17+08:00 ] 127.0.0.1 /index.php/Admin/Goods/add_spec.html
INFO: [ app_begin ] --START--
INFO: Run Behavior\ReadHtmlCacheBehavior [ RunTime:0.001000s ]
INFO: [ app_begin ] --END-- [ RunTime:0.002000s ]
SQL: SHOW COLUMNS FROM `goods_type` [ RunTime:0.0010s ]
SQL: SELECT * FROM `goods_type`  [ RunTime:0.0010s ]
SQL: SHOW COLUMNS FROM `spec` [ RunTime:0.0010s ]
SQL: SELECT * FROM `spec` WHERE `type_id` = 1  [ RunTime:0.0010s ]
SQL: SHOW COLUMNS FROM `spec_items` [ RunTime:0.0010s ]
SQL: SELECT `id`,`item` FROM `spec_items` WHERE ( 1=1 AND spec_id='59' )  [ RunTime:0.0000s ]
SQL: SELECT `id`,`item` FROM `spec_items` WHERE ( 1=1 AND spec_id='58' )  [ RunTime:0.0000s ]
SQL: SELECT `id`,`item` FROM `spec_items` WHERE ( 1=1 AND spec_id='57' )  [ RunTime:0.0000s ]
SQL: SELECT * FROM `spec` WHERE `type_id` = 4  [ RunTime:0.0010s ]
SQL: SELECT * FROM `spec` WHERE `type_id` = 3  [ RunTime:0.0000s ]
SQL: SELECT * FROM `spec` WHERE `type_id` = 5  [ RunTime:0.0000s ]
INFO: [ view_parse ] --START--
INFO: [ template_filter ] --START--
INFO: Run Behavior\ContentReplaceBehavior [ RunTime:0.000000s ]
INFO: [ template_filter ] --END-- [ RunTime:0.000000s ]
INFO: Run Behavior\ParseTemplateBehavior [ RunTime:0.016001s ]
INFO: [ view_parse ] --END-- [ RunTime:0.017001s ]
INFO: [ view_filter ] --START--
INFO: Run Behavior\WriteHtmlCacheBehavior [ RunTime:0.001000s ]
INFO: [ view_filter ] --END-- [ RunTime:0.001000s ]
INFO: [ app_end ] --START--
INFO: Run Behavior\ShowPageTraceBehavior [ RunTime:0.000000s ]
INFO: [ app_end ] --END-- [ RunTime:0.001000s ]

[ 2017-06-06T10:19:21+08:00 ] 127.0.0.1 /index.php/Admin/Goods/handel_group.html
INFO: [ app_begin ] --START--
INFO: Run Behavior\ReadHtmlCacheBehavior [ RunTime:0.000000s ]
INFO: [ app_begin ] --END-- [ RunTime:0.001000s ]
SQL: SHOW COLUMNS FROM `spec_items` [ RunTime:0.0010s ]
SQL: SELECT * FROM `spec_items` WHERE `id` IN ('333','335','330','331')  [ RunTime:0.0000s ]
SQL: SHOW COLUMNS FROM `spec` [ RunTime:0.0010s ]
SQL: SELECT * FROM `spec` WHERE `id` IN (58,59)  [ RunTime:0.0000s ]
INFO: [ app_end ] --START--
INFO: Run Behavior\ShowPageTraceBehavior [ RunTime:0.001000s ]
INFO: [ app_end ] --END-- [ RunTime:0.001000s ]

[ 2017-06-06T10:19:41+08:00 ] 127.0.0.1 /index.php/Admin/Goods/add.html
ERR: 1452:Cannot add or update a child row: a foreign key constraint fails (`my_shop_db`.`goods`, CONSTRAINT `fk_goods_brand` FOREIGN KEY (`brand_id`) REFERENCES `brand` (`id`) ON DELETE NO ACTION ON UPDATE NO ACTION)
 [ SQL语句 ] : INSERT INTO `goods` (`goods_name`,`brand_id`,`category_id`,`shop_price`,`market_price`) VALUES ('11','0','0','1000','1200')

[ 2017-06-06T10:22:54+08:00 ] 127.0.0.1 /index.php/Admin/Goods/add.html
ERR: 1452:Cannot add or update a child row: a foreign key constraint fails (`my_shop_db`.`goods`, CONSTRAINT `fk_goods_brand` FOREIGN KEY (`brand_id`) REFERENCES `brand` (`id`) ON DELETE NO ACTION ON UPDATE NO ACTION)
 [ SQL语句 ] : INSERT INTO `goods` (`goods_name`,`brand_id`,`category_id`,`shop_price`,`market_price`) VALUES ('11','0','0','1000','1200')

[ 2017-06-06T10:25:05+08:00 ] 127.0.0.1 /index.php/Admin/Goods/add_spec.html
INFO: [ app_begin ] --START--
INFO: Run Behavior\ReadHtmlCacheBehavior [ RunTime:0.000000s ]
INFO: [ app_begin ] --END-- [ RunTime:0.001000s ]
SQL: SHOW COLUMNS FROM `goods_type` [ RunTime:0.0000s ]
SQL: SELECT * FROM `goods_type`  [ RunTime:0.0000s ]
SQL: SHOW COLUMNS FROM `spec` [ RunTime:0.0010s ]
SQL: SELECT * FROM `spec` WHERE `type_id` = 1  [ RunTime:0.0010s ]
SQL: SHOW COLUMNS FROM `spec_items` [ RunTime:0.0010s ]
SQL: SELECT `id`,`item` FROM `spec_items` WHERE ( 1=1 AND spec_id='59' )  [ RunTime:0.0010s ]
SQL: SELECT `id`,`item` FROM `spec_items` WHERE ( 1=1 AND spec_id='58' )  [ RunTime:0.0000s ]
SQL: SELECT `id`,`item` FROM `spec_items` WHERE ( 1=1 AND spec_id='57' )  [ RunTime:0.0000s ]
SQL: SELECT * FROM `spec` WHERE `type_id` = 4  [ RunTime:0.0000s ]
SQL: SELECT * FROM `spec` WHERE `type_id` = 3  [ RunTime:0.0000s ]
SQL: SELECT * FROM `spec` WHERE `type_id` = 5  [ RunTime:0.0010s ]
INFO: [ view_parse ] --START--
INFO: [ template_filter ] --START--
INFO: Run Behavior\ContentReplaceBehavior [ RunTime:0.000000s ]
INFO: [ template_filter ] --END-- [ RunTime:0.000000s ]
INFO: Run Behavior\ParseTemplateBehavior [ RunTime:0.017001s ]
INFO: [ view_parse ] --END-- [ RunTime:0.017001s ]
INFO: [ view_filter ] --START--
INFO: Run Behavior\WriteHtmlCacheBehavior [ RunTime:0.000000s ]
INFO: [ view_filter ] --END-- [ RunTime:0.001000s ]
INFO: [ app_end ] --START--
INFO: Run Behavior\ShowPageTraceBehavior [ RunTime:0.001000s ]
INFO: [ app_end ] --END-- [ RunTime:0.001000s ]

[ 2017-06-06T10:25:10+08:00 ] 127.0.0.1 /index.php/Admin/Goods/handel_group.html
INFO: [ app_begin ] --START--
INFO: Run Behavior\ReadHtmlCacheBehavior [ RunTime:0.001000s ]
INFO: [ app_begin ] --END-- [ RunTime:0.002000s ]
SQL: SHOW COLUMNS FROM `spec_items` [ RunTime:0.0010s ]
SQL: SELECT * FROM `spec_items` WHERE `id` IN ('333','335','331')  [ RunTime:0.0010s ]
SQL: SHOW COLUMNS FROM `spec` [ RunTime:0.0010s ]
SQL: SELECT * FROM `spec` WHERE `id` IN (59,58)  [ RunTime:0.0000s ]
INFO: [ app_end ] --START--
INFO: Run Behavior\ShowPageTraceBehavior [ RunTime:0.001000s ]
INFO: [ app_end ] --END-- [ RunTime:0.001000s ]

[ 2017-06-06T10:25:31+08:00 ] 127.0.0.1 /index.php/Admin/Goods/add.html
ERR: 1452:Cannot add or update a child row: a foreign key constraint fails (`my_shop_db`.`goods`, CONSTRAINT `fk_goods_brand` FOREIGN KEY (`brand_id`) REFERENCES `brand` (`id`) ON DELETE NO ACTION ON UPDATE NO ACTION)
 [ SQL语句 ] : INSERT INTO `goods` (`goods_name`,`brand_id`,`category_id`,`shop_price`,`market_price`) VALUES ('11','0','0','1000','1200')

[ 2017-06-06T10:30:32+08:00 ] 127.0.0.1 /index.php/Admin/Goods/add_spec.html
INFO: [ app_begin ] --START--
INFO: Run Behavior\ReadHtmlCacheBehavior [ RunTime:0.001000s ]
INFO: [ app_begin ] --END-- [ RunTime:0.002000s ]
SQL: SHOW COLUMNS FROM `goods_type` [ RunTime:0.0010s ]
SQL: SELECT * FROM `goods_type`  [ RunTime:0.0000s ]
SQL: SHOW COLUMNS FROM `spec` [ RunTime:0.0000s ]
SQL: SELECT * FROM `spec` WHERE `type_id` = 1  [ RunTime:0.0000s ]
SQL: SHOW COLUMNS FROM `spec_items` [ RunTime:0.0000s ]
SQL: SELECT `id`,`item` FROM `spec_items` WHERE ( 1=1 AND spec_id='59' )  [ RunTime:0.0000s ]
SQL: SELECT `id`,`item` FROM `spec_items` WHERE ( 1=1 AND spec_id='58' )  [ RunTime:0.0000s ]
SQL: SELECT `id`,`item` FROM `spec_items` WHERE ( 1=1 AND spec_id='57' )  [ RunTime:0.0000s ]
SQL: SELECT * FROM `spec` WHERE `type_id` = 4  [ RunTime:0.0000s ]
SQL: SELECT * FROM `spec` WHERE `type_id` = 3  [ RunTime:0.0010s ]
SQL: SELECT * FROM `spec` WHERE `type_id` = 5  [ RunTime:0.0000s ]
INFO: [ view_parse ] --START--
INFO: [ template_filter ] --START--
INFO: Run Behavior\ContentReplaceBehavior [ RunTime:0.001000s ]
INFO: [ template_filter ] --END-- [ RunTime:0.001000s ]
INFO: Run Behavior\ParseTemplateBehavior [ RunTime:0.017001s ]
INFO: [ view_parse ] --END-- [ RunTime:0.017001s ]
INFO: [ view_filter ] --START--
INFO: Run Behavior\WriteHtmlCacheBehavior [ RunTime:0.000000s ]
INFO: [ view_filter ] --END-- [ RunTime:0.000000s ]
INFO: [ app_end ] --START--
INFO: Run Behavior\ShowPageTraceBehavior [ RunTime:0.000000s ]
INFO: [ app_end ] --END-- [ RunTime:0.000000s ]

[ 2017-06-06T10:30:36+08:00 ] 127.0.0.1 /index.php/Admin/Goods/handel_group.html
INFO: [ app_begin ] --START--
INFO: Run Behavior\ReadHtmlCacheBehavior [ RunTime:0.001000s ]
INFO: [ app_begin ] --END-- [ RunTime:0.002000s ]
SQL: SHOW COLUMNS FROM `spec_items` [ RunTime:0.0010s ]
SQL: SELECT * FROM `spec_items` WHERE `id` IN ('333','335','330','331')  [ RunTime:0.0010s ]
SQL: SHOW COLUMNS FROM `spec` [ RunTime:0.0010s ]
SQL: SELECT * FROM `spec` WHERE `id` IN (58,59)  [ RunTime:0.0010s ]
INFO: [ app_end ] --START--
INFO: Run Behavior\ShowPageTraceBehavior [ RunTime:0.001001s ]
INFO: [ app_end ] --END-- [ RunTime:0.001001s ]

[ 2017-06-06T10:32:02+08:00 ] 127.0.0.1 /index.php/Admin/Goods/add.html
ERR: 1452:Cannot add or update a child row: a foreign key constraint fails (`my_shop_db`.`goods`, CONSTRAINT `fk_goods_brand` FOREIGN KEY (`brand_id`) REFERENCES `brand` (`id`) ON DELETE NO ACTION ON UPDATE NO ACTION)
 [ SQL语句 ] : INSERT INTO `goods` (`goods_name`,`brand_id`,`category_id`,`shop_price`,`market_price`) VALUES ('11','0','0','1000','1200')

[ 2017-06-06T10:34:06+08:00 ] 127.0.0.1 /index.php/Admin/Goods/add.html
ERR: 1452:Cannot add or update a child row: a foreign key constraint fails (`my_shop_db`.`goods`, CONSTRAINT `fk_goods_brand` FOREIGN KEY (`brand_id`) REFERENCES `brand` (`id`) ON DELETE NO ACTION ON UPDATE NO ACTION)
 [ SQL语句 ] : INSERT INTO `goods` (`goods_name`,`brand_id`,`category_id`,`shop_price`,`market_price`) VALUES ('11','0','0','1000','1200')

[ 2017-06-06T10:37:21+08:00 ] 127.0.0.1 /index.php/Admin/Goods/add.html
ERR: 1452:Cannot add or update a child row: a foreign key constraint fails (`my_shop_db`.`goods`, CONSTRAINT `fk_goods_brand` FOREIGN KEY (`brand_id`) REFERENCES `brand` (`id`) ON DELETE NO ACTION ON UPDATE NO ACTION)
 [ SQL语句 ] : INSERT INTO `goods` (`goods_name`,`brand_id`,`category_id`,`shop_price`,`market_price`) VALUES ('11','0','0','1000','1200')

[ 2017-06-06T10:37:23+08:00 ] 127.0.0.1 /index.php/Admin/Goods/add.html
ERR: 1452:Cannot add or update a child row: a foreign key constraint fails (`my_shop_db`.`goods`, CONSTRAINT `fk_goods_brand` FOREIGN KEY (`brand_id`) REFERENCES `brand` (`id`) ON DELETE NO ACTION ON UPDATE NO ACTION)
 [ SQL语句 ] : INSERT INTO `goods` (`goods_name`,`brand_id`,`category_id`,`shop_price`,`market_price`) VALUES ('11','0','0','1000','1200')

[ 2017-06-06T10:37:28+08:00 ] 127.0.0.1 /index.php/Admin/Goods/add_spec.html
INFO: [ app_begin ] --START--
INFO: Run Behavior\ReadHtmlCacheBehavior [ RunTime:0.000000s ]
INFO: [ app_begin ] --END-- [ RunTime:0.001000s ]
SQL: SHOW COLUMNS FROM `goods_type` [ RunTime:0.0010s ]
SQL: SELECT * FROM `goods_type`  [ RunTime:0.0000s ]
SQL: SHOW COLUMNS FROM `spec` [ RunTime:0.0010s ]
SQL: SELECT * FROM `spec` WHERE `type_id` = 1  [ RunTime:0.0010s ]
SQL: SHOW COLUMNS FROM `spec_items` [ RunTime:0.0000s ]
SQL: SELECT `id`,`item` FROM `spec_items` WHERE ( 1=1 AND spec_id='59' )  [ RunTime:0.0000s ]
SQL: SELECT `id`,`item` FROM `spec_items` WHERE ( 1=1 AND spec_id='58' )  [ RunTime:0.0000s ]
SQL: SELECT `id`,`item` FROM `spec_items` WHERE ( 1=1 AND spec_id='57' )  [ RunTime:0.0000s ]
SQL: SELECT * FROM `spec` WHERE `type_id` = 4  [ RunTime:0.0000s ]
SQL: SELECT * FROM `spec` WHERE `type_id` = 3  [ RunTime:0.0010s ]
SQL: SELECT * FROM `spec` WHERE `type_id` = 5  [ RunTime:0.0000s ]
INFO: [ view_parse ] --START--
INFO: [ template_filter ] --START--
INFO: Run Behavior\ContentReplaceBehavior [ RunTime:0.000000s ]
INFO: [ template_filter ] --END-- [ RunTime:0.000000s ]
INFO: Run Behavior\ParseTemplateBehavior [ RunTime:0.017001s ]
INFO: [ view_parse ] --END-- [ RunTime:0.017001s ]
INFO: [ view_filter ] --START--
INFO: Run Behavior\WriteHtmlCacheBehavior [ RunTime:0.001000s ]
INFO: [ view_filter ] --END-- [ RunTime:0.001000s ]
INFO: [ app_end ] --START--
INFO: Run Behavior\ShowPageTraceBehavior [ RunTime:0.001000s ]
INFO: [ app_end ] --END-- [ RunTime:0.001000s ]

[ 2017-06-06T10:37:33+08:00 ] 127.0.0.1 /index.php/Admin/Goods/handel_group.html
INFO: [ app_begin ] --START--
INFO: Run Behavior\ReadHtmlCacheBehavior [ RunTime:0.000000s ]
INFO: [ app_begin ] --END-- [ RunTime:0.001000s ]
SQL: SHOW COLUMNS FROM `spec_items` [ RunTime:0.0010s ]
SQL: SELECT * FROM `spec_items` WHERE `id` IN ('333','335')  [ RunTime:0.0010s ]
SQL: SHOW COLUMNS FROM `spec` [ RunTime:0.0000s ]
SQL: SELECT * FROM `spec` WHERE `id` IN (59)  [ RunTime:0.0010s ]
INFO: [ app_end ] --START--
INFO: Run Behavior\ShowPageTraceBehavior [ RunTime:0.001000s ]
INFO: [ app_end ] --END-- [ RunTime:0.001000s ]

[ 2017-06-06T10:39:16+08:00 ] 127.0.0.1 /index.php/Admin/Goods/add_spec.html
INFO: [ app_begin ] --START--
INFO: Run Behavior\ReadHtmlCacheBehavior [ RunTime:0.001000s ]
INFO: [ app_begin ] --END-- [ RunTime:0.001000s ]
SQL: SHOW COLUMNS FROM `goods_type` [ RunTime:0.0010s ]
SQL: SELECT * FROM `goods_type`  [ RunTime:0.0000s ]
SQL: SHOW COLUMNS FROM `spec` [ RunTime:0.0000s ]
SQL: SELECT * FROM `spec` WHERE `type_id` = 1  [ RunTime:0.0000s ]
SQL: SHOW COLUMNS FROM `spec_items` [ RunTime:0.0000s ]
SQL: SELECT `id`,`item` FROM `spec_items` WHERE ( 1=1 AND spec_id='59' )  [ RunTime:0.0000s ]
SQL: SELECT `id`,`item` FROM `spec_items` WHERE ( 1=1 AND spec_id='58' )  [ RunTime:0.0000s ]
SQL: SELECT `id`,`item` FROM `spec_items` WHERE ( 1=1 AND spec_id='57' )  [ RunTime:0.0000s ]
SQL: SELECT * FROM `spec` WHERE `type_id` = 4  [ RunTime:0.0010s ]
SQL: SELECT * FROM `spec` WHERE `type_id` = 3  [ RunTime:0.0000s ]
SQL: SELECT * FROM `spec` WHERE `type_id` = 5  [ RunTime:0.0000s ]
INFO: [ view_parse ] --START--
INFO: [ template_filter ] --START--
INFO: Run Behavior\ContentReplaceBehavior [ RunTime:0.001000s ]
INFO: [ template_filter ] --END-- [ RunTime:0.001000s ]
INFO: Run Behavior\ParseTemplateBehavior [ RunTime:0.017001s ]
INFO: [ view_parse ] --END-- [ RunTime:0.017001s ]
INFO: [ view_filter ] --START--
INFO: Run Behavior\WriteHtmlCacheBehavior [ RunTime:0.000000s ]
INFO: [ view_filter ] --END-- [ RunTime:0.001000s ]
INFO: [ app_end ] --START--
INFO: Run Behavior\ShowPageTraceBehavior [ RunTime:0.000000s ]
INFO: [ app_end ] --END-- [ RunTime:0.000000s ]

[ 2017-06-06T10:39:20+08:00 ] 127.0.0.1 /index.php/Admin/Goods/handel_group.html
INFO: [ app_begin ] --START--
INFO: Run Behavior\ReadHtmlCacheBehavior [ RunTime:0.001000s ]
INFO: [ app_begin ] --END-- [ RunTime:0.001000s ]
SQL: SHOW COLUMNS FROM `spec_items` [ RunTime:0.0010s ]
SQL: SELECT * FROM `spec_items` WHERE `id` IN ('333','335','330','331')  [ RunTime:0.0010s ]
SQL: SHOW COLUMNS FROM `spec` [ RunTime:0.0000s ]
SQL: SELECT * FROM `spec` WHERE `id` IN (58,59)  [ RunTime:0.0000s ]
INFO: [ app_end ] --START--
INFO: Run Behavior\ShowPageTraceBehavior [ RunTime:0.000000s ]
INFO: [ app_end ] --END-- [ RunTime:0.001000s ]

[ 2017-06-06T10:41:13+08:00 ] 127.0.0.1 /index.php/Admin/Goods/add_spec.html
INFO: [ app_begin ] --START--
INFO: Run Behavior\ReadHtmlCacheBehavior [ RunTime:0.001000s ]
INFO: [ app_begin ] --END-- [ RunTime:0.002000s ]
SQL: SHOW COLUMNS FROM `goods_type` [ RunTime:0.0010s ]
SQL: SELECT * FROM `goods_type`  [ RunTime:0.0010s ]
SQL: SHOW COLUMNS FROM `spec` [ RunTime:0.0000s ]
SQL: SELECT * FROM `spec` WHERE `type_id` = 1  [ RunTime:0.0000s ]
SQL: SHOW COLUMNS FROM `spec_items` [ RunTime:0.0000s ]
SQL: SELECT `id`,`item` FROM `spec_items` WHERE ( 1=1 AND spec_id='59' )  [ RunTime:0.0000s ]
SQL: SELECT `id`,`item` FROM `spec_items` WHERE ( 1=1 AND spec_id='58' )  [ RunTime:0.0000s ]
SQL: SELECT `id`,`item` FROM `spec_items` WHERE ( 1=1 AND spec_id='57' )  [ RunTime:0.0000s ]
SQL: SELECT * FROM `spec` WHERE `type_id` = 4  [ RunTime:0.0000s ]
SQL: SELECT * FROM `spec` WHERE `type_id` = 3  [ RunTime:0.0000s ]
SQL: SELECT * FROM `spec` WHERE `type_id` = 5  [ RunTime:0.0000s ]
INFO: [ view_parse ] --START--
INFO: [ template_filter ] --START--
INFO: Run Behavior\ContentReplaceBehavior [ RunTime:0.000000s ]
INFO: [ template_filter ] --END-- [ RunTime:0.000000s ]
INFO: Run Behavior\ParseTemplateBehavior [ RunTime:0.017001s ]
INFO: [ view_parse ] --END-- [ RunTime:0.018001s ]
INFO: [ view_filter ] --START--
INFO: Run Behavior\WriteHtmlCacheBehavior [ RunTime:0.000000s ]
INFO: [ view_filter ] --END-- [ RunTime:0.000000s ]
INFO: [ app_end ] --START--
INFO: Run Behavior\ShowPageTraceBehavior [ RunTime:0.000000s ]
INFO: [ app_end ] --END-- [ RunTime:0.001001s ]

[ 2017-06-06T10:41:19+08:00 ] 127.0.0.1 /index.php/Admin/Goods/handel_group.html
INFO: [ app_begin ] --START--
INFO: Run Behavior\ReadHtmlCacheBehavior [ RunTime:0.001000s ]
INFO: [ app_begin ] --END-- [ RunTime:0.001000s ]
SQL: SHOW COLUMNS FROM `spec_items` [ RunTime:0.0010s ]
SQL: SELECT * FROM `spec_items` WHERE `id` IN ('333','335')  [ RunTime:0.0010s ]
SQL: SHOW COLUMNS FROM `spec` [ RunTime:0.0000s ]
SQL: SELECT * FROM `spec` WHERE `id` IN (59)  [ RunTime:0.0000s ]
INFO: [ app_end ] --START--
INFO: Run Behavior\ShowPageTraceBehavior [ RunTime:0.001000s ]
INFO: [ app_end ] --END-- [ RunTime:0.001000s ]

[ 2017-06-06T10:41:28+08:00 ] 127.0.0.1 /index.php/Admin/Goods/add.html
ERR: 1452:Cannot add or update a child row: a foreign key constraint fails (`my_shop_db`.`goods`, CONSTRAINT `fk_goods_brand` FOREIGN KEY (`brand_id`) REFERENCES `brand` (`id`) ON DELETE NO ACTION ON UPDATE NO ACTION)
 [ SQL语句 ] : INSERT INTO `goods` (`goods_name`,`brand_id`,`category_id`,`shop_price`,`market_price`) VALUES ('11','0','0','1000','1200')

[ 2017-06-06T10:42:24+08:00 ] 127.0.0.1 /index.php/Admin/Goods/add.html
ERR: 1452:Cannot add or update a child row: a foreign key constraint fails (`my_shop_db`.`goods`, CONSTRAINT `fk_goods_brand` FOREIGN KEY (`brand_id`) REFERENCES `brand` (`id`) ON DELETE NO ACTION ON UPDATE NO ACTION)
 [ SQL语句 ] : INSERT INTO `goods` (`goods_name`,`brand_id`,`category_id`,`shop_price`,`market_price`) VALUES ('11','0','0','1000','1200')

[ 2017-06-06T10:42:30+08:00 ] 127.0.0.1 /index.php/Admin/Goods/add_spec.html
INFO: [ app_begin ] --START--
INFO: Run Behavior\ReadHtmlCacheBehavior [ RunTime:0.001000s ]
INFO: [ app_begin ] --END-- [ RunTime:0.002000s ]
SQL: SHOW COLUMNS FROM `goods_type` [ RunTime:0.0010s ]
SQL: SELECT * FROM `goods_type`  [ RunTime:0.0000s ]
SQL: SHOW COLUMNS FROM `spec` [ RunTime:0.0000s ]
SQL: SELECT * FROM `spec` WHERE `type_id` = 1  [ RunTime:0.0000s ]
SQL: SHOW COLUMNS FROM `spec_items` [ RunTime:0.0000s ]
SQL: SELECT `id`,`item` FROM `spec_items` WHERE ( 1=1 AND spec_id='59' )  [ RunTime:0.0000s ]
SQL: SELECT `id`,`item` FROM `spec_items` WHERE ( 1=1 AND spec_id='58' )  [ RunTime:0.0000s ]
SQL: SELECT `id`,`item` FROM `spec_items` WHERE ( 1=1 AND spec_id='57' )  [ RunTime:0.0000s ]
SQL: SELECT * FROM `spec` WHERE `type_id` = 4  [ RunTime:0.0000s ]
SQL: SELECT * FROM `spec` WHERE `type_id` = 3  [ RunTime:0.0010s ]
SQL: SELECT * FROM `spec` WHERE `type_id` = 5  [ RunTime:0.0000s ]
INFO: [ view_parse ] --START--
INFO: [ template_filter ] --START--
INFO: Run Behavior\ContentReplaceBehavior [ RunTime:0.000000s ]
INFO: [ template_filter ] --END-- [ RunTime:0.000000s ]
INFO: Run Behavior\ParseTemplateBehavior [ RunTime:0.017001s ]
INFO: [ view_parse ] --END-- [ RunTime:0.017001s ]
INFO: [ view_filter ] --START--
INFO: Run Behavior\WriteHtmlCacheBehavior [ RunTime:0.001000s ]
INFO: [ view_filter ] --END-- [ RunTime:0.001000s ]
INFO: [ app_end ] --START--
INFO: Run Behavior\ShowPageTraceBehavior [ RunTime:0.001000s ]
INFO: [ app_end ] --END-- [ RunTime:0.001000s ]

[ 2017-06-06T10:42:35+08:00 ] 127.0.0.1 /index.php/Admin/Goods/handel_group.html
INFO: [ app_begin ] --START--
INFO: Run Behavior\ReadHtmlCacheBehavior [ RunTime:0.000000s ]
INFO: [ app_begin ] --END-- [ RunTime:0.002000s ]
SQL: SHOW COLUMNS FROM `spec_items` [ RunTime:0.0000s ]
SQL: SELECT * FROM `spec_items` WHERE `id` IN ('333','335')  [ RunTime:0.0010s ]
SQL: SHOW COLUMNS FROM `spec` [ RunTime:0.0010s ]
SQL: SELECT * FROM `spec` WHERE `id` IN (59)  [ RunTime:0.0010s ]
INFO: [ app_end ] --START--
INFO: Run Behavior\ShowPageTraceBehavior [ RunTime:0.001000s ]
INFO: [ app_end ] --END-- [ RunTime:0.001000s ]

[ 2017-06-06T10:42:44+08:00 ] 127.0.0.1 /index.php/Admin/Goods/add.html
ERR: 1452:Cannot add or update a child row: a foreign key constraint fails (`my_shop_db`.`goods`, CONSTRAINT `fk_goods_brand` FOREIGN KEY (`brand_id`) REFERENCES `brand` (`id`) ON DELETE NO ACTION ON UPDATE NO ACTION)
 [ SQL语句 ] : INSERT INTO `goods` (`goods_name`,`brand_id`,`category_id`,`shop_price`,`market_price`) VALUES ('11','0','0','1000','1200')

[ 2017-06-06T10:43:51+08:00 ] 127.0.0.1 /index.php/Admin/Goods/add.html
ERR: 1452:Cannot add or update a child row: a foreign key constraint fails (`my_shop_db`.`goods`, CONSTRAINT `fk_goods_brand` FOREIGN KEY (`brand_id`) REFERENCES `brand` (`id`) ON DELETE NO ACTION ON UPDATE NO ACTION)
 [ SQL语句 ] : INSERT INTO `goods` (`goods_name`,`brand_id`,`category_id`,`shop_price`,`market_price`) VALUES ('11','0','0','1000','1200')

[ 2017-06-06T10:43:57+08:00 ] 127.0.0.1 /index.php/Admin/Goods/add_spec.html
INFO: [ app_begin ] --START--
INFO: Run Behavior\ReadHtmlCacheBehavior [ RunTime:0.001000s ]
INFO: [ app_begin ] --END-- [ RunTime:0.001000s ]
SQL: SHOW COLUMNS FROM `goods_type` [ RunTime:0.0010s ]
SQL: SELECT * FROM `goods_type`  [ RunTime:0.0010s ]
SQL: SHOW COLUMNS FROM `spec` [ RunTime:0.0010s ]
SQL: SELECT * FROM `spec` WHERE `type_id` = 1  [ RunTime:0.0000s ]
SQL: SHOW COLUMNS FROM `spec_items` [ RunTime:0.0010s ]
SQL: SELECT `id`,`item` FROM `spec_items` WHERE ( 1=1 AND spec_id='59' )  [ RunTime:0.0010s ]
SQL: SELECT `id`,`item` FROM `spec_items` WHERE ( 1=1 AND spec_id='58' )  [ RunTime:0.0010s ]
SQL: SELECT `id`,`item` FROM `spec_items` WHERE ( 1=1 AND spec_id='57' )  [ RunTime:0.0010s ]
SQL: SELECT * FROM `spec` WHERE `type_id` = 4  [ RunTime:0.0010s ]
SQL: SELECT * FROM `spec` WHERE `type_id` = 3  [ RunTime:0.0000s ]
SQL: SELECT * FROM `spec` WHERE `type_id` = 5  [ RunTime:0.0000s ]
INFO: [ view_parse ] --START--
INFO: [ template_filter ] --START--
INFO: Run Behavior\ContentReplaceBehavior [ RunTime:0.000000s ]
INFO: [ template_filter ] --END-- [ RunTime:0.000000s ]
INFO: Run Behavior\ParseTemplateBehavior [ RunTime:0.018001s ]
INFO: [ view_parse ] --END-- [ RunTime:0.018001s ]
INFO: [ view_filter ] --START--
INFO: Run Behavior\WriteHtmlCacheBehavior [ RunTime:0.001000s ]
INFO: [ view_filter ] --END-- [ RunTime:0.001000s ]
INFO: [ app_end ] --START--
INFO: Run Behavior\ShowPageTraceBehavior [ RunTime:0.001000s ]
INFO: [ app_end ] --END-- [ RunTime:0.001000s ]

[ 2017-06-06T10:44:02+08:00 ] 127.0.0.1 /index.php/Admin/Goods/handel_group.html
INFO: [ app_begin ] --START--
INFO: Run Behavior\ReadHtmlCacheBehavior [ RunTime:0.001000s ]
INFO: [ app_begin ] --END-- [ RunTime:0.001000s ]
SQL: SHOW COLUMNS FROM `spec_items` [ RunTime:0.0010s ]
SQL: SELECT * FROM `spec_items` WHERE `id` IN ('333','335')  [ RunTime:0.0010s ]
SQL: SHOW COLUMNS FROM `spec` [ RunTime:0.0010s ]
SQL: SELECT * FROM `spec` WHERE `id` IN (59)  [ RunTime:0.0000s ]
INFO: [ app_end ] --START--
INFO: Run Behavior\ShowPageTraceBehavior [ RunTime:0.001000s ]
INFO: [ app_end ] --END-- [ RunTime:0.001000s ]

[ 2017-06-06T10:44:13+08:00 ] 127.0.0.1 /index.php/Admin/Goods/add.html
ERR: 1452:Cannot add or update a child row: a foreign key constraint fails (`my_shop_db`.`goods`, CONSTRAINT `fk_goods_brand` FOREIGN KEY (`brand_id`) REFERENCES `brand` (`id`) ON DELETE NO ACTION ON UPDATE NO ACTION)
 [ SQL语句 ] : INSERT INTO `goods` (`goods_name`,`brand_id`,`category_id`,`shop_price`,`market_price`) VALUES ('11','0','0','1000','1200')

[ 2017-06-06T10:44:34+08:00 ] 127.0.0.1 /index.php/Admin/Goods/add_spec.html
INFO: [ app_begin ] --START--
INFO: Run Behavior\ReadHtmlCacheBehavior [ RunTime:0.000000s ]
INFO: [ app_begin ] --END-- [ RunTime:0.001000s ]
SQL: SHOW COLUMNS FROM `goods_type` [ RunTime:0.0010s ]
SQL: SELECT * FROM `goods_type`  [ RunTime:0.0000s ]
SQL: SHOW COLUMNS FROM `spec` [ RunTime:0.0000s ]
SQL: SELECT * FROM `spec` WHERE `type_id` = 1  [ RunTime:0.0000s ]
SQL: SHOW COLUMNS FROM `spec_items` [ RunTime:0.0000s ]
SQL: SELECT `id`,`item` FROM `spec_items` WHERE ( 1=1 AND spec_id='59' )  [ RunTime:0.0000s ]
SQL: SELECT `id`,`item` FROM `spec_items` WHERE ( 1=1 AND spec_id='58' )  [ RunTime:0.0000s ]
SQL: SELECT `id`,`item` FROM `spec_items` WHERE ( 1=1 AND spec_id='57' )  [ RunTime:0.0000s ]
SQL: SELECT * FROM `spec` WHERE `type_id` = 4  [ RunTime:0.0010s ]
SQL: SELECT * FROM `spec` WHERE `type_id` = 3  [ RunTime:0.0000s ]
SQL: SELECT * FROM `spec` WHERE `type_id` = 5  [ RunTime:0.0000s ]
INFO: [ view_parse ] --START--
INFO: [ template_filter ] --START--
INFO: Run Behavior\ContentReplaceBehavior [ RunTime:0.000000s ]
INFO: [ template_filter ] --END-- [ RunTime:0.000000s ]
INFO: Run Behavior\ParseTemplateBehavior [ RunTime:0.016001s ]
INFO: [ view_parse ] --END-- [ RunTime:0.017001s ]
INFO: [ view_filter ] --START--
INFO: Run Behavior\WriteHtmlCacheBehavior [ RunTime:0.000000s ]
INFO: [ view_filter ] --END-- [ RunTime:0.000000s ]
INFO: [ app_end ] --START--
INFO: Run Behavior\ShowPageTraceBehavior [ RunTime:0.000000s ]
INFO: [ app_end ] --END-- [ RunTime:0.000000s ]

[ 2017-06-06T10:44:38+08:00 ] 127.0.0.1 /index.php/Admin/Goods/handel_group.html
INFO: [ app_begin ] --START--
INFO: Run Behavior\ReadHtmlCacheBehavior [ RunTime:0.001000s ]
INFO: [ app_begin ] --END-- [ RunTime:0.002000s ]
SQL: SHOW COLUMNS FROM `spec_items` [ RunTime:0.0000s ]
SQL: SELECT * FROM `spec_items` WHERE `id` IN ('333','335','330','331')  [ RunTime:0.0000s ]
SQL: SHOW COLUMNS FROM `spec` [ RunTime:0.0000s ]
SQL: SELECT * FROM `spec` WHERE `id` IN (58,59)  [ RunTime:0.0000s ]
INFO: [ app_end ] --START--
INFO: Run Behavior\ShowPageTraceBehavior [ RunTime:0.001000s ]
INFO: [ app_end ] --END-- [ RunTime:0.001000s ]

[ 2017-06-06T10:44:49+08:00 ] 127.0.0.1 /index.php/Admin/Goods/add.html
ERR: 1452:Cannot add or update a child row: a foreign key constraint fails (`my_shop_db`.`goods`, CONSTRAINT `fk_goods_brand` FOREIGN KEY (`brand_id`) REFERENCES `brand` (`id`) ON DELETE NO ACTION ON UPDATE NO ACTION)
 [ SQL语句 ] : INSERT INTO `goods` (`goods_name`,`brand_id`,`category_id`,`shop_price`,`market_price`) VALUES ('11','0','0','1000','1200')

[ 2017-06-06T10:45:15+08:00 ] 127.0.0.1 /index.php/Admin/Goods/add.html
ERR: 1452:Cannot add or update a child row: a foreign key constraint fails (`my_shop_db`.`goods`, CONSTRAINT `fk_goods_brand` FOREIGN KEY (`brand_id`) REFERENCES `brand` (`id`) ON DELETE NO ACTION ON UPDATE NO ACTION)
 [ SQL语句 ] : INSERT INTO `goods` (`goods_name`,`brand_id`,`category_id`,`shop_price`,`market_price`) VALUES ('11','0','0','1000','1200')

[ 2017-06-06T10:45:20+08:00 ] 127.0.0.1 /index.php/Admin/Goods/add_spec.html
INFO: [ app_begin ] --START--
INFO: Run Behavior\ReadHtmlCacheBehavior [ RunTime:0.001000s ]
INFO: [ app_begin ] --END-- [ RunTime:0.002000s ]
SQL: SHOW COLUMNS FROM `goods_type` [ RunTime:0.0010s ]
SQL: SELECT * FROM `goods_type`  [ RunTime:0.0000s ]
SQL: SHOW COLUMNS FROM `spec` [ RunTime:0.0020s ]
SQL: SELECT * FROM `spec` WHERE `type_id` = 1  [ RunTime:0.0010s ]
SQL: SHOW COLUMNS FROM `spec_items` [ RunTime:0.0010s ]
SQL: SELECT `id`,`item` FROM `spec_items` WHERE ( 1=1 AND spec_id='59' )  [ RunTime:0.0000s ]
SQL: SELECT `id`,`item` FROM `spec_items` WHERE ( 1=1 AND spec_id='58' )  [ RunTime:0.0010s ]
SQL: SELECT `id`,`item` FROM `spec_items` WHERE ( 1=1 AND spec_id='57' )  [ RunTime:0.0000s ]
SQL: SELECT * FROM `spec` WHERE `type_id` = 4  [ RunTime:0.0000s ]
SQL: SELECT * FROM `spec` WHERE `type_id` = 3  [ RunTime:0.0000s ]
SQL: SELECT * FROM `spec` WHERE `type_id` = 5  [ RunTime:0.0010s ]
INFO: [ view_parse ] --START--
INFO: [ template_filter ] --START--
INFO: Run Behavior\ContentReplaceBehavior [ RunTime:0.000000s ]
INFO: [ template_filter ] --END-- [ RunTime:0.000000s ]
INFO: Run Behavior\ParseTemplateBehavior [ RunTime:0.017001s ]
INFO: [ view_parse ] --END-- [ RunTime:0.017001s ]
INFO: [ view_filter ] --START--
INFO: Run Behavior\WriteHtmlCacheBehavior [ RunTime:0.000000s ]
INFO: [ view_filter ] --END-- [ RunTime:0.001000s ]
INFO: [ app_end ] --START--
INFO: Run Behavior\ShowPageTraceBehavior [ RunTime:0.001000s ]
INFO: [ app_end ] --END-- [ RunTime:0.001000s ]

[ 2017-06-06T10:45:24+08:00 ] 127.0.0.1 /index.php/Admin/Goods/handel_group.html
INFO: [ app_begin ] --START--
INFO: Run Behavior\ReadHtmlCacheBehavior [ RunTime:0.000000s ]
INFO: [ app_begin ] --END-- [ RunTime:0.001000s ]
SQL: SHOW COLUMNS FROM `spec_items` [ RunTime:0.0010s ]
SQL: SELECT * FROM `spec_items` WHERE `id` IN ('333','335')  [ RunTime:0.0010s ]
SQL: SHOW COLUMNS FROM `spec` [ RunTime:0.0000s ]
SQL: SELECT * FROM `spec` WHERE `id` IN (59)  [ RunTime:0.0000s ]
INFO: [ app_end ] --START--
INFO: Run Behavior\ShowPageTraceBehavior [ RunTime:0.001000s ]
INFO: [ app_end ] --END-- [ RunTime:0.001000s ]

[ 2017-06-06T10:47:20+08:00 ] 127.0.0.1 /index.php/Admin/Goods/add_spec.html
INFO: [ app_begin ] --START--
INFO: Run Behavior\ReadHtmlCacheBehavior [ RunTime:0.001000s ]
INFO: [ app_begin ] --END-- [ RunTime:0.001000s ]
SQL: SHOW COLUMNS FROM `goods_type` [ RunTime:0.0010s ]
SQL: SELECT * FROM `goods_type`  [ RunTime:0.0000s ]
SQL: SHOW COLUMNS FROM `spec` [ RunTime:0.0000s ]
SQL: SELECT * FROM `spec` WHERE `type_id` = 1  [ RunTime:0.0000s ]
SQL: SHOW COLUMNS FROM `spec_items` [ RunTime:0.0000s ]
SQL: SELECT `id`,`item` FROM `spec_items` WHERE ( 1=1 AND spec_id='59' )  [ RunTime:0.0000s ]
SQL: SELECT `id`,`item` FROM `spec_items` WHERE ( 1=1 AND spec_id='58' )  [ RunTime:0.0000s ]
SQL: SELECT `id`,`item` FROM `spec_items` WHERE ( 1=1 AND spec_id='57' )  [ RunTime:0.0000s ]
SQL: SELECT * FROM `spec` WHERE `type_id` = 4  [ RunTime:0.0010s ]
SQL: SELECT * FROM `spec` WHERE `type_id` = 3  [ RunTime:0.0000s ]
SQL: SELECT * FROM `spec` WHERE `type_id` = 5  [ RunTime:0.0000s ]
INFO: [ view_parse ] --START--
INFO: [ template_filter ] --START--
INFO: Run Behavior\ContentReplaceBehavior [ RunTime:0.000000s ]
INFO: [ template_filter ] --END-- [ RunTime:0.000000s ]
INFO: Run Behavior\ParseTemplateBehavior [ RunTime:0.017001s ]
INFO: [ view_parse ] --END-- [ RunTime:0.017001s ]
INFO: [ view_filter ] --START--
INFO: Run Behavior\WriteHtmlCacheBehavior [ RunTime:0.001000s ]
INFO: [ view_filter ] --END-- [ RunTime:0.001000s ]
INFO: [ app_end ] --START--
INFO: Run Behavior\ShowPageTraceBehavior [ RunTime:0.001000s ]
INFO: [ app_end ] --END-- [ RunTime:0.001000s ]

[ 2017-06-06T10:47:23+08:00 ] 127.0.0.1 /index.php/Admin/Goods/handel_group.html
INFO: [ app_begin ] --START--
INFO: Run Behavior\ReadHtmlCacheBehavior [ RunTime:0.001001s ]
INFO: [ app_begin ] --END-- [ RunTime:0.001001s ]
SQL: SHOW COLUMNS FROM `spec_items` [ RunTime:0.0000s ]
SQL: SELECT * FROM `spec_items` WHERE `id` IN ('334','329','332')  [ RunTime:0.0000s ]
SQL: SHOW COLUMNS FROM `spec` [ RunTime:0.0000s ]
SQL: SELECT * FROM `spec` WHERE `id` IN (58,57,59)  [ RunTime:0.0000s ]
INFO: [ app_end ] --START--
INFO: Run Behavior\ShowPageTraceBehavior [ RunTime:0.001000s ]
INFO: [ app_end ] --END-- [ RunTime:0.001000s ]

[ 2017-06-06T10:47:30+08:00 ] 127.0.0.1 /index.php/Admin/Goods/add.html
ERR: 1364:Field 'goods_id' doesn't have a default value
 [ SQL语句 ] : INSERT INTO `goods_desc` (`content`) VALUES ('&lt;p&gt;这里写你的初始化内容&lt;/p&gt;')

[ 2017-06-06T10:48:42+08:00 ] 127.0.0.1 /index.php/Admin/Goods/add_spec.html
INFO: [ app_begin ] --START--
INFO: Run Behavior\ReadHtmlCacheBehavior [ RunTime:0.001000s ]
INFO: [ app_begin ] --END-- [ RunTime:0.002000s ]
SQL: SHOW COLUMNS FROM `goods_type` [ RunTime:0.0010s ]
SQL: SELECT * FROM `goods_type`  [ RunTime:0.0000s ]
SQL: SHOW COLUMNS FROM `spec` [ RunTime:0.0000s ]
SQL: SELECT * FROM `spec` WHERE `type_id` = 1  [ RunTime:0.0000s ]
SQL: SHOW COLUMNS FROM `spec_items` [ RunTime:0.0000s ]
SQL: SELECT `id`,`item` FROM `spec_items` WHERE ( 1=1 AND spec_id='59' )  [ RunTime:0.0000s ]
SQL: SELECT `id`,`item` FROM `spec_items` WHERE ( 1=1 AND spec_id='58' )  [ RunTime:0.0000s ]
SQL: SELECT `id`,`item` FROM `spec_items` WHERE ( 1=1 AND spec_id='57' )  [ RunTime:0.0000s ]
SQL: SELECT * FROM `spec` WHERE `type_id` = 4  [ RunTime:0.0010s ]
SQL: SELECT * FROM `spec` WHERE `type_id` = 3  [ RunTime:0.0010s ]
SQL: SELECT * FROM `spec` WHERE `type_id` = 5  [ RunTime:0.0000s ]
INFO: [ view_parse ] --START--
INFO: [ template_filter ] --START--
INFO: Run Behavior\ContentReplaceBehavior [ RunTime:0.000000s ]
INFO: [ template_filter ] --END-- [ RunTime:0.001000s ]
INFO: Run Behavior\ParseTemplateBehavior [ RunTime:0.016001s ]
INFO: [ view_parse ] --END-- [ RunTime:0.017001s ]
INFO: [ view_filter ] --START--
INFO: Run Behavior\WriteHtmlCacheBehavior [ RunTime:0.000000s ]
INFO: [ view_filter ] --END-- [ RunTime:0.000000s ]
INFO: [ app_end ] --START--
INFO: Run Behavior\ShowPageTraceBehavior [ RunTime:0.001000s ]
INFO: [ app_end ] --END-- [ RunTime:0.001000s ]

[ 2017-06-06T10:48:45+08:00 ] 127.0.0.1 /index.php/Admin/Goods/handel_group.html
INFO: [ app_begin ] --START--
INFO: Run Behavior\ReadHtmlCacheBehavior [ RunTime:0.000000s ]
INFO: [ app_begin ] --END-- [ RunTime:0.000000s ]
SQL: SHOW COLUMNS FROM `spec_items` [ RunTime:0.0000s ]
SQL: SELECT * FROM `spec_items` WHERE `id` IN ('335','331','332')  [ RunTime:0.0000s ]
SQL: SHOW COLUMNS FROM `spec` [ RunTime:0.0000s ]
SQL: SELECT * FROM `spec` WHERE `id` IN (58,57,59)  [ RunTime:0.0000s ]
INFO: [ app_end ] --START--
INFO: Run Behavior\ShowPageTraceBehavior [ RunTime:0.001000s ]
INFO: [ app_end ] --END-- [ RunTime:0.001000s ]

[ 2017-06-06T10:50:09+08:00 ] 127.0.0.1 /index.php/Admin/Goods/add_spec.html
INFO: [ app_begin ] --START--
INFO: Run Behavior\ReadHtmlCacheBehavior [ RunTime:0.001000s ]
INFO: [ app_begin ] --END-- [ RunTime:0.001000s ]
SQL: SHOW COLUMNS FROM `goods_type` [ RunTime:0.0010s ]
SQL: SELECT * FROM `goods_type`  [ RunTime:0.0000s ]
SQL: SHOW COLUMNS FROM `spec` [ RunTime:0.0010s ]
SQL: SELECT * FROM `spec` WHERE `type_id` = 1  [ RunTime:0.0000s ]
SQL: SHOW COLUMNS FROM `spec_items` [ RunTime:0.0010s ]
SQL: SELECT `id`,`item` FROM `spec_items` WHERE ( 1=1 AND spec_id='59' )  [ RunTime:0.0000s ]
SQL: SELECT `id`,`item` FROM `spec_items` WHERE ( 1=1 AND spec_id='58' )  [ RunTime:0.0000s ]
SQL: SELECT `id`,`item` FROM `spec_items` WHERE ( 1=1 AND spec_id='57' )  [ RunTime:0.0010s ]
SQL: SELECT * FROM `spec` WHERE `type_id` = 4  [ RunTime:0.0000s ]
SQL: SELECT * FROM `spec` WHERE `type_id` = 3  [ RunTime:0.0010s ]
SQL: SELECT * FROM `spec` WHERE `type_id` = 5  [ RunTime:0.0000s ]
INFO: [ view_parse ] --START--
INFO: [ template_filter ] --START--
INFO: Run Behavior\ContentReplaceBehavior [ RunTime:0.000000s ]
INFO: [ template_filter ] --END-- [ RunTime:0.000000s ]
INFO: Run Behavior\ParseTemplateBehavior [ RunTime:0.017001s ]
INFO: [ view_parse ] --END-- [ RunTime:0.017001s ]
INFO: [ view_filter ] --START--
INFO: Run Behavior\WriteHtmlCacheBehavior [ RunTime:0.001000s ]
INFO: [ view_filter ] --END-- [ RunTime:0.001000s ]
INFO: [ app_end ] --START--
INFO: Run Behavior\ShowPageTraceBehavior [ RunTime:0.001000s ]
INFO: [ app_end ] --END-- [ RunTime:0.001000s ]

[ 2017-06-06T10:50:13+08:00 ] 127.0.0.1 /index.php/Admin/Goods/handel_group.html
INFO: [ app_begin ] --START--
INFO: Run Behavior\ReadHtmlCacheBehavior [ RunTime:0.000000s ]
INFO: [ app_begin ] --END-- [ RunTime:0.001000s ]
SQL: SHOW COLUMNS FROM `spec_items` [ RunTime:0.0010s ]
SQL: SELECT * FROM `spec_items` WHERE `id` IN ('333','330','288')  [ RunTime:0.0000s ]
SQL: SHOW COLUMNS FROM `spec` [ RunTime:0.0010s ]
SQL: SELECT * FROM `spec` WHERE `id` IN (58,59,57)  [ RunTime:0.0000s ]
INFO: [ app_end ] --START--
INFO: Run Behavior\ShowPageTraceBehavior [ RunTime:0.001000s ]
INFO: [ app_end ] --END-- [ RunTime:0.001000s ]

[ 2017-06-06T10:53:03+08:00 ] 127.0.0.1 /index.php/Admin/Goods/add_spec.html
INFO: [ app_begin ] --START--
INFO: Run Behavior\ReadHtmlCacheBehavior [ RunTime:0.001000s ]
INFO: [ app_begin ] --END-- [ RunTime:0.001000s ]
SQL: SHOW COLUMNS FROM `goods_type` [ RunTime:0.0010s ]
SQL: SELECT * FROM `goods_type`  [ RunTime:0.0000s ]
SQL: SHOW COLUMNS FROM `spec` [ RunTime:0.0010s ]
SQL: SELECT * FROM `spec` WHERE `type_id` = 1  [ RunTime:0.0000s ]
SQL: SHOW COLUMNS FROM `spec_items` [ RunTime:0.0010s ]
SQL: SELECT `id`,`item` FROM `spec_items` WHERE ( 1=1 AND spec_id='59' )  [ RunTime:0.0000s ]
SQL: SELECT `id`,`item` FROM `spec_items` WHERE ( 1=1 AND spec_id='58' )  [ RunTime:0.0000s ]
SQL: SELECT `id`,`item` FROM `spec_items` WHERE ( 1=1 AND spec_id='57' )  [ RunTime:0.0000s ]
SQL: SELECT * FROM `spec` WHERE `type_id` = 4  [ RunTime:0.0000s ]
SQL: SELECT * FROM `spec` WHERE `type_id` = 3  [ RunTime:0.0010s ]
SQL: SELECT * FROM `spec` WHERE `type_id` = 5  [ RunTime:0.0000s ]
INFO: [ view_parse ] --START--
INFO: [ template_filter ] --START--
INFO: Run Behavior\ContentReplaceBehavior [ RunTime:0.000000s ]
INFO: [ template_filter ] --END-- [ RunTime:0.000000s ]
INFO: Run Behavior\ParseTemplateBehavior [ RunTime:0.018001s ]
INFO: [ view_parse ] --END-- [ RunTime:0.019002s ]
INFO: [ view_filter ] --START--
INFO: Run Behavior\WriteHtmlCacheBehavior [ RunTime:0.000000s ]
INFO: [ view_filter ] --END-- [ RunTime:0.000000s ]
INFO: [ app_end ] --START--
INFO: Run Behavior\ShowPageTraceBehavior [ RunTime:0.000000s ]
INFO: [ app_end ] --END-- [ RunTime:0.001000s ]

[ 2017-06-06T10:53:07+08:00 ] 127.0.0.1 /index.php/Admin/Goods/handel_group.html
INFO: [ app_begin ] --START--
INFO: Run Behavior\ReadHtmlCacheBehavior [ RunTime:0.001000s ]
INFO: [ app_begin ] --END-- [ RunTime:0.002000s ]
SQL: SHOW COLUMNS FROM `spec_items` [ RunTime:0.0010s ]
SQL: SELECT * FROM `spec_items` WHERE `id` IN ('333','330','331','288','332')  [ RunTime:0.0000s ]
SQL: SHOW COLUMNS FROM `spec` [ RunTime:0.0010s ]
SQL: SELECT * FROM `spec` WHERE `id` IN (58,59,57)  [ RunTime:0.0000s ]
INFO: [ app_end ] --START--
INFO: Run Behavior\ShowPageTraceBehavior [ RunTime:0.000000s ]
INFO: [ app_end ] --END-- [ RunTime:0.002000s ]

[ 2017-06-06T10:59:01+08:00 ] 127.0.0.1 /index.php/Admin/Goods/add_spec.html
INFO: [ app_begin ] --START--
INFO: Run Behavior\ReadHtmlCacheBehavior [ RunTime:0.001000s ]
INFO: [ app_begin ] --END-- [ RunTime:0.001000s ]
SQL: SHOW COLUMNS FROM `goods_type` [ RunTime:0.0010s ]
SQL: SELECT * FROM `goods_type`  [ RunTime:0.0010s ]
SQL: SHOW COLUMNS FROM `spec` [ RunTime:0.0010s ]
SQL: SELECT * FROM `spec` WHERE `type_id` = 1  [ RunTime:0.0010s ]
SQL: SHOW COLUMNS FROM `spec_items` [ RunTime:0.0010s ]
SQL: SELECT `id`,`item` FROM `spec_items` WHERE ( 1=1 AND spec_id='59' )  [ RunTime:0.0000s ]
SQL: SELECT `id`,`item` FROM `spec_items` WHERE ( 1=1 AND spec_id='58' )  [ RunTime:0.0000s ]
SQL: SELECT `id`,`item` FROM `spec_items` WHERE ( 1=1 AND spec_id='57' )  [ RunTime:0.0000s ]
SQL: SELECT * FROM `spec` WHERE `type_id` = 4  [ RunTime:0.0000s ]
SQL: SELECT * FROM `spec` WHERE `type_id` = 3  [ RunTime:0.0000s ]
SQL: SELECT * FROM `spec` WHERE `type_id` = 5  [ RunTime:0.0000s ]
INFO: [ view_parse ] --START--
INFO: [ template_filter ] --START--
INFO: Run Behavior\ContentReplaceBehavior [ RunTime:0.000000s ]
INFO: [ template_filter ] --END-- [ RunTime:0.000000s ]
INFO: Run Behavior\ParseTemplateBehavior [ RunTime:0.018001s ]
INFO: [ view_parse ] --END-- [ RunTime:0.018001s ]
INFO: [ view_filter ] --START--
INFO: Run Behavior\WriteHtmlCacheBehavior [ RunTime:0.000000s ]
INFO: [ view_filter ] --END-- [ RunTime:0.000000s ]
INFO: [ app_end ] --START--
INFO: Run Behavior\ShowPageTraceBehavior [ RunTime:0.000000s ]
INFO: [ app_end ] --END-- [ RunTime:0.001000s ]

[ 2017-06-06T11:31:34+08:00 ] 127.0.0.1 /index.php/Admin/Goods/add_spec.html
INFO: [ app_begin ] --START--
INFO: Run Behavior\ReadHtmlCacheBehavior [ RunTime:0.000000s ]
INFO: [ app_begin ] --END-- [ RunTime:0.001000s ]
SQL: SHOW COLUMNS FROM `goods_type` [ RunTime:0.0010s ]
SQL: SELECT * FROM `goods_type`  [ RunTime:0.0000s ]
SQL: SHOW COLUMNS FROM `spec` [ RunTime:0.0010s ]
SQL: SELECT * FROM `spec` WHERE `type_id` = 1  [ RunTime:0.0010s ]
SQL: SHOW COLUMNS FROM `spec_items` [ RunTime:0.0000s ]
SQL: SELECT `id`,`item` FROM `spec_items` WHERE ( 1=1 AND spec_id='59' )  [ RunTime:0.0000s ]
SQL: SELECT `id`,`item` FROM `spec_items` WHERE ( 1=1 AND spec_id='58' )  [ RunTime:0.0000s ]
SQL: SELECT `id`,`item` FROM `spec_items` WHERE ( 1=1 AND spec_id='57' )  [ RunTime:0.0000s ]
SQL: SELECT * FROM `spec` WHERE `type_id` = 4  [ RunTime:0.0000s ]
SQL: SELECT * FROM `spec` WHERE `type_id` = 3  [ RunTime:0.0010s ]
SQL: SELECT * FROM `spec` WHERE `type_id` = 5  [ RunTime:0.0000s ]
INFO: [ view_parse ] --START--
INFO: [ template_filter ] --START--
INFO: Run Behavior\ContentReplaceBehavior [ RunTime:0.000000s ]
INFO: [ template_filter ] --END-- [ RunTime:0.000000s ]
INFO: Run Behavior\ParseTemplateBehavior [ RunTime:0.017001s ]
INFO: [ view_parse ] --END-- [ RunTime:0.017001s ]
INFO: [ view_filter ] --START--
INFO: Run Behavior\WriteHtmlCacheBehavior [ RunTime:0.001000s ]
INFO: [ view_filter ] --END-- [ RunTime:0.001000s ]
INFO: [ app_end ] --START--
INFO: Run Behavior\ShowPageTraceBehavior [ RunTime:0.000000s ]
INFO: [ app_end ] --END-- [ RunTime:0.001000s ]

[ 2017-06-06T11:31:38+08:00 ] 127.0.0.1 /index.php/Admin/Goods/handel_group.html
INFO: [ app_begin ] --START--
INFO: Run Behavior\ReadHtmlCacheBehavior [ RunTime:0.001000s ]
INFO: [ app_begin ] --END-- [ RunTime:0.002000s ]
SQL: SHOW COLUMNS FROM `spec_items` [ RunTime:0.0010s ]
SQL: SELECT * FROM `spec_items` WHERE `id` IN ('333','335','330')  [ RunTime:0.0000s ]
SQL: SHOW COLUMNS FROM `spec` [ RunTime:0.0010s ]
SQL: SELECT * FROM `spec` WHERE `id` IN (58,59)  [ RunTime:0.0010s ]
INFO: [ app_end ] --START--
INFO: Run Behavior\ShowPageTraceBehavior [ RunTime:0.001000s ]
INFO: [ app_end ] --END-- [ RunTime:0.001000s ]

[ 2017-06-06T11:35:10+08:00 ] 127.0.0.1 /index.php/Admin/Goods/add_spec.html
INFO: [ app_begin ] --START--
INFO: Run Behavior\ReadHtmlCacheBehavior [ RunTime:0.001001s ]
INFO: [ app_begin ] --END-- [ RunTime:0.002001s ]
SQL: SHOW COLUMNS FROM `goods_type` [ RunTime:0.0010s ]
SQL: SELECT * FROM `goods_type`  [ RunTime:0.0010s ]
SQL: SHOW COLUMNS FROM `spec` [ RunTime:0.0000s ]
SQL: SELECT * FROM `spec` WHERE `type_id` = 1  [ RunTime:0.0000s ]
SQL: SHOW COLUMNS FROM `spec_items` [ RunTime:0.0000s ]
SQL: SELECT `id`,`item` FROM `spec_items` WHERE ( 1=1 AND spec_id='59' )  [ RunTime:0.0000s ]
SQL: SELECT `id`,`item` FROM `spec_items` WHERE ( 1=1 AND spec_id='58' )  [ RunTime:0.0000s ]
SQL: SELECT `id`,`item` FROM `spec_items` WHERE ( 1=1 AND spec_id='57' )  [ RunTime:0.0000s ]
SQL: SELECT * FROM `spec` WHERE `type_id` = 4  [ RunTime:0.0010s ]
SQL: SELECT * FROM `spec` WHERE `type_id` = 3  [ RunTime:0.0000s ]
SQL: SELECT * FROM `spec` WHERE `type_id` = 5  [ RunTime:0.0000s ]
INFO: [ view_parse ] --START--
INFO: [ template_filter ] --START--
INFO: Run Behavior\ContentReplaceBehavior [ RunTime:0.000000s ]
INFO: [ template_filter ] --END-- [ RunTime:0.000000s ]
INFO: Run Behavior\ParseTemplateBehavior [ RunTime:0.017001s ]
INFO: [ view_parse ] --END-- [ RunTime:0.017001s ]
INFO: [ view_filter ] --START--
INFO: Run Behavior\WriteHtmlCacheBehavior [ RunTime:0.001000s ]
INFO: [ view_filter ] --END-- [ RunTime:0.001000s ]
INFO: [ app_end ] --START--
INFO: Run Behavior\ShowPageTraceBehavior [ RunTime:0.001000s ]
INFO: [ app_end ] --END-- [ RunTime:0.001000s ]

[ 2017-06-06T11:35:12+08:00 ] 127.0.0.1 /index.php/Admin/Goods/handel_group.html
INFO: [ app_begin ] --START--
INFO: Run Behavior\ReadHtmlCacheBehavior [ RunTime:0.001000s ]
INFO: [ app_begin ] --END-- [ RunTime:0.002000s ]
SQL: SHOW COLUMNS FROM `spec_items` [ RunTime:0.0010s ]
SQL: SELECT * FROM `spec_items` WHERE `id` IN ('333')  [ RunTime:0.0000s ]
SQL: SHOW COLUMNS FROM `spec` [ RunTime:0.0010s ]
SQL: SELECT * FROM `spec` WHERE `id` IN (59)  [ RunTime:0.0010s ]
INFO: [ app_end ] --START--
INFO: Run Behavior\ShowPageTraceBehavior [ RunTime:0.001000s ]
INFO: [ app_end ] --END-- [ RunTime:0.001000s ]

[ 2017-06-06T11:39:40+08:00 ] 127.0.0.1 /index.php/Admin/Goods/add_spec.html
INFO: [ app_begin ] --START--
INFO: Run Behavior\ReadHtmlCacheBehavior [ RunTime:0.000000s ]
INFO: [ app_begin ] --END-- [ RunTime:0.001000s ]
SQL: SHOW COLUMNS FROM `goods_type` [ RunTime:0.0010s ]
SQL: SELECT * FROM `goods_type`  [ RunTime:0.0010s ]
SQL: SHOW COLUMNS FROM `spec` [ RunTime:0.0000s ]
SQL: SELECT * FROM `spec` WHERE `type_id` = 1  [ RunTime:0.0000s ]
SQL: SHOW COLUMNS FROM `spec_items` [ RunTime:0.0000s ]
SQL: SELECT `id`,`item` FROM `spec_items` WHERE ( 1=1 AND spec_id='59' )  [ RunTime:0.0000s ]
SQL: SELECT `id`,`item` FROM `spec_items` WHERE ( 1=1 AND spec_id='58' )  [ RunTime:0.0000s ]
SQL: SELECT `id`,`item` FROM `spec_items` WHERE ( 1=1 AND spec_id='57' )  [ RunTime:0.0000s ]
SQL: SELECT * FROM `spec` WHERE `type_id` = 4  [ RunTime:0.0000s ]
SQL: SELECT * FROM `spec` WHERE `type_id` = 3  [ RunTime:0.0000s ]
SQL: SELECT * FROM `spec` WHERE `type_id` = 5  [ RunTime:0.0010s ]
INFO: [ view_parse ] --START--
INFO: [ template_filter ] --START--
INFO: Run Behavior\ContentReplaceBehavior [ RunTime:0.001000s ]
INFO: [ template_filter ] --END-- [ RunTime:0.001000s ]
INFO: Run Behavior\ParseTemplateBehavior [ RunTime:0.017001s ]
INFO: [ view_parse ] --END-- [ RunTime:0.017001s ]
INFO: [ view_filter ] --START--
INFO: Run Behavior\WriteHtmlCacheBehavior [ RunTime:0.000000s ]
INFO: [ view_filter ] --END-- [ RunTime:0.000000s ]
INFO: [ app_end ] --START--
INFO: Run Behavior\ShowPageTraceBehavior [ RunTime:0.001000s ]
INFO: [ app_end ] --END-- [ RunTime:0.001000s ]

[ 2017-06-06T11:39:43+08:00 ] 127.0.0.1 /index.php/Admin/Goods/handel_group.html
INFO: [ app_begin ] --START--
INFO: Run Behavior\ReadHtmlCacheBehavior [ RunTime:0.001001s ]
INFO: [ app_begin ] --END-- [ RunTime:0.001001s ]
SQL: SHOW COLUMNS FROM `spec_items` [ RunTime:0.0010s ]
SQL: SELECT * FROM `spec_items` WHERE `id` IN ('335')  [ RunTime:0.0000s ]
SQL: SHOW COLUMNS FROM `spec` [ RunTime:0.0010s ]
SQL: SELECT * FROM `spec` WHERE `id` IN (59)  [ RunTime:0.0010s ]
INFO: [ app_end ] --START--
INFO: Run Behavior\ShowPageTraceBehavior [ RunTime:0.001000s ]
INFO: [ app_end ] --END-- [ RunTime:0.001000s ]

[ 2017-06-06T11:41:06+08:00 ] 127.0.0.1 /index.php/Admin/Goods/add_spec.html
INFO: [ app_begin ] --START--
INFO: Run Behavior\ReadHtmlCacheBehavior [ RunTime:0.000000s ]
INFO: [ app_begin ] --END-- [ RunTime:0.001000s ]
SQL: SHOW COLUMNS FROM `goods_type` [ RunTime:0.0010s ]
SQL: SELECT * FROM `goods_type`  [ RunTime:0.0000s ]
SQL: SHOW COLUMNS FROM `spec` [ RunTime:0.0010s ]
SQL: SELECT * FROM `spec` WHERE `type_id` = 1  [ RunTime:0.0000s ]
SQL: SHOW COLUMNS FROM `spec_items` [ RunTime:0.0000s ]
SQL: SELECT `id`,`item` FROM `spec_items` WHERE ( 1=1 AND spec_id='59' )  [ RunTime:0.0000s ]
SQL: SELECT `id`,`item` FROM `spec_items` WHERE ( 1=1 AND spec_id='58' )  [ RunTime:0.0000s ]
SQL: SELECT `id`,`item` FROM `spec_items` WHERE ( 1=1 AND spec_id='57' )  [ RunTime:0.0000s ]
SQL: SELECT * FROM `spec` WHERE `type_id` = 4  [ RunTime:0.0010s ]
SQL: SELECT * FROM `spec` WHERE `type_id` = 3  [ RunTime:0.0010s ]
SQL: SELECT * FROM `spec` WHERE `type_id` = 5  [ RunTime:0.0010s ]
INFO: [ view_parse ] --START--
INFO: [ template_filter ] --START--
INFO: Run Behavior\ContentReplaceBehavior [ RunTime:0.000000s ]
INFO: [ template_filter ] --END-- [ RunTime:0.000000s ]
INFO: Run Behavior\ParseTemplateBehavior [ RunTime:0.017001s ]
INFO: [ view_parse ] --END-- [ RunTime:0.017001s ]
INFO: [ view_filter ] --START--
INFO: Run Behavior\WriteHtmlCacheBehavior [ RunTime:0.000000s ]
INFO: [ view_filter ] --END-- [ RunTime:0.000000s ]
INFO: [ app_end ] --START--
INFO: Run Behavior\ShowPageTraceBehavior [ RunTime:0.000000s ]
INFO: [ app_end ] --END-- [ RunTime:0.000000s ]

[ 2017-06-06T11:41:10+08:00 ] 127.0.0.1 /index.php/Admin/Goods/handel_group.html
INFO: [ app_begin ] --START--
INFO: Run Behavior\ReadHtmlCacheBehavior [ RunTime:0.001000s ]
INFO: [ app_begin ] --END-- [ RunTime:0.002000s ]
SQL: SHOW COLUMNS FROM `spec_items` [ RunTime:0.0000s ]
SQL: SELECT * FROM `spec_items` WHERE `id` IN ('334')  [ RunTime:0.0010s ]
SQL: SHOW COLUMNS FROM `spec` [ RunTime:0.0010s ]
SQL: SELECT * FROM `spec` WHERE `id` IN (59)  [ RunTime:0.0010s ]
INFO: [ app_end ] --START--
INFO: Run Behavior\ShowPageTraceBehavior [ RunTime:0.001000s ]
INFO: [ app_end ] --END-- [ RunTime:0.001000s ]

