[ 2017-06-08T09:12:37+08:00 ] 127.0.0.1 /index.php/Admin/Goods/upload.html
INFO: [ app_begin ] --START--
INFO: Run Behavior\ReadHtmlCacheBehavior [ RunTime:0.001000s ]
INFO: [ app_begin ] --END-- [ RunTime:0.001000s ]
NOTIC: [2] call_user_func() expects parameter 1 to be a valid callback, no array or string given D:\wamp64\www\qiu\shop\ThinkPHP\Library\Think\Upload.class.php 第 170 行.

[ 2017-06-08T09:12:37+08:00 ] 127.0.0.1 /index.php/Admin/Goods/upload.html
INFO: [ app_begin ] --START--
INFO: Run Behavior\ReadHtmlCacheBehavior [ RunTime:0.000000s ]
INFO: [ app_begin ] --END-- [ RunTime:0.002000s ]
NOTIC: [2] call_user_func() expects parameter 1 to be a valid callback, no array or string given D:\wamp64\www\qiu\shop\ThinkPHP\Library\Think\Upload.class.php 第 170 行.

[ 2017-06-08T09:34:28+08:00 ] 127.0.0.1 /index.php/Admin/Goods/upload.html
INFO: [ app_begin ] --START--
INFO: Run Behavior\ReadHtmlCacheBehavior [ RunTime:0.001001s ]
INFO: [ app_begin ] --END-- [ RunTime:0.001001s ]
NOTIC: [2] call_user_func() expects parameter 1 to be a valid callback, no array or string given D:\wamp64\www\qiu\shop\ThinkPHP\Library\Think\Upload.class.php 第 170 行.

[ 2017-06-08T09:34:28+08:00 ] 127.0.0.1 /index.php/Admin/Goods/upload.html
INFO: [ app_begin ] --START--
INFO: Run Behavior\ReadHtmlCacheBehavior [ RunTime:0.001000s ]
INFO: [ app_begin ] --END-- [ RunTime:0.001000s ]
NOTIC: [2] call_user_func() expects parameter 1 to be a valid callback, no array or string given D:\wamp64\www\qiu\shop\ThinkPHP\Library\Think\Upload.class.php 第 170 行.

[ 2017-06-08T09:37:25+08:00 ] 127.0.0.1 /index.php/Admin/Goods/upload.html
INFO: [ app_begin ] --START--
INFO: Run Behavior\ReadHtmlCacheBehavior [ RunTime:0.001000s ]
INFO: [ app_begin ] --END-- [ RunTime:0.001000s ]
NOTIC: [2] call_user_func() expects parameter 1 to be a valid callback, no array or string given D:\wamp64\www\qiu\shop\ThinkPHP\Library\Think\Upload.class.php 第 170 行.

[ 2017-06-08T09:37:25+08:00 ] 127.0.0.1 /index.php/Admin/Goods/upload.html
INFO: [ app_begin ] --START--
INFO: Run Behavior\ReadHtmlCacheBehavior [ RunTime:0.001000s ]
INFO: [ app_begin ] --END-- [ RunTime:0.002000s ]
NOTIC: [2] call_user_func() expects parameter 1 to be a valid callback, no array or string given D:\wamp64\www\qiu\shop\ThinkPHP\Library\Think\Upload.class.php 第 170 行.

[ 2017-06-08T09:37:59+08:00 ] 127.0.0.1 /index.php/Admin/Goods/upload.html
INFO: [ app_begin ] --START--
INFO: Run Behavior\ReadHtmlCacheBehavior [ RunTime:0.001000s ]
INFO: [ app_begin ] --END-- [ RunTime:0.002000s ]
NOTIC: [2] call_user_func() expects parameter 1 to be a valid callback, no array or string given D:\wamp64\www\qiu\shop\ThinkPHP\Library\Think\Upload.class.php 第 170 行.

[ 2017-06-08T09:37:59+08:00 ] 127.0.0.1 /index.php/Admin/Goods/upload.html
INFO: [ app_begin ] --START--
INFO: Run Behavior\ReadHtmlCacheBehavior [ RunTime:0.001000s ]
INFO: [ app_begin ] --END-- [ RunTime:0.002000s ]
NOTIC: [2] call_user_func() expects parameter 1 to be a valid callback, no array or string given D:\wamp64\www\qiu\shop\ThinkPHP\Library\Think\Upload.class.php 第 170 行.

[ 2017-06-08T09:40:37+08:00 ] 127.0.0.1 /index.php/Admin/Goods/upload.html
INFO: [ app_begin ] --START--
INFO: Run Behavior\ReadHtmlCacheBehavior [ RunTime:0.001000s ]
INFO: [ app_begin ] --END-- [ RunTime:0.002000s ]
NOTIC: [2] call_user_func() expects parameter 1 to be a valid callback, no array or string given D:\wamp64\www\qiu\shop\ThinkPHP\Library\Think\Upload.class.php 第 170 行.

[ 2017-06-08T09:40:37+08:00 ] 127.0.0.1 /index.php/Admin/Goods/upload.html
INFO: [ app_begin ] --START--
INFO: Run Behavior\ReadHtmlCacheBehavior [ RunTime:0.001000s ]
INFO: [ app_begin ] --END-- [ RunTime:0.001000s ]
NOTIC: [2] call_user_func() expects parameter 1 to be a valid callback, no array or string given D:\wamp64\www\qiu\shop\ThinkPHP\Library\Think\Upload.class.php 第 170 行.

[ 2017-06-08T09:41:48+08:00 ] 127.0.0.1 /index.php/Admin/Goods/upload.html
INFO: [ app_begin ] --START--
INFO: Run Behavior\ReadHtmlCacheBehavior [ RunTime:0.001000s ]
INFO: [ app_begin ] --END-- [ RunTime:0.002000s ]
NOTIC: [2] call_user_func() expects parameter 1 to be a valid callback, no array or string given D:\wamp64\www\qiu\shop\ThinkPHP\Library\Think\Upload.class.php 第 170 行.

[ 2017-06-08T09:41:48+08:00 ] 127.0.0.1 /index.php/Admin/Goods/upload.html
INFO: [ app_begin ] --START--
INFO: Run Behavior\ReadHtmlCacheBehavior [ RunTime:0.001000s ]
INFO: [ app_begin ] --END-- [ RunTime:0.002000s ]
NOTIC: [2] call_user_func() expects parameter 1 to be a valid callback, no array or string given D:\wamp64\www\qiu\shop\ThinkPHP\Library\Think\Upload.class.php 第 170 行.

[ 2017-06-08T09:42:32+08:00 ] 127.0.0.1 /index.php/Admin/Goods/upload.html
INFO: [ app_begin ] --START--
INFO: Run Behavior\ReadHtmlCacheBehavior [ RunTime:0.001001s ]
INFO: [ app_begin ] --END-- [ RunTime:0.001001s ]
NOTIC: [2] call_user_func() expects parameter 1 to be a valid callback, no array or string given D:\wamp64\www\qiu\shop\ThinkPHP\Library\Think\Upload.class.php 第 170 行.

[ 2017-06-08T09:42:33+08:00 ] 127.0.0.1 /index.php/Admin/Goods/upload.html
INFO: [ app_begin ] --START--
INFO: Run Behavior\ReadHtmlCacheBehavior [ RunTime:0.001000s ]
INFO: [ app_begin ] --END-- [ RunTime:0.001000s ]
NOTIC: [2] call_user_func() expects parameter 1 to be a valid callback, no array or string given D:\wamp64\www\qiu\shop\ThinkPHP\Library\Think\Upload.class.php 第 170 行.

[ 2017-06-08T09:47:28+08:00 ] 127.0.0.1 /index.php/Admin/Goods/upload.html
INFO: [ app_begin ] --START--
INFO: Run Behavior\ReadHtmlCacheBehavior [ RunTime:0.001000s ]
INFO: [ app_begin ] --END-- [ RunTime:0.001000s ]
NOTIC: [2] call_user_func() expects parameter 1 to be a valid callback, no array or string given D:\wamp64\www\qiu\shop\ThinkPHP\Library\Think\Upload.class.php 第 170 行.

[ 2017-06-08T09:47:28+08:00 ] 127.0.0.1 /index.php/Admin/Goods/upload.html
INFO: [ app_begin ] --START--
INFO: Run Behavior\ReadHtmlCacheBehavior [ RunTime:0.001000s ]
INFO: [ app_begin ] --END-- [ RunTime:0.002000s ]
NOTIC: [2] call_user_func() expects parameter 1 to be a valid callback, no array or string given D:\wamp64\www\qiu\shop\ThinkPHP\Library\Think\Upload.class.php 第 170 行.

[ 2017-06-08T09:47:56+08:00 ] 127.0.0.1 /index.php/Admin/Goods/upload.html
INFO: [ app_begin ] --START--
INFO: Run Behavior\ReadHtmlCacheBehavior [ RunTime:0.001000s ]
INFO: [ app_begin ] --END-- [ RunTime:0.001000s ]
NOTIC: [2] call_user_func() expects parameter 1 to be a valid callback, no array or string given D:\wamp64\www\qiu\shop\ThinkPHP\Library\Think\Upload.class.php 第 170 行.

[ 2017-06-08T09:47:56+08:00 ] 127.0.0.1 /index.php/Admin/Goods/upload.html
INFO: [ app_begin ] --START--
INFO: Run Behavior\ReadHtmlCacheBehavior [ RunTime:0.001001s ]
INFO: [ app_begin ] --END-- [ RunTime:0.001001s ]
NOTIC: [2] call_user_func() expects parameter 1 to be a valid callback, no array or string given D:\wamp64\www\qiu\shop\ThinkPHP\Library\Think\Upload.class.php 第 170 行.

[ 2017-06-08T09:48:04+08:00 ] 127.0.0.1 /index.php/Admin/Goods/upload.html
INFO: [ app_begin ] --START--
INFO: Run Behavior\ReadHtmlCacheBehavior [ RunTime:0.001000s ]
INFO: [ app_begin ] --END-- [ RunTime:0.002000s ]
NOTIC: [2] call_user_func() expects parameter 1 to be a valid callback, no array or string given D:\wamp64\www\qiu\shop\ThinkPHP\Library\Think\Upload.class.php 第 170 行.

[ 2017-06-08T09:48:04+08:00 ] 127.0.0.1 /index.php/Admin/Goods/upload.html
INFO: [ app_begin ] --START--
INFO: Run Behavior\ReadHtmlCacheBehavior [ RunTime:0.001000s ]
INFO: [ app_begin ] --END-- [ RunTime:0.001000s ]
NOTIC: [2] call_user_func() expects parameter 1 to be a valid callback, no array or string given D:\wamp64\www\qiu\shop\ThinkPHP\Library\Think\Upload.class.php 第 170 行.

[ 2017-06-08T09:48:22+08:00 ] 127.0.0.1 /index.php/Admin/Goods/upload.html
INFO: [ app_begin ] --START--
INFO: Run Behavior\ReadHtmlCacheBehavior [ RunTime:0.001000s ]
INFO: [ app_begin ] --END-- [ RunTime:0.002000s ]
NOTIC: [2] call_user_func() expects parameter 1 to be a valid callback, no array or string given D:\wamp64\www\qiu\shop\ThinkPHP\Library\Think\Upload.class.php 第 170 行.

[ 2017-06-08T09:48:22+08:00 ] 127.0.0.1 /index.php/Admin/Goods/upload.html
INFO: [ app_begin ] --START--
INFO: Run Behavior\ReadHtmlCacheBehavior [ RunTime:0.001000s ]
INFO: [ app_begin ] --END-- [ RunTime:0.002000s ]
NOTIC: [2] call_user_func() expects parameter 1 to be a valid callback, no array or string given D:\wamp64\www\qiu\shop\ThinkPHP\Library\Think\Upload.class.php 第 170 行.

[ 2017-06-08T10:02:42+08:00 ] 127.0.0.1 /index.php/Admin/Goods/upload.html
INFO: [ app_begin ] --START--
INFO: Run Behavior\ReadHtmlCacheBehavior [ RunTime:0.001000s ]
INFO: [ app_begin ] --END-- [ RunTime:0.001000s ]
NOTIC: [2] call_user_func() expects parameter 1 to be a valid callback, no array or string given D:\wamp64\www\qiu\shop\ThinkPHP\Library\Think\Upload.class.php 第 170 行.

[ 2017-06-08T10:02:42+08:00 ] 127.0.0.1 /index.php/Admin/Goods/upload.html
INFO: [ app_begin ] --START--
INFO: Run Behavior\ReadHtmlCacheBehavior [ RunTime:0.001000s ]
INFO: [ app_begin ] --END-- [ RunTime:0.002000s ]
NOTIC: [2] call_user_func() expects parameter 1 to be a valid callback, no array or string given D:\wamp64\www\qiu\shop\ThinkPHP\Library\Think\Upload.class.php 第 170 行.

[ 2017-06-08T10:03:49+08:00 ] 127.0.0.1 /index.php/Admin/Goods/add_spec.html
INFO: [ app_begin ] --START--
INFO: Run Behavior\ReadHtmlCacheBehavior [ RunTime:0.001000s ]
INFO: [ app_begin ] --END-- [ RunTime:0.001000s ]
SQL: SHOW COLUMNS FROM `goods_type` [ RunTime:0.0010s ]
SQL: SELECT * FROM `goods_type`  [ RunTime:0.0000s ]
SQL: SHOW COLUMNS FROM `spec` [ RunTime:0.0010s ]
SQL: SELECT * FROM `spec` WHERE `type_id` = 1  [ RunTime:0.0000s ]
SQL: SHOW COLUMNS FROM `spec_items` [ RunTime:0.0010s ]
SQL: SELECT `id`,`item` FROM `spec_items` WHERE ( 1=1 AND spec_id='59' )  [ RunTime:0.0000s ]
SQL: SELECT `id`,`item` FROM `spec_items` WHERE ( 1=1 AND spec_id='58' )  [ RunTime:0.0000s ]
SQL: SELECT `id`,`item` FROM `spec_items` WHERE ( 1=1 AND spec_id='57' )  [ RunTime:0.0010s ]
SQL: SELECT * FROM `spec` WHERE `type_id` = 4  [ RunTime:0.0000s ]
SQL: SELECT * FROM `spec` WHERE `type_id` = 3  [ RunTime:0.0000s ]
SQL: SELECT * FROM `spec` WHERE `type_id` = 5  [ RunTime:0.0000s ]
INFO: [ view_parse ] --START--
INFO: [ template_filter ] --START--
INFO: Run Behavior\ContentReplaceBehavior [ RunTime:0.000000s ]
INFO: [ template_filter ] --END-- [ RunTime:0.001000s ]
INFO: Run Behavior\ParseTemplateBehavior [ RunTime:0.019001s ]
INFO: [ view_parse ] --END-- [ RunTime:0.020001s ]
INFO: [ view_filter ] --START--
INFO: Run Behavior\WriteHtmlCacheBehavior [ RunTime:0.001000s ]
INFO: [ view_filter ] --END-- [ RunTime:0.001000s ]
INFO: [ app_end ] --START--
INFO: Run Behavior\ShowPageTraceBehavior [ RunTime:0.001000s ]
INFO: [ app_end ] --END-- [ RunTime:0.001000s ]

[ 2017-06-08T10:03:52+08:00 ] 127.0.0.1 /index.php/Admin/Goods/handel_group.html
INFO: [ app_begin ] --START--
INFO: Run Behavior\ReadHtmlCacheBehavior [ RunTime:0.001000s ]
INFO: [ app_begin ] --END-- [ RunTime:0.001000s ]
SQL: SHOW COLUMNS FROM `spec_items` [ RunTime:0.0010s ]
SQL: SELECT * FROM `spec_items` WHERE `id` IN ('333','335','330')  [ RunTime:0.0000s ]
SQL: SHOW COLUMNS FROM `spec` [ RunTime:0.0000s ]
SQL: SELECT * FROM `spec` WHERE `id` IN (58,59)  [ RunTime:0.0000s ]
INFO: [ app_end ] --START--
INFO: Run Behavior\ShowPageTraceBehavior [ RunTime:0.002000s ]
INFO: [ app_end ] --END-- [ RunTime:0.002000s ]

[ 2017-06-08T10:06:02+08:00 ] 127.0.0.1 /index.php/Admin/Goods/upload.html
INFO: [ app_begin ] --START--
INFO: Run Behavior\ReadHtmlCacheBehavior [ RunTime:0.002000s ]
INFO: [ app_begin ] --END-- [ RunTime:0.004000s ]
NOTIC: [2] call_user_func() expects parameter 1 to be a valid callback, no array or string given D:\wamp64\www\qiu\shop\ThinkPHP\Library\Think\Upload.class.php 第 170 行.

[ 2017-06-08T10:06:03+08:00 ] 127.0.0.1 /index.php/Admin/Goods/upload.html
INFO: [ app_begin ] --START--
INFO: Run Behavior\ReadHtmlCacheBehavior [ RunTime:0.001000s ]
INFO: [ app_begin ] --END-- [ RunTime:0.001000s ]
NOTIC: [2] call_user_func() expects parameter 1 to be a valid callback, no array or string given D:\wamp64\www\qiu\shop\ThinkPHP\Library\Think\Upload.class.php 第 170 行.

[ 2017-06-08T10:06:04+08:00 ] 127.0.0.1 /index.php/Admin/Goods/add_spec.html
INFO: [ app_begin ] --START--
INFO: Run Behavior\ReadHtmlCacheBehavior [ RunTime:0.001000s ]
INFO: [ app_begin ] --END-- [ RunTime:0.002000s ]
SQL: SHOW COLUMNS FROM `goods_type` [ RunTime:0.0010s ]
SQL: SELECT * FROM `goods_type`  [ RunTime:0.0000s ]
SQL: SHOW COLUMNS FROM `spec` [ RunTime:0.0010s ]
SQL: SELECT * FROM `spec` WHERE `type_id` = 1  [ RunTime:0.0010s ]
SQL: SHOW COLUMNS FROM `spec_items` [ RunTime:0.0010s ]
SQL: SELECT `id`,`item` FROM `spec_items` WHERE ( 1=1 AND spec_id='59' )  [ RunTime:0.0010s ]
SQL: SELECT `id`,`item` FROM `spec_items` WHERE ( 1=1 AND spec_id='58' )  [ RunTime:0.0000s ]
SQL: SELECT `id`,`item` FROM `spec_items` WHERE ( 1=1 AND spec_id='57' )  [ RunTime:0.0000s ]
SQL: SELECT * FROM `spec` WHERE `type_id` = 4  [ RunTime:0.0000s ]
SQL: SELECT * FROM `spec` WHERE `type_id` = 3  [ RunTime:0.0000s ]
SQL: SELECT * FROM `spec` WHERE `type_id` = 5  [ RunTime:0.0000s ]
INFO: [ view_parse ] --START--
INFO: [ template_filter ] --START--
INFO: Run Behavior\ContentReplaceBehavior [ RunTime:0.000000s ]
INFO: [ template_filter ] --END-- [ RunTime:0.000000s ]
INFO: Run Behavior\ParseTemplateBehavior [ RunTime:0.021001s ]
INFO: [ view_parse ] --END-- [ RunTime:0.021001s ]
INFO: [ view_filter ] --START--
INFO: Run Behavior\WriteHtmlCacheBehavior [ RunTime:0.002000s ]
INFO: [ view_filter ] --END-- [ RunTime:0.002000s ]
INFO: [ app_end ] --START--
INFO: Run Behavior\ShowPageTraceBehavior [ RunTime:0.001000s ]
INFO: [ app_end ] --END-- [ RunTime:0.001000s ]

[ 2017-06-08T10:06:07+08:00 ] 127.0.0.1 /index.php/Admin/Goods/handel_group.html
INFO: [ app_begin ] --START--
INFO: Run Behavior\ReadHtmlCacheBehavior [ RunTime:0.002000s ]
INFO: [ app_begin ] --END-- [ RunTime:0.003000s ]
SQL: SHOW COLUMNS FROM `spec_items` [ RunTime:0.0010s ]
SQL: SELECT * FROM `spec_items` WHERE `id` IN ('333','335')  [ RunTime:0.0000s ]
SQL: SHOW COLUMNS FROM `spec` [ RunTime:0.0010s ]
SQL: SELECT * FROM `spec` WHERE `id` IN (59)  [ RunTime:0.0000s ]
INFO: [ app_end ] --START--
INFO: Run Behavior\ShowPageTraceBehavior [ RunTime:0.002000s ]
INFO: [ app_end ] --END-- [ RunTime:0.002000s ]

[ 2017-06-08T10:06:45+08:00 ] 127.0.0.1 /index.php/Admin/Goods/upload.html
INFO: [ app_begin ] --START--
INFO: Run Behavior\ReadHtmlCacheBehavior [ RunTime:0.001000s ]
INFO: [ app_begin ] --END-- [ RunTime:0.002001s ]
NOTIC: [2] call_user_func() expects parameter 1 to be a valid callback, no array or string given D:\wamp64\www\qiu\shop\ThinkPHP\Library\Think\Upload.class.php 第 170 行.

[ 2017-06-08T10:06:45+08:00 ] 127.0.0.1 /index.php/Admin/Goods/upload.html
INFO: [ app_begin ] --START--
INFO: Run Behavior\ReadHtmlCacheBehavior [ RunTime:0.002000s ]
INFO: [ app_begin ] --END-- [ RunTime:0.002000s ]
NOTIC: [2] call_user_func() expects parameter 1 to be a valid callback, no array or string given D:\wamp64\www\qiu\shop\ThinkPHP\Library\Think\Upload.class.php 第 170 行.

[ 2017-06-08T10:06:45+08:00 ] 127.0.0.1 /index.php/Admin/Goods/upload.html
INFO: [ app_begin ] --START--
INFO: Run Behavior\ReadHtmlCacheBehavior [ RunTime:0.001000s ]
INFO: [ app_begin ] --END-- [ RunTime:0.001000s ]
NOTIC: [2] call_user_func() expects parameter 1 to be a valid callback, no array or string given D:\wamp64\www\qiu\shop\ThinkPHP\Library\Think\Upload.class.php 第 170 行.

[ 2017-06-08T10:06:48+08:00 ] 127.0.0.1 /index.php/Admin/Goods/add_spec.html
INFO: [ app_begin ] --START--
INFO: Run Behavior\ReadHtmlCacheBehavior [ RunTime:0.002000s ]
INFO: [ app_begin ] --END-- [ RunTime:0.003000s ]
SQL: SHOW COLUMNS FROM `goods_type` [ RunTime:0.0020s ]
SQL: SELECT * FROM `goods_type`  [ RunTime:0.0010s ]
SQL: SHOW COLUMNS FROM `spec` [ RunTime:0.0020s ]
SQL: SELECT * FROM `spec` WHERE `type_id` = 1  [ RunTime:0.0000s ]
SQL: SHOW COLUMNS FROM `spec_items` [ RunTime:0.0010s ]
SQL: SELECT `id`,`item` FROM `spec_items` WHERE ( 1=1 AND spec_id='59' )  [ RunTime:0.0010s ]
SQL: SELECT `id`,`item` FROM `spec_items` WHERE ( 1=1 AND spec_id='58' )  [ RunTime:0.0010s ]
SQL: SELECT `id`,`item` FROM `spec_items` WHERE ( 1=1 AND spec_id='57' )  [ RunTime:0.0000s ]
SQL: SELECT * FROM `spec` WHERE `type_id` = 4  [ RunTime:0.0000s ]
SQL: SELECT * FROM `spec` WHERE `type_id` = 3  [ RunTime:0.0010s ]
SQL: SELECT * FROM `spec` WHERE `type_id` = 5  [ RunTime:0.0010s ]
INFO: [ view_parse ] --START--
INFO: [ template_filter ] --START--
INFO: Run Behavior\ContentReplaceBehavior [ RunTime:0.000000s ]
INFO: [ template_filter ] --END-- [ RunTime:0.001000s ]
INFO: Run Behavior\ParseTemplateBehavior [ RunTime:0.021001s ]
INFO: [ view_parse ] --END-- [ RunTime:0.022001s ]
INFO: [ view_filter ] --START--
INFO: Run Behavior\WriteHtmlCacheBehavior [ RunTime:0.001000s ]
INFO: [ view_filter ] --END-- [ RunTime:0.002000s ]
INFO: [ app_end ] --START--
INFO: Run Behavior\ShowPageTraceBehavior [ RunTime:0.001000s ]
INFO: [ app_end ] --END-- [ RunTime:0.001000s ]

[ 2017-06-08T10:06:51+08:00 ] 127.0.0.1 /index.php/Admin/Goods/handel_group.html
INFO: [ app_begin ] --START--
INFO: Run Behavior\ReadHtmlCacheBehavior [ RunTime:0.002001s ]
INFO: [ app_begin ] --END-- [ RunTime:0.003001s ]
SQL: SHOW COLUMNS FROM `spec_items` [ RunTime:0.0010s ]
SQL: SELECT * FROM `spec_items` WHERE `id` IN ('333','330')  [ RunTime:0.0000s ]
SQL: SHOW COLUMNS FROM `spec` [ RunTime:0.0010s ]
SQL: SELECT * FROM `spec` WHERE `id` IN (58,59)  [ RunTime:0.0000s ]
INFO: [ app_end ] --START--
INFO: Run Behavior\ShowPageTraceBehavior [ RunTime:0.001000s ]
INFO: [ app_end ] --END-- [ RunTime:0.002000s ]

[ 2017-06-08T10:09:19+08:00 ] 127.0.0.1 /index.php/Admin/Goods/upload.html
INFO: [ app_begin ] --START--
INFO: Run Behavior\ReadHtmlCacheBehavior [ RunTime:0.001000s ]
INFO: [ app_begin ] --END-- [ RunTime:0.001000s ]
NOTIC: [2] call_user_func() expects parameter 1 to be a valid callback, no array or string given D:\wamp64\www\qiu\shop\ThinkPHP\Library\Think\Upload.class.php 第 170 行.

[ 2017-06-08T10:09:19+08:00 ] 127.0.0.1 /index.php/Admin/Goods/upload.html
INFO: [ app_begin ] --START--
INFO: Run Behavior\ReadHtmlCacheBehavior [ RunTime:0.001000s ]
INFO: [ app_begin ] --END-- [ RunTime:0.001000s ]
NOTIC: [2] call_user_func() expects parameter 1 to be a valid callback, no array or string given D:\wamp64\www\qiu\shop\ThinkPHP\Library\Think\Upload.class.php 第 170 行.

[ 2017-06-08T10:09:19+08:00 ] 127.0.0.1 /index.php/Admin/Goods/upload.html
INFO: [ app_begin ] --START--
INFO: Run Behavior\ReadHtmlCacheBehavior [ RunTime:0.001000s ]
INFO: [ app_begin ] --END-- [ RunTime:0.013001s ]
NOTIC: [2] call_user_func() expects parameter 1 to be a valid callback, no array or string given D:\wamp64\www\qiu\shop\ThinkPHP\Library\Think\Upload.class.php 第 170 行.

[ 2017-06-08T10:09:24+08:00 ] 127.0.0.1 /index.php/Admin/Goods/add_spec.html
INFO: [ app_begin ] --START--
INFO: Run Behavior\ReadHtmlCacheBehavior [ RunTime:0.002000s ]
INFO: [ app_begin ] --END-- [ RunTime:0.003000s ]
SQL: SHOW COLUMNS FROM `goods_type` [ RunTime:0.0010s ]
SQL: SELECT * FROM `goods_type`  [ RunTime:0.0010s ]
SQL: SHOW COLUMNS FROM `spec` [ RunTime:0.0010s ]
SQL: SELECT * FROM `spec` WHERE `type_id` = 1  [ RunTime:0.0010s ]
SQL: SHOW COLUMNS FROM `spec_items` [ RunTime:0.0010s ]
SQL: SELECT `id`,`item` FROM `spec_items` WHERE ( 1=1 AND spec_id='59' )  [ RunTime:0.0000s ]
SQL: SELECT `id`,`item` FROM `spec_items` WHERE ( 1=1 AND spec_id='58' )  [ RunTime:0.0000s ]
SQL: SELECT `id`,`item` FROM `spec_items` WHERE ( 1=1 AND spec_id='57' )  [ RunTime:0.0010s ]
SQL: SELECT * FROM `spec` WHERE `type_id` = 4  [ RunTime:0.0000s ]
SQL: SELECT * FROM `spec` WHERE `type_id` = 3  [ RunTime:0.0000s ]
SQL: SELECT * FROM `spec` WHERE `type_id` = 5  [ RunTime:0.0000s ]
INFO: [ view_parse ] --START--
INFO: [ template_filter ] --START--
INFO: Run Behavior\ContentReplaceBehavior [ RunTime:0.000000s ]
INFO: [ template_filter ] --END-- [ RunTime:0.000000s ]
INFO: Run Behavior\ParseTemplateBehavior [ RunTime:0.018001s ]
INFO: [ view_parse ] --END-- [ RunTime:0.018001s ]
INFO: [ view_filter ] --START--
INFO: Run Behavior\WriteHtmlCacheBehavior [ RunTime:0.001000s ]
INFO: [ view_filter ] --END-- [ RunTime:0.001000s ]
INFO: [ app_end ] --START--
INFO: Run Behavior\ShowPageTraceBehavior [ RunTime:0.001000s ]
INFO: [ app_end ] --END-- [ RunTime:0.002000s ]

[ 2017-06-08T10:09:27+08:00 ] 127.0.0.1 /index.php/Admin/Goods/handel_group.html
INFO: [ app_begin ] --START--
INFO: Run Behavior\ReadHtmlCacheBehavior [ RunTime:0.001000s ]
INFO: [ app_begin ] --END-- [ RunTime:0.002000s ]
SQL: SHOW COLUMNS FROM `spec_items` [ RunTime:0.0010s ]
SQL: SELECT * FROM `spec_items` WHERE `id` IN ('333','330')  [ RunTime:0.0000s ]
SQL: SHOW COLUMNS FROM `spec` [ RunTime:0.0010s ]
SQL: SELECT * FROM `spec` WHERE `id` IN (58,59)  [ RunTime:0.0010s ]
INFO: [ app_end ] --START--
INFO: Run Behavior\ShowPageTraceBehavior [ RunTime:0.001000s ]
INFO: [ app_end ] --END-- [ RunTime:0.002000s ]

[ 2017-06-08T10:09:57+08:00 ] 127.0.0.1 /index.php/Admin/Goods/upload.html
INFO: [ app_begin ] --START--
INFO: Run Behavior\ReadHtmlCacheBehavior [ RunTime:0.001000s ]
INFO: [ app_begin ] --END-- [ RunTime:0.002000s ]
NOTIC: [2] call_user_func() expects parameter 1 to be a valid callback, no array or string given D:\wamp64\www\qiu\shop\ThinkPHP\Library\Think\Upload.class.php 第 170 行.

[ 2017-06-08T10:09:57+08:00 ] 127.0.0.1 /index.php/Admin/Goods/upload.html
INFO: [ app_begin ] --START--
INFO: Run Behavior\ReadHtmlCacheBehavior [ RunTime:0.001000s ]
INFO: [ app_begin ] --END-- [ RunTime:0.002000s ]
NOTIC: [2] call_user_func() expects parameter 1 to be a valid callback, no array or string given D:\wamp64\www\qiu\shop\ThinkPHP\Library\Think\Upload.class.php 第 170 行.

[ 2017-06-08T10:09:58+08:00 ] 127.0.0.1 /index.php/Admin/Goods/upload.html
INFO: [ app_begin ] --START--
INFO: Run Behavior\ReadHtmlCacheBehavior [ RunTime:0.001000s ]
INFO: [ app_begin ] --END-- [ RunTime:0.001000s ]
NOTIC: [2] call_user_func() expects parameter 1 to be a valid callback, no array or string given D:\wamp64\www\qiu\shop\ThinkPHP\Library\Think\Upload.class.php 第 170 行.

[ 2017-06-08T10:12:05+08:00 ] 127.0.0.1 /index.php/Admin/Goods/upload.html
INFO: [ app_begin ] --START--
INFO: Run Behavior\ReadHtmlCacheBehavior [ RunTime:0.001001s ]
INFO: [ app_begin ] --END-- [ RunTime:0.002001s ]
NOTIC: [2] Illegal string offset 'name' D:\wamp64\www\qiu\shop\ThinkPHP\Library\Think\Upload.class.php 第 230 行.
NOTIC: [2] Illegal string offset 'name' D:\wamp64\www\qiu\shop\ThinkPHP\Library\Think\Upload.class.php 第 148 行.
NOTIC: [2] Illegal string offset 'name' D:\wamp64\www\qiu\shop\ThinkPHP\Library\Think\Upload.class.php 第 148 行.
NOTIC: [2] Illegal string offset 'key' D:\wamp64\www\qiu\shop\ThinkPHP\Library\Think\Upload.class.php 第 149 行.
NOTIC: [2] Illegal string offset 'tmp_name' D:\wamp64\www\qiu\shop\ThinkPHP\Library\Think\Upload.class.php 第 152 行.
NOTIC: [2] finfo_file(n): failed to open stream: No such file or directory D:\wamp64\www\qiu\shop\ThinkPHP\Library\Think\Upload.class.php 第 152 行.
NOTIC: [2] Illegal string offset 'type' D:\wamp64\www\qiu\shop\ThinkPHP\Library\Think\Upload.class.php 第 152 行.
NOTIC: [2] Illegal string offset 'name' D:\wamp64\www\qiu\shop\ThinkPHP\Library\Think\Upload.class.php 第 156 行.
NOTIC: [2] Illegal string offset 'ext' D:\wamp64\www\qiu\shop\ThinkPHP\Library\Think\Upload.class.php 第 156 行.
NOTIC: [2] Illegal string offset 'error' D:\wamp64\www\qiu\shop\ThinkPHP\Library\Think\Upload.class.php 第 269 行.
NOTIC: [2] Illegal string offset 'error' D:\wamp64\www\qiu\shop\ThinkPHP\Library\Think\Upload.class.php 第 270 行.
NOTIC: [2] Illegal string offset 'name' D:\wamp64\www\qiu\shop\ThinkPHP\Library\Think\Upload.class.php 第 148 行.
NOTIC: [2] Illegal string offset 'name' D:\wamp64\www\qiu\shop\ThinkPHP\Library\Think\Upload.class.php 第 148 行.
NOTIC: [2] Illegal string offset 'key' D:\wamp64\www\qiu\shop\ThinkPHP\Library\Think\Upload.class.php 第 149 行.
NOTIC: [2] Illegal string offset 'tmp_name' D:\wamp64\www\qiu\shop\ThinkPHP\Library\Think\Upload.class.php 第 152 行.
NOTIC: [2] finfo_file(t): failed to open stream: No such file or directory D:\wamp64\www\qiu\shop\ThinkPHP\Library\Think\Upload.class.php 第 152 行.
NOTIC: [2] Illegal string offset 'type' D:\wamp64\www\qiu\shop\ThinkPHP\Library\Think\Upload.class.php 第 152 行.
NOTIC: [2] Illegal string offset 'name' D:\wamp64\www\qiu\shop\ThinkPHP\Library\Think\Upload.class.php 第 156 行.
NOTIC: [2] Illegal string offset 'ext' D:\wamp64\www\qiu\shop\ThinkPHP\Library\Think\Upload.class.php 第 156 行.
NOTIC: [2] Illegal string offset 'error' D:\wamp64\www\qiu\shop\ThinkPHP\Library\Think\Upload.class.php 第 269 行.
NOTIC: [2] Illegal string offset 'error' D:\wamp64\www\qiu\shop\ThinkPHP\Library\Think\Upload.class.php 第 270 行.
NOTIC: [2] Illegal string offset 'name' D:\wamp64\www\qiu\shop\ThinkPHP\Library\Think\Upload.class.php 第 148 行.
NOTIC: [2] Illegal string offset 'name' D:\wamp64\www\qiu\shop\ThinkPHP\Library\Think\Upload.class.php 第 148 行.
NOTIC: [2] Illegal string offset 'key' D:\wamp64\www\qiu\shop\ThinkPHP\Library\Think\Upload.class.php 第 149 行.
NOTIC: [2] Illegal string offset 'tmp_name' D:\wamp64\www\qiu\shop\ThinkPHP\Library\Think\Upload.class.php 第 152 行.
NOTIC: [2] finfo_file(t): failed to open stream: No such file or directory D:\wamp64\www\qiu\shop\ThinkPHP\Library\Think\Upload.class.php 第 152 行.
NOTIC: [2] Illegal string offset 'type' D:\wamp64\www\qiu\shop\ThinkPHP\Library\Think\Upload.class.php 第 152 行.
NOTIC: [2] Illegal string offset 'name' D:\wamp64\www\qiu\shop\ThinkPHP\Library\Think\Upload.class.php 第 156 行.
NOTIC: [2] Illegal string offset 'ext' D:\wamp64\www\qiu\shop\ThinkPHP\Library\Think\Upload.class.php 第 156 行.
NOTIC: [2] Illegal string offset 'error' D:\wamp64\www\qiu\shop\ThinkPHP\Library\Think\Upload.class.php 第 269 行.
NOTIC: [2] Illegal string offset 'error' D:\wamp64\www\qiu\shop\ThinkPHP\Library\Think\Upload.class.php 第 270 行.
NOTIC: [2] Cannot use a scalar value as an array D:\wamp64\www\qiu\shop\ThinkPHP\Library\Think\Upload.class.php 第 148 行.
NOTIC: [2] Cannot use a scalar value as an array D:\wamp64\www\qiu\shop\ThinkPHP\Library\Think\Upload.class.php 第 149 行.
NOTIC: [2] finfo_file(): Empty filename or path D:\wamp64\www\qiu\shop\ThinkPHP\Library\Think\Upload.class.php 第 152 行.
NOTIC: [2] Cannot use a scalar value as an array D:\wamp64\www\qiu\shop\ThinkPHP\Library\Think\Upload.class.php 第 152 行.
NOTIC: [2] Cannot use a scalar value as an array D:\wamp64\www\qiu\shop\ThinkPHP\Library\Think\Upload.class.php 第 156 行.
NOTIC: [2] Cannot use a scalar value as an array D:\wamp64\www\qiu\shop\ThinkPHP\Library\Think\Upload.class.php 第 148 行.
NOTIC: [2] Cannot use a scalar value as an array D:\wamp64\www\qiu\shop\ThinkPHP\Library\Think\Upload.class.php 第 149 行.
NOTIC: [2] finfo_file(): Empty filename or path D:\wamp64\www\qiu\shop\ThinkPHP\Library\Think\Upload.class.php 第 152 行.
NOTIC: [2] Cannot use a scalar value as an array D:\wamp64\www\qiu\shop\ThinkPHP\Library\Think\Upload.class.php 第 152 行.
NOTIC: [2] Cannot use a scalar value as an array D:\wamp64\www\qiu\shop\ThinkPHP\Library\Think\Upload.class.php 第 156 行.

[ 2017-06-08T10:12:06+08:00 ] 127.0.0.1 /index.php/Admin/Goods/upload.html
INFO: [ app_begin ] --START--
INFO: Run Behavior\ReadHtmlCacheBehavior [ RunTime:0.001000s ]
INFO: [ app_begin ] --END-- [ RunTime:0.001000s ]
NOTIC: [2] Illegal string offset 'name' D:\wamp64\www\qiu\shop\ThinkPHP\Library\Think\Upload.class.php 第 230 行.
NOTIC: [2] Illegal string offset 'name' D:\wamp64\www\qiu\shop\ThinkPHP\Library\Think\Upload.class.php 第 148 行.
NOTIC: [2] Illegal string offset 'name' D:\wamp64\www\qiu\shop\ThinkPHP\Library\Think\Upload.class.php 第 148 行.
NOTIC: [2] Illegal string offset 'key' D:\wamp64\www\qiu\shop\ThinkPHP\Library\Think\Upload.class.php 第 149 行.
NOTIC: [2] Illegal string offset 'tmp_name' D:\wamp64\www\qiu\shop\ThinkPHP\Library\Think\Upload.class.php 第 152 行.
NOTIC: [2] finfo_file(n): failed to open stream: No such file or directory D:\wamp64\www\qiu\shop\ThinkPHP\Library\Think\Upload.class.php 第 152 行.
NOTIC: [2] Illegal string offset 'type' D:\wamp64\www\qiu\shop\ThinkPHP\Library\Think\Upload.class.php 第 152 行.
NOTIC: [2] Illegal string offset 'name' D:\wamp64\www\qiu\shop\ThinkPHP\Library\Think\Upload.class.php 第 156 行.
NOTIC: [2] Illegal string offset 'ext' D:\wamp64\www\qiu\shop\ThinkPHP\Library\Think\Upload.class.php 第 156 行.
NOTIC: [2] Illegal string offset 'error' D:\wamp64\www\qiu\shop\ThinkPHP\Library\Think\Upload.class.php 第 269 行.
NOTIC: [2] Illegal string offset 'error' D:\wamp64\www\qiu\shop\ThinkPHP\Library\Think\Upload.class.php 第 270 行.
NOTIC: [2] Illegal string offset 'name' D:\wamp64\www\qiu\shop\ThinkPHP\Library\Think\Upload.class.php 第 148 行.
NOTIC: [2] Illegal string offset 'name' D:\wamp64\www\qiu\shop\ThinkPHP\Library\Think\Upload.class.php 第 148 行.
NOTIC: [2] Illegal string offset 'key' D:\wamp64\www\qiu\shop\ThinkPHP\Library\Think\Upload.class.php 第 149 行.
NOTIC: [2] Illegal string offset 'tmp_name' D:\wamp64\www\qiu\shop\ThinkPHP\Library\Think\Upload.class.php 第 152 行.
NOTIC: [2] finfo_file(t): failed to open stream: No such file or directory D:\wamp64\www\qiu\shop\ThinkPHP\Library\Think\Upload.class.php 第 152 行.
NOTIC: [2] Illegal string offset 'type' D:\wamp64\www\qiu\shop\ThinkPHP\Library\Think\Upload.class.php 第 152 行.
NOTIC: [2] Illegal string offset 'name' D:\wamp64\www\qiu\shop\ThinkPHP\Library\Think\Upload.class.php 第 156 行.
NOTIC: [2] Illegal string offset 'ext' D:\wamp64\www\qiu\shop\ThinkPHP\Library\Think\Upload.class.php 第 156 行.
NOTIC: [2] Illegal string offset 'error' D:\wamp64\www\qiu\shop\ThinkPHP\Library\Think\Upload.class.php 第 269 行.
NOTIC: [2] Illegal string offset 'error' D:\wamp64\www\qiu\shop\ThinkPHP\Library\Think\Upload.class.php 第 270 行.
NOTIC: [2] Illegal string offset 'name' D:\wamp64\www\qiu\shop\ThinkPHP\Library\Think\Upload.class.php 第 148 行.
NOTIC: [2] Illegal string offset 'name' D:\wamp64\www\qiu\shop\ThinkPHP\Library\Think\Upload.class.php 第 148 行.
NOTIC: [2] Illegal string offset 'key' D:\wamp64\www\qiu\shop\ThinkPHP\Library\Think\Upload.class.php 第 149 行.
NOTIC: [2] Illegal string offset 'tmp_name' D:\wamp64\www\qiu\shop\ThinkPHP\Library\Think\Upload.class.php 第 152 行.
NOTIC: [2] finfo_file(t): failed to open stream: No such file or directory D:\wamp64\www\qiu\shop\ThinkPHP\Library\Think\Upload.class.php 第 152 行.
NOTIC: [2] Illegal string offset 'type' D:\wamp64\www\qiu\shop\ThinkPHP\Library\Think\Upload.class.php 第 152 行.
NOTIC: [2] Illegal string offset 'name' D:\wamp64\www\qiu\shop\ThinkPHP\Library\Think\Upload.class.php 第 156 行.
NOTIC: [2] Illegal string offset 'ext' D:\wamp64\www\qiu\shop\ThinkPHP\Library\Think\Upload.class.php 第 156 行.
NOTIC: [2] Illegal string offset 'error' D:\wamp64\www\qiu\shop\ThinkPHP\Library\Think\Upload.class.php 第 269 行.
NOTIC: [2] Illegal string offset 'error' D:\wamp64\www\qiu\shop\ThinkPHP\Library\Think\Upload.class.php 第 270 行.
NOTIC: [2] Cannot use a scalar value as an array D:\wamp64\www\qiu\shop\ThinkPHP\Library\Think\Upload.class.php 第 148 行.
NOTIC: [2] Cannot use a scalar value as an array D:\wamp64\www\qiu\shop\ThinkPHP\Library\Think\Upload.class.php 第 149 行.
NOTIC: [2] finfo_file(): Empty filename or path D:\wamp64\www\qiu\shop\ThinkPHP\Library\Think\Upload.class.php 第 152 行.
NOTIC: [2] Cannot use a scalar value as an array D:\wamp64\www\qiu\shop\ThinkPHP\Library\Think\Upload.class.php 第 152 行.
NOTIC: [2] Cannot use a scalar value as an array D:\wamp64\www\qiu\shop\ThinkPHP\Library\Think\Upload.class.php 第 156 行.
NOTIC: [2] Cannot use a scalar value as an array D:\wamp64\www\qiu\shop\ThinkPHP\Library\Think\Upload.class.php 第 148 行.
NOTIC: [2] Cannot use a scalar value as an array D:\wamp64\www\qiu\shop\ThinkPHP\Library\Think\Upload.class.php 第 149 行.
NOTIC: [2] finfo_file(): Empty filename or path D:\wamp64\www\qiu\shop\ThinkPHP\Library\Think\Upload.class.php 第 152 行.
NOTIC: [2] Cannot use a scalar value as an array D:\wamp64\www\qiu\shop\ThinkPHP\Library\Think\Upload.class.php 第 152 行.
NOTIC: [2] Cannot use a scalar value as an array D:\wamp64\www\qiu\shop\ThinkPHP\Library\Think\Upload.class.php 第 156 行.

[ 2017-06-08T10:12:06+08:00 ] 127.0.0.1 /index.php/Admin/Goods/upload.html
INFO: [ app_begin ] --START--
INFO: Run Behavior\ReadHtmlCacheBehavior [ RunTime:0.001000s ]
INFO: [ app_begin ] --END-- [ RunTime:0.002000s ]
NOTIC: [2] Illegal string offset 'name' D:\wamp64\www\qiu\shop\ThinkPHP\Library\Think\Upload.class.php 第 230 行.
NOTIC: [2] Illegal string offset 'name' D:\wamp64\www\qiu\shop\ThinkPHP\Library\Think\Upload.class.php 第 148 行.
NOTIC: [2] Illegal string offset 'name' D:\wamp64\www\qiu\shop\ThinkPHP\Library\Think\Upload.class.php 第 148 行.
NOTIC: [2] Illegal string offset 'key' D:\wamp64\www\qiu\shop\ThinkPHP\Library\Think\Upload.class.php 第 149 行.
NOTIC: [2] Illegal string offset 'tmp_name' D:\wamp64\www\qiu\shop\ThinkPHP\Library\Think\Upload.class.php 第 152 行.
NOTIC: [2] finfo_file(n): failed to open stream: No such file or directory D:\wamp64\www\qiu\shop\ThinkPHP\Library\Think\Upload.class.php 第 152 行.
NOTIC: [2] Illegal string offset 'type' D:\wamp64\www\qiu\shop\ThinkPHP\Library\Think\Upload.class.php 第 152 行.
NOTIC: [2] Illegal string offset 'name' D:\wamp64\www\qiu\shop\ThinkPHP\Library\Think\Upload.class.php 第 156 行.
NOTIC: [2] Illegal string offset 'ext' D:\wamp64\www\qiu\shop\ThinkPHP\Library\Think\Upload.class.php 第 156 行.
NOTIC: [2] Illegal string offset 'error' D:\wamp64\www\qiu\shop\ThinkPHP\Library\Think\Upload.class.php 第 269 行.
NOTIC: [2] Illegal string offset 'error' D:\wamp64\www\qiu\shop\ThinkPHP\Library\Think\Upload.class.php 第 270 行.
NOTIC: [2] Illegal string offset 'name' D:\wamp64\www\qiu\shop\ThinkPHP\Library\Think\Upload.class.php 第 148 行.
NOTIC: [2] Illegal string offset 'name' D:\wamp64\www\qiu\shop\ThinkPHP\Library\Think\Upload.class.php 第 148 行.
NOTIC: [2] Illegal string offset 'key' D:\wamp64\www\qiu\shop\ThinkPHP\Library\Think\Upload.class.php 第 149 行.
NOTIC: [2] Illegal string offset 'tmp_name' D:\wamp64\www\qiu\shop\ThinkPHP\Library\Think\Upload.class.php 第 152 行.
NOTIC: [2] finfo_file(t): failed to open stream: No such file or directory D:\wamp64\www\qiu\shop\ThinkPHP\Library\Think\Upload.class.php 第 152 行.
NOTIC: [2] Illegal string offset 'type' D:\wamp64\www\qiu\shop\ThinkPHP\Library\Think\Upload.class.php 第 152 行.
NOTIC: [2] Illegal string offset 'name' D:\wamp64\www\qiu\shop\ThinkPHP\Library\Think\Upload.class.php 第 156 行.
NOTIC: [2] Illegal string offset 'ext' D:\wamp64\www\qiu\shop\ThinkPHP\Library\Think\Upload.class.php 第 156 行.
NOTIC: [2] Illegal string offset 'error' D:\wamp64\www\qiu\shop\ThinkPHP\Library\Think\Upload.class.php 第 269 行.
NOTIC: [2] Illegal string offset 'error' D:\wamp64\www\qiu\shop\ThinkPHP\Library\Think\Upload.class.php 第 270 行.
NOTIC: [2] Illegal string offset 'name' D:\wamp64\www\qiu\shop\ThinkPHP\Library\Think\Upload.class.php 第 148 行.
NOTIC: [2] Illegal string offset 'name' D:\wamp64\www\qiu\shop\ThinkPHP\Library\Think\Upload.class.php 第 148 行.
NOTIC: [2] Illegal string offset 'key' D:\wamp64\www\qiu\shop\ThinkPHP\Library\Think\Upload.class.php 第 149 行.
NOTIC: [2] Illegal string offset 'tmp_name' D:\wamp64\www\qiu\shop\ThinkPHP\Library\Think\Upload.class.php 第 152 行.
NOTIC: [2] finfo_file(t): failed to open stream: No such file or directory D:\wamp64\www\qiu\shop\ThinkPHP\Library\Think\Upload.class.php 第 152 行.
NOTIC: [2] Illegal string offset 'type' D:\wamp64\www\qiu\shop\ThinkPHP\Library\Think\Upload.class.php 第 152 行.
NOTIC: [2] Illegal string offset 'name' D:\wamp64\www\qiu\shop\ThinkPHP\Library\Think\Upload.class.php 第 156 行.
NOTIC: [2] Illegal string offset 'ext' D:\wamp64\www\qiu\shop\ThinkPHP\Library\Think\Upload.class.php 第 156 行.
NOTIC: [2] Illegal string offset 'error' D:\wamp64\www\qiu\shop\ThinkPHP\Library\Think\Upload.class.php 第 269 行.
NOTIC: [2] Illegal string offset 'error' D:\wamp64\www\qiu\shop\ThinkPHP\Library\Think\Upload.class.php 第 270 行.
NOTIC: [2] Cannot use a scalar value as an array D:\wamp64\www\qiu\shop\ThinkPHP\Library\Think\Upload.class.php 第 148 行.
NOTIC: [2] Cannot use a scalar value as an array D:\wamp64\www\qiu\shop\ThinkPHP\Library\Think\Upload.class.php 第 149 行.
NOTIC: [2] finfo_file(): Empty filename or path D:\wamp64\www\qiu\shop\ThinkPHP\Library\Think\Upload.class.php 第 152 行.
NOTIC: [2] Cannot use a scalar value as an array D:\wamp64\www\qiu\shop\ThinkPHP\Library\Think\Upload.class.php 第 152 行.
NOTIC: [2] Cannot use a scalar value as an array D:\wamp64\www\qiu\shop\ThinkPHP\Library\Think\Upload.class.php 第 156 行.
NOTIC: [2] Cannot use a scalar value as an array D:\wamp64\www\qiu\shop\ThinkPHP\Library\Think\Upload.class.php 第 148 行.
NOTIC: [2] Cannot use a scalar value as an array D:\wamp64\www\qiu\shop\ThinkPHP\Library\Think\Upload.class.php 第 149 行.
NOTIC: [2] finfo_file(): Empty filename or path D:\wamp64\www\qiu\shop\ThinkPHP\Library\Think\Upload.class.php 第 152 行.
NOTIC: [2] Cannot use a scalar value as an array D:\wamp64\www\qiu\shop\ThinkPHP\Library\Think\Upload.class.php 第 152 行.
NOTIC: [2] Cannot use a scalar value as an array D:\wamp64\www\qiu\shop\ThinkPHP\Library\Think\Upload.class.php 第 156 行.

[ 2017-06-08T10:12:07+08:00 ] 127.0.0.1 /index.php/Admin/Goods/add_spec.html
INFO: [ app_begin ] --START--
INFO: Run Behavior\ReadHtmlCacheBehavior [ RunTime:0.001000s ]
INFO: [ app_begin ] --END-- [ RunTime:0.001000s ]
SQL: SHOW COLUMNS FROM `goods_type` [ RunTime:0.0010s ]
SQL: SELECT * FROM `goods_type`  [ RunTime:0.0000s ]
SQL: SHOW COLUMNS FROM `spec` [ RunTime:0.0010s ]
SQL: SELECT * FROM `spec` WHERE `type_id` = 1  [ RunTime:0.0010s ]
SQL: SHOW COLUMNS FROM `spec_items` [ RunTime:0.0000s ]
SQL: SELECT `id`,`item` FROM `spec_items` WHERE ( 1=1 AND spec_id='59' )  [ RunTime:0.0000s ]
SQL: SELECT `id`,`item` FROM `spec_items` WHERE ( 1=1 AND spec_id='58' )  [ RunTime:0.0000s ]
SQL: SELECT `id`,`item` FROM `spec_items` WHERE ( 1=1 AND spec_id='57' )  [ RunTime:0.0000s ]
SQL: SELECT * FROM `spec` WHERE `type_id` = 4  [ RunTime:0.0010s ]
SQL: SELECT * FROM `spec` WHERE `type_id` = 3  [ RunTime:0.0000s ]
SQL: SELECT * FROM `spec` WHERE `type_id` = 5  [ RunTime:0.0000s ]
INFO: [ view_parse ] --START--
INFO: [ template_filter ] --START--
INFO: Run Behavior\ContentReplaceBehavior [ RunTime:0.000000s ]
INFO: [ template_filter ] --END-- [ RunTime:0.000000s ]
INFO: Run Behavior\ParseTemplateBehavior [ RunTime:0.018001s ]
INFO: [ view_parse ] --END-- [ RunTime:0.018001s ]
INFO: [ view_filter ] --START--
INFO: Run Behavior\WriteHtmlCacheBehavior [ RunTime:0.001000s ]
INFO: [ view_filter ] --END-- [ RunTime:0.001000s ]
INFO: [ app_end ] --START--
INFO: Run Behavior\ShowPageTraceBehavior [ RunTime:0.001000s ]
INFO: [ app_end ] --END-- [ RunTime:0.001000s ]

[ 2017-06-08T10:12:11+08:00 ] 127.0.0.1 /index.php/Admin/Goods/handel_group.html
INFO: [ app_begin ] --START--
INFO: Run Behavior\ReadHtmlCacheBehavior [ RunTime:0.001001s ]
INFO: [ app_begin ] --END-- [ RunTime:0.001001s ]
SQL: SHOW COLUMNS FROM `spec_items` [ RunTime:0.0010s ]
SQL: SELECT * FROM `spec_items` WHERE `id` IN ('333','335','330')  [ RunTime:0.0000s ]
SQL: SHOW COLUMNS FROM `spec` [ RunTime:0.0010s ]
SQL: SELECT * FROM `spec` WHERE `id` IN (58,59)  [ RunTime:0.0010s ]
INFO: [ app_end ] --START--
INFO: Run Behavior\ShowPageTraceBehavior [ RunTime:0.001000s ]
INFO: [ app_end ] --END-- [ RunTime:0.001000s ]

[ 2017-06-08T10:13:13+08:00 ] 127.0.0.1 /index.php/Admin/Goods/upload.html
INFO: [ app_begin ] --START--
INFO: Run Behavior\ReadHtmlCacheBehavior [ RunTime:0.001000s ]
INFO: [ app_begin ] --END-- [ RunTime:0.001000s ]
NOTIC: [2] call_user_func() expects parameter 1 to be a valid callback, no array or string given D:\wamp64\www\qiu\shop\ThinkPHP\Library\Think\Upload.class.php 第 170 行.

[ 2017-06-08T10:13:13+08:00 ] 127.0.0.1 /index.php/Admin/Goods/upload.html
INFO: [ app_begin ] --START--
INFO: Run Behavior\ReadHtmlCacheBehavior [ RunTime:0.002000s ]
INFO: [ app_begin ] --END-- [ RunTime:0.003000s ]
NOTIC: [2] call_user_func() expects parameter 1 to be a valid callback, no array or string given D:\wamp64\www\qiu\shop\ThinkPHP\Library\Think\Upload.class.php 第 170 行.

[ 2017-06-08T10:13:13+08:00 ] 127.0.0.1 /index.php/Admin/Goods/upload.html
INFO: [ app_begin ] --START--
INFO: Run Behavior\ReadHtmlCacheBehavior [ RunTime:0.001000s ]
INFO: [ app_begin ] --END-- [ RunTime:0.006001s ]
NOTIC: [2] call_user_func() expects parameter 1 to be a valid callback, no array or string given D:\wamp64\www\qiu\shop\ThinkPHP\Library\Think\Upload.class.php 第 170 行.

[ 2017-06-08T10:13:14+08:00 ] 127.0.0.1 /index.php/Admin/Goods/add_spec.html
INFO: [ app_begin ] --START--
INFO: Run Behavior\ReadHtmlCacheBehavior [ RunTime:0.001000s ]
INFO: [ app_begin ] --END-- [ RunTime:0.003000s ]
SQL: SHOW COLUMNS FROM `goods_type` [ RunTime:0.0010s ]
SQL: SELECT * FROM `goods_type`  [ RunTime:0.0010s ]
SQL: SHOW COLUMNS FROM `spec` [ RunTime:0.0000s ]
SQL: SELECT * FROM `spec` WHERE `type_id` = 1  [ RunTime:0.0000s ]
SQL: SHOW COLUMNS FROM `spec_items` [ RunTime:0.0000s ]
SQL: SELECT `id`,`item` FROM `spec_items` WHERE ( 1=1 AND spec_id='59' )  [ RunTime:0.0000s ]
SQL: SELECT `id`,`item` FROM `spec_items` WHERE ( 1=1 AND spec_id='58' )  [ RunTime:0.0000s ]
SQL: SELECT `id`,`item` FROM `spec_items` WHERE ( 1=1 AND spec_id='57' )  [ RunTime:0.0000s ]
SQL: SELECT * FROM `spec` WHERE `type_id` = 4  [ RunTime:0.0000s ]
SQL: SELECT * FROM `spec` WHERE `type_id` = 3  [ RunTime:0.0010s ]
SQL: SELECT * FROM `spec` WHERE `type_id` = 5  [ RunTime:0.0000s ]
INFO: [ view_parse ] --START--
INFO: [ template_filter ] --START--
INFO: Run Behavior\ContentReplaceBehavior [ RunTime:0.001000s ]
INFO: [ template_filter ] --END-- [ RunTime:0.001000s ]
INFO: Run Behavior\ParseTemplateBehavior [ RunTime:0.019001s ]
INFO: [ view_parse ] --END-- [ RunTime:0.019001s ]
INFO: [ view_filter ] --START--
INFO: Run Behavior\WriteHtmlCacheBehavior [ RunTime:0.001000s ]
INFO: [ view_filter ] --END-- [ RunTime:0.001000s ]
INFO: [ app_end ] --START--
INFO: Run Behavior\ShowPageTraceBehavior [ RunTime:0.001000s ]
INFO: [ app_end ] --END-- [ RunTime:0.001000s ]

[ 2017-06-08T10:13:18+08:00 ] 127.0.0.1 /index.php/Admin/Goods/handel_group.html
INFO: [ app_begin ] --START--
INFO: Run Behavior\ReadHtmlCacheBehavior [ RunTime:0.002000s ]
INFO: [ app_begin ] --END-- [ RunTime:0.003000s ]
SQL: SHOW COLUMNS FROM `spec_items` [ RunTime:0.0010s ]
SQL: SELECT * FROM `spec_items` WHERE `id` IN ('333','335')  [ RunTime:0.0000s ]
SQL: SHOW COLUMNS FROM `spec` [ RunTime:0.0010s ]
SQL: SELECT * FROM `spec` WHERE `id` IN (59)  [ RunTime:0.0000s ]
INFO: [ app_end ] --START--
INFO: Run Behavior\ShowPageTraceBehavior [ RunTime:0.002000s ]
INFO: [ app_end ] --END-- [ RunTime:0.002000s ]

[ 2017-06-08T10:14:59+08:00 ] 127.0.0.1 /index.php/Admin/Goods/upload.html
INFO: [ app_begin ] --START--
INFO: Run Behavior\ReadHtmlCacheBehavior [ RunTime:0.001000s ]
INFO: [ app_begin ] --END-- [ RunTime:0.002000s ]
NOTIC: [2] call_user_func() expects parameter 1 to be a valid callback, no array or string given D:\wamp64\www\qiu\shop\ThinkPHP\Library\Think\Upload.class.php 第 170 行.

[ 2017-06-08T10:14:59+08:00 ] 127.0.0.1 /index.php/Admin/Goods/upload.html
INFO: [ app_begin ] --START--
INFO: Run Behavior\ReadHtmlCacheBehavior [ RunTime:0.001000s ]
INFO: [ app_begin ] --END-- [ RunTime:0.002000s ]
NOTIC: [2] call_user_func() expects parameter 1 to be a valid callback, no array or string given D:\wamp64\www\qiu\shop\ThinkPHP\Library\Think\Upload.class.php 第 170 行.

[ 2017-06-08T10:14:59+08:00 ] 127.0.0.1 /index.php/Admin/Goods/upload.html
INFO: [ app_begin ] --START--
INFO: Run Behavior\ReadHtmlCacheBehavior [ RunTime:0.001000s ]
INFO: [ app_begin ] --END-- [ RunTime:0.002000s ]
NOTIC: [2] call_user_func() expects parameter 1 to be a valid callback, no array or string given D:\wamp64\www\qiu\shop\ThinkPHP\Library\Think\Upload.class.php 第 170 行.

[ 2017-06-08T10:15:00+08:00 ] 127.0.0.1 /index.php/Admin/Goods/add_spec.html
INFO: [ app_begin ] --START--
INFO: Run Behavior\ReadHtmlCacheBehavior [ RunTime:0.001000s ]
INFO: [ app_begin ] --END-- [ RunTime:0.002000s ]
SQL: SHOW COLUMNS FROM `goods_type` [ RunTime:0.0010s ]
SQL: SELECT * FROM `goods_type`  [ RunTime:0.0000s ]
SQL: SHOW COLUMNS FROM `spec` [ RunTime:0.0010s ]
SQL: SELECT * FROM `spec` WHERE `type_id` = 1  [ RunTime:0.0000s ]
SQL: SHOW COLUMNS FROM `spec_items` [ RunTime:0.0000s ]
SQL: SELECT `id`,`item` FROM `spec_items` WHERE ( 1=1 AND spec_id='59' )  [ RunTime:0.0010s ]
SQL: SELECT `id`,`item` FROM `spec_items` WHERE ( 1=1 AND spec_id='58' )  [ RunTime:0.0010s ]
SQL: SELECT `id`,`item` FROM `spec_items` WHERE ( 1=1 AND spec_id='57' )  [ RunTime:0.0010s ]
SQL: SELECT * FROM `spec` WHERE `type_id` = 4  [ RunTime:0.0000s ]
SQL: SELECT * FROM `spec` WHERE `type_id` = 3  [ RunTime:0.0010s ]
SQL: SELECT * FROM `spec` WHERE `type_id` = 5  [ RunTime:0.0000s ]
INFO: [ view_parse ] --START--
INFO: [ template_filter ] --START--
INFO: Run Behavior\ContentReplaceBehavior [ RunTime:0.000000s ]
INFO: [ template_filter ] --END-- [ RunTime:0.000000s ]
INFO: Run Behavior\ParseTemplateBehavior [ RunTime:0.021002s ]
INFO: [ view_parse ] --END-- [ RunTime:0.021002s ]
INFO: [ view_filter ] --START--
INFO: Run Behavior\WriteHtmlCacheBehavior [ RunTime:0.001000s ]
INFO: [ view_filter ] --END-- [ RunTime:0.001000s ]
INFO: [ app_end ] --START--
INFO: Run Behavior\ShowPageTraceBehavior [ RunTime:0.001000s ]
INFO: [ app_end ] --END-- [ RunTime:0.001000s ]

[ 2017-06-08T10:15:03+08:00 ] 127.0.0.1 /index.php/Admin/Goods/handel_group.html
INFO: [ app_begin ] --START--
INFO: Run Behavior\ReadHtmlCacheBehavior [ RunTime:0.001000s ]
INFO: [ app_begin ] --END-- [ RunTime:0.002000s ]
SQL: SHOW COLUMNS FROM `spec_items` [ RunTime:0.0010s ]
SQL: SELECT * FROM `spec_items` WHERE `id` IN ('335','331')  [ RunTime:0.0000s ]
SQL: SHOW COLUMNS FROM `spec` [ RunTime:0.0000s ]
SQL: SELECT * FROM `spec` WHERE `id` IN (58,59)  [ RunTime:0.0000s ]
INFO: [ app_end ] --START--
INFO: Run Behavior\ShowPageTraceBehavior [ RunTime:0.001000s ]
INFO: [ app_end ] --END-- [ RunTime:0.001000s ]

[ 2017-06-08T10:15:44+08:00 ] 127.0.0.1 /index.php/Admin/Goods/upload.html
INFO: [ app_begin ] --START--
INFO: Run Behavior\ReadHtmlCacheBehavior [ RunTime:0.002000s ]
INFO: [ app_begin ] --END-- [ RunTime:0.004000s ]
NOTIC: [2] call_user_func() expects parameter 1 to be a valid callback, no array or string given D:\wamp64\www\qiu\shop\ThinkPHP\Library\Think\Upload.class.php 第 170 行.

[ 2017-06-08T10:15:44+08:00 ] 127.0.0.1 /index.php/Admin/Goods/upload.html
INFO: [ app_begin ] --START--
INFO: Run Behavior\ReadHtmlCacheBehavior [ RunTime:0.001001s ]
INFO: [ app_begin ] --END-- [ RunTime:0.002001s ]
NOTIC: [2] call_user_func() expects parameter 1 to be a valid callback, no array or string given D:\wamp64\www\qiu\shop\ThinkPHP\Library\Think\Upload.class.php 第 170 行.

[ 2017-06-08T10:15:44+08:00 ] 127.0.0.1 /index.php/Admin/Goods/upload.html
INFO: [ app_begin ] --START--
INFO: Run Behavior\ReadHtmlCacheBehavior [ RunTime:0.001000s ]
INFO: [ app_begin ] --END-- [ RunTime:0.002000s ]
NOTIC: [2] call_user_func() expects parameter 1 to be a valid callback, no array or string given D:\wamp64\www\qiu\shop\ThinkPHP\Library\Think\Upload.class.php 第 170 行.

[ 2017-06-08T10:15:45+08:00 ] 127.0.0.1 /index.php/Admin/Goods/add_spec.html
INFO: [ app_begin ] --START--
INFO: Run Behavior\ReadHtmlCacheBehavior [ RunTime:0.001000s ]
INFO: [ app_begin ] --END-- [ RunTime:0.002000s ]
SQL: SHOW COLUMNS FROM `goods_type` [ RunTime:0.0010s ]
SQL: SELECT * FROM `goods_type`  [ RunTime:0.0000s ]
SQL: SHOW COLUMNS FROM `spec` [ RunTime:0.0000s ]
SQL: SELECT * FROM `spec` WHERE `type_id` = 1  [ RunTime:0.0000s ]
SQL: SHOW COLUMNS FROM `spec_items` [ RunTime:0.0000s ]
SQL: SELECT `id`,`item` FROM `spec_items` WHERE ( 1=1 AND spec_id='59' )  [ RunTime:0.0000s ]
SQL: SELECT `id`,`item` FROM `spec_items` WHERE ( 1=1 AND spec_id='58' )  [ RunTime:0.0000s ]
SQL: SELECT `id`,`item` FROM `spec_items` WHERE ( 1=1 AND spec_id='57' )  [ RunTime:0.0000s ]
SQL: SELECT * FROM `spec` WHERE `type_id` = 4  [ RunTime:0.0000s ]
SQL: SELECT * FROM `spec` WHERE `type_id` = 3  [ RunTime:0.0010s ]
SQL: SELECT * FROM `spec` WHERE `type_id` = 5  [ RunTime:0.0000s ]
INFO: [ view_parse ] --START--
INFO: [ template_filter ] --START--
INFO: Run Behavior\ContentReplaceBehavior [ RunTime:0.000000s ]
INFO: [ template_filter ] --END-- [ RunTime:0.000000s ]
INFO: Run Behavior\ParseTemplateBehavior [ RunTime:0.018001s ]
INFO: [ view_parse ] --END-- [ RunTime:0.018001s ]
INFO: [ view_filter ] --START--
INFO: Run Behavior\WriteHtmlCacheBehavior [ RunTime:0.000000s ]
INFO: [ view_filter ] --END-- [ RunTime:0.001000s ]
INFO: [ app_end ] --START--
INFO: Run Behavior\ShowPageTraceBehavior [ RunTime:0.001000s ]
INFO: [ app_end ] --END-- [ RunTime:0.001000s ]

[ 2017-06-08T10:15:47+08:00 ] 127.0.0.1 /index.php/Admin/Goods/handel_group.html
INFO: [ app_begin ] --START--
INFO: Run Behavior\ReadHtmlCacheBehavior [ RunTime:0.001000s ]
INFO: [ app_begin ] --END-- [ RunTime:0.002000s ]
SQL: SHOW COLUMNS FROM `spec_items` [ RunTime:0.0010s ]
SQL: SELECT * FROM `spec_items` WHERE `id` IN ('333')  [ RunTime:0.0000s ]
SQL: SHOW COLUMNS FROM `spec` [ RunTime:0.0000s ]
SQL: SELECT * FROM `spec` WHERE `id` IN (59)  [ RunTime:0.0000s ]
INFO: [ app_end ] --START--
INFO: Run Behavior\ShowPageTraceBehavior [ RunTime:0.001000s ]
INFO: [ app_end ] --END-- [ RunTime:0.001000s ]

[ 2017-06-08T10:17:09+08:00 ] 127.0.0.1 /index.php/Admin/Goods/upload.html
INFO: [ app_begin ] --START--
INFO: Run Behavior\ReadHtmlCacheBehavior [ RunTime:0.001000s ]
INFO: [ app_begin ] --END-- [ RunTime:0.001000s ]
NOTIC: [2] call_user_func() expects parameter 1 to be a valid callback, no array or string given D:\wamp64\www\qiu\shop\ThinkPHP\Library\Think\Upload.class.php 第 170 行.

[ 2017-06-08T10:17:09+08:00 ] 127.0.0.1 /index.php/Admin/Goods/upload.html
INFO: [ app_begin ] --START--
INFO: Run Behavior\ReadHtmlCacheBehavior [ RunTime:0.001000s ]
INFO: [ app_begin ] --END-- [ RunTime:0.002000s ]
NOTIC: [2] call_user_func() expects parameter 1 to be a valid callback, no array or string given D:\wamp64\www\qiu\shop\ThinkPHP\Library\Think\Upload.class.php 第 170 行.

[ 2017-06-08T10:17:09+08:00 ] 127.0.0.1 /index.php/Admin/Goods/upload.html
INFO: [ app_begin ] --START--
INFO: Run Behavior\ReadHtmlCacheBehavior [ RunTime:0.001000s ]
INFO: [ app_begin ] --END-- [ RunTime:0.002000s ]
NOTIC: [2] call_user_func() expects parameter 1 to be a valid callback, no array or string given D:\wamp64\www\qiu\shop\ThinkPHP\Library\Think\Upload.class.php 第 170 行.

[ 2017-06-08T10:17:10+08:00 ] 127.0.0.1 /index.php/Admin/Goods/add_spec.html
INFO: [ app_begin ] --START--
INFO: Run Behavior\ReadHtmlCacheBehavior [ RunTime:0.001000s ]
INFO: [ app_begin ] --END-- [ RunTime:0.001000s ]
SQL: SHOW COLUMNS FROM `goods_type` [ RunTime:0.0010s ]
SQL: SELECT * FROM `goods_type`  [ RunTime:0.0010s ]
SQL: SHOW COLUMNS FROM `spec` [ RunTime:0.0010s ]
SQL: SELECT * FROM `spec` WHERE `type_id` = 1  [ RunTime:0.0010s ]
SQL: SHOW COLUMNS FROM `spec_items` [ RunTime:0.0010s ]
SQL: SELECT `id`,`item` FROM `spec_items` WHERE ( 1=1 AND spec_id='59' )  [ RunTime:0.0000s ]
SQL: SELECT `id`,`item` FROM `spec_items` WHERE ( 1=1 AND spec_id='58' )  [ RunTime:0.0000s ]
SQL: SELECT `id`,`item` FROM `spec_items` WHERE ( 1=1 AND spec_id='57' )  [ RunTime:0.0000s ]
SQL: SELECT * FROM `spec` WHERE `type_id` = 4  [ RunTime:0.0000s ]
SQL: SELECT * FROM `spec` WHERE `type_id` = 3  [ RunTime:0.0000s ]
SQL: SELECT * FROM `spec` WHERE `type_id` = 5  [ RunTime:0.0010s ]
INFO: [ view_parse ] --START--
INFO: [ template_filter ] --START--
INFO: Run Behavior\ContentReplaceBehavior [ RunTime:0.001001s ]
INFO: [ template_filter ] --END-- [ RunTime:0.001001s ]
INFO: Run Behavior\ParseTemplateBehavior [ RunTime:0.019001s ]
INFO: [ view_parse ] --END-- [ RunTime:0.020001s ]
INFO: [ view_filter ] --START--
INFO: Run Behavior\WriteHtmlCacheBehavior [ RunTime:0.002000s ]
INFO: [ view_filter ] --END-- [ RunTime:0.002000s ]
INFO: [ app_end ] --START--
INFO: Run Behavior\ShowPageTraceBehavior [ RunTime:0.001000s ]
INFO: [ app_end ] --END-- [ RunTime:0.001000s ]

[ 2017-06-08T10:17:13+08:00 ] 127.0.0.1 /index.php/Admin/Goods/handel_group.html
INFO: [ app_begin ] --START--
INFO: Run Behavior\ReadHtmlCacheBehavior [ RunTime:0.001000s ]
INFO: [ app_begin ] --END-- [ RunTime:0.002000s ]
SQL: SHOW COLUMNS FROM `spec_items` [ RunTime:0.0010s ]
SQL: SELECT * FROM `spec_items` WHERE `id` IN ('335')  [ RunTime:0.0010s ]
SQL: SHOW COLUMNS FROM `spec` [ RunTime:0.0010s ]
SQL: SELECT * FROM `spec` WHERE `id` IN (59)  [ RunTime:0.0000s ]
INFO: [ app_end ] --START--
INFO: Run Behavior\ShowPageTraceBehavior [ RunTime:0.001001s ]
INFO: [ app_end ] --END-- [ RunTime:0.001001s ]

[ 2017-06-08T10:17:29+08:00 ] 127.0.0.1 /index.php/Admin/Goods/upload.html
INFO: [ app_begin ] --START--
INFO: Run Behavior\ReadHtmlCacheBehavior [ RunTime:0.001000s ]
INFO: [ app_begin ] --END-- [ RunTime:0.001000s ]
NOTIC: [2] call_user_func() expects parameter 1 to be a valid callback, no array or string given D:\wamp64\www\qiu\shop\ThinkPHP\Library\Think\Upload.class.php 第 170 行.

[ 2017-06-08T10:17:29+08:00 ] 127.0.0.1 /index.php/Admin/Goods/upload.html
INFO: [ app_begin ] --START--
INFO: Run Behavior\ReadHtmlCacheBehavior [ RunTime:0.001000s ]
INFO: [ app_begin ] --END-- [ RunTime:0.002000s ]
NOTIC: [2] call_user_func() expects parameter 1 to be a valid callback, no array or string given D:\wamp64\www\qiu\shop\ThinkPHP\Library\Think\Upload.class.php 第 170 行.

[ 2017-06-08T10:17:29+08:00 ] 127.0.0.1 /index.php/Admin/Goods/upload.html
INFO: [ app_begin ] --START--
INFO: Run Behavior\ReadHtmlCacheBehavior [ RunTime:0.003001s ]
INFO: [ app_begin ] --END-- [ RunTime:0.011001s ]
NOTIC: [2] call_user_func() expects parameter 1 to be a valid callback, no array or string given D:\wamp64\www\qiu\shop\ThinkPHP\Library\Think\Upload.class.php 第 170 行.

[ 2017-06-08T10:17:30+08:00 ] 127.0.0.1 /index.php/Admin/Goods/add_spec.html
INFO: [ app_begin ] --START--
INFO: Run Behavior\ReadHtmlCacheBehavior [ RunTime:0.001000s ]
INFO: [ app_begin ] --END-- [ RunTime:0.002000s ]
SQL: SHOW COLUMNS FROM `goods_type` [ RunTime:0.0010s ]
SQL: SELECT * FROM `goods_type`  [ RunTime:0.0000s ]
SQL: SHOW COLUMNS FROM `spec` [ RunTime:0.0000s ]
SQL: SELECT * FROM `spec` WHERE `type_id` = 1  [ RunTime:0.0000s ]
SQL: SHOW COLUMNS FROM `spec_items` [ RunTime:0.0010s ]
SQL: SELECT `id`,`item` FROM `spec_items` WHERE ( 1=1 AND spec_id='59' )  [ RunTime:0.0010s ]
SQL: SELECT `id`,`item` FROM `spec_items` WHERE ( 1=1 AND spec_id='58' )  [ RunTime:0.0000s ]
SQL: SELECT `id`,`item` FROM `spec_items` WHERE ( 1=1 AND spec_id='57' )  [ RunTime:0.0000s ]
SQL: SELECT * FROM `spec` WHERE `type_id` = 4  [ RunTime:0.0000s ]
SQL: SELECT * FROM `spec` WHERE `type_id` = 3  [ RunTime:0.0010s ]
SQL: SELECT * FROM `spec` WHERE `type_id` = 5  [ RunTime:0.0000s ]
INFO: [ view_parse ] --START--
INFO: [ template_filter ] --START--
INFO: Run Behavior\ContentReplaceBehavior [ RunTime:0.001000s ]
INFO: [ template_filter ] --END-- [ RunTime:0.001000s ]
INFO: Run Behavior\ParseTemplateBehavior [ RunTime:0.018001s ]
INFO: [ view_parse ] --END-- [ RunTime:0.019001s ]
INFO: [ view_filter ] --START--
INFO: Run Behavior\WriteHtmlCacheBehavior [ RunTime:0.000000s ]
INFO: [ view_filter ] --END-- [ RunTime:0.000000s ]
INFO: [ app_end ] --START--
INFO: Run Behavior\ShowPageTraceBehavior [ RunTime:0.001000s ]
INFO: [ app_end ] --END-- [ RunTime:0.001000s ]

[ 2017-06-08T10:17:32+08:00 ] 127.0.0.1 /index.php/Admin/Goods/handel_group.html
INFO: [ app_begin ] --START--
INFO: Run Behavior\ReadHtmlCacheBehavior [ RunTime:0.002000s ]
INFO: [ app_begin ] --END-- [ RunTime:0.003000s ]
SQL: SHOW COLUMNS FROM `spec_items` [ RunTime:0.0000s ]
SQL: SELECT * FROM `spec_items` WHERE `id` IN ('333')  [ RunTime:0.0010s ]
SQL: SHOW COLUMNS FROM `spec` [ RunTime:0.0010s ]
SQL: SELECT * FROM `spec` WHERE `id` IN (59)  [ RunTime:0.0010s ]
INFO: [ app_end ] --START--
INFO: Run Behavior\ShowPageTraceBehavior [ RunTime:0.001000s ]
INFO: [ app_end ] --END-- [ RunTime:0.001000s ]

[ 2017-06-08T10:19:54+08:00 ] 127.0.0.1 /index.php/Admin/Goods/upload.html
INFO: [ app_begin ] --START--
INFO: Run Behavior\ReadHtmlCacheBehavior [ RunTime:0.002000s ]
INFO: [ app_begin ] --END-- [ RunTime:0.002000s ]
NOTIC: [2] call_user_func() expects parameter 1 to be a valid callback, no array or string given D:\wamp64\www\qiu\shop\ThinkPHP\Library\Think\Upload.class.php 第 170 行.

[ 2017-06-08T10:19:54+08:00 ] 127.0.0.1 /index.php/Admin/Goods/upload.html
INFO: [ app_begin ] --START--
INFO: Run Behavior\ReadHtmlCacheBehavior [ RunTime:0.001000s ]
INFO: [ app_begin ] --END-- [ RunTime:0.002000s ]
NOTIC: [2] call_user_func() expects parameter 1 to be a valid callback, no array or string given D:\wamp64\www\qiu\shop\ThinkPHP\Library\Think\Upload.class.php 第 170 行.

[ 2017-06-08T10:19:54+08:00 ] 127.0.0.1 /index.php/Admin/Goods/upload.html
INFO: [ app_begin ] --START--
INFO: Run Behavior\ReadHtmlCacheBehavior [ RunTime:0.008001s ]
INFO: [ app_begin ] --END-- [ RunTime:0.009001s ]
NOTIC: [2] call_user_func() expects parameter 1 to be a valid callback, no array or string given D:\wamp64\www\qiu\shop\ThinkPHP\Library\Think\Upload.class.php 第 170 行.

[ 2017-06-08T10:19:55+08:00 ] 127.0.0.1 /index.php/Admin/Goods/add_spec.html
INFO: [ app_begin ] --START--
INFO: Run Behavior\ReadHtmlCacheBehavior [ RunTime:0.002000s ]
INFO: [ app_begin ] --END-- [ RunTime:0.003000s ]
SQL: SHOW COLUMNS FROM `goods_type` [ RunTime:0.0010s ]
SQL: SELECT * FROM `goods_type`  [ RunTime:0.0010s ]
SQL: SHOW COLUMNS FROM `spec` [ RunTime:0.0010s ]
SQL: SELECT * FROM `spec` WHERE `type_id` = 1  [ RunTime:0.0010s ]
SQL: SHOW COLUMNS FROM `spec_items` [ RunTime:0.0010s ]
SQL: SELECT `id`,`item` FROM `spec_items` WHERE ( 1=1 AND spec_id='59' )  [ RunTime:0.0000s ]
SQL: SELECT `id`,`item` FROM `spec_items` WHERE ( 1=1 AND spec_id='58' )  [ RunTime:0.0000s ]
SQL: SELECT `id`,`item` FROM `spec_items` WHERE ( 1=1 AND spec_id='57' )  [ RunTime:0.0000s ]
SQL: SELECT * FROM `spec` WHERE `type_id` = 4  [ RunTime:0.0010s ]
SQL: SELECT * FROM `spec` WHERE `type_id` = 3  [ RunTime:0.0000s ]
SQL: SELECT * FROM `spec` WHERE `type_id` = 5  [ RunTime:0.0000s ]
INFO: [ view_parse ] --START--
INFO: [ template_filter ] --START--
INFO: Run Behavior\ContentReplaceBehavior [ RunTime:0.000000s ]
INFO: [ template_filter ] --END-- [ RunTime:0.000000s ]
INFO: Run Behavior\ParseTemplateBehavior [ RunTime:0.020001s ]
INFO: [ view_parse ] --END-- [ RunTime:0.020001s ]
INFO: [ view_filter ] --START--
INFO: Run Behavior\WriteHtmlCacheBehavior [ RunTime:0.001000s ]
INFO: [ view_filter ] --END-- [ RunTime:0.001000s ]
INFO: [ app_end ] --START--
INFO: Run Behavior\ShowPageTraceBehavior [ RunTime:0.001000s ]
INFO: [ app_end ] --END-- [ RunTime:0.001000s ]

[ 2017-06-08T10:19:58+08:00 ] 127.0.0.1 /index.php/Admin/Goods/handel_group.html
INFO: [ app_begin ] --START--
INFO: Run Behavior\ReadHtmlCacheBehavior [ RunTime:0.001000s ]
INFO: [ app_begin ] --END-- [ RunTime:0.002000s ]
SQL: SHOW COLUMNS FROM `spec_items` [ RunTime:0.0010s ]
SQL: SELECT * FROM `spec_items` WHERE `id` IN ('333')  [ RunTime:0.0000s ]
SQL: SHOW COLUMNS FROM `spec` [ RunTime:0.0010s ]
SQL: SELECT * FROM `spec` WHERE `id` IN (59)  [ RunTime:0.0010s ]
INFO: [ app_end ] --START--
INFO: Run Behavior\ShowPageTraceBehavior [ RunTime:0.001000s ]
INFO: [ app_end ] --END-- [ RunTime:0.001000s ]

[ 2017-06-08T10:28:49+08:00 ] 127.0.0.1 /index.php/Admin/Goods/upload.html
INFO: [ app_begin ] --START--
INFO: Run Behavior\ReadHtmlCacheBehavior [ RunTime:0.002001s ]
INFO: [ app_begin ] --END-- [ RunTime:0.002001s ]

[ 2017-06-08T10:28:49+08:00 ] 127.0.0.1 /index.php/Admin/Goods/upload.html
INFO: [ app_begin ] --START--
INFO: Run Behavior\ReadHtmlCacheBehavior [ RunTime:0.002000s ]
INFO: [ app_begin ] --END-- [ RunTime:0.002000s ]

[ 2017-06-08T10:28:49+08:00 ] 127.0.0.1 /index.php/Admin/Goods/upload.html
INFO: [ app_begin ] --START--
INFO: Run Behavior\ReadHtmlCacheBehavior [ RunTime:0.019001s ]
INFO: [ app_begin ] --END-- [ RunTime:0.019001s ]

[ 2017-06-08T10:29:09+08:00 ] 127.0.0.1 /index.php/Admin/Goods/upload.html
INFO: [ app_begin ] --START--
INFO: Run Behavior\ReadHtmlCacheBehavior [ RunTime:0.001000s ]
INFO: [ app_begin ] --END-- [ RunTime:0.002000s ]

[ 2017-06-08T10:29:09+08:00 ] 127.0.0.1 /index.php/Admin/Goods/upload.html
INFO: [ app_begin ] --START--
INFO: Run Behavior\ReadHtmlCacheBehavior [ RunTime:0.001000s ]
INFO: [ app_begin ] --END-- [ RunTime:0.002000s ]

[ 2017-06-08T10:29:29+08:00 ] 127.0.0.1 /index.php/Admin/Goods/upload.html
INFO: [ app_begin ] --START--
INFO: Run Behavior\ReadHtmlCacheBehavior [ RunTime:0.001000s ]
INFO: [ app_begin ] --END-- [ RunTime:0.002000s ]
NOTIC: [2] call_user_func() expects parameter 1 to be a valid callback, no array or string given D:\wamp64\www\qiu\shop\ThinkPHP\Library\Think\Upload.class.php 第 170 行.

[ 2017-06-08T10:29:29+08:00 ] 127.0.0.1 /index.php/Admin/Goods/upload.html
INFO: [ app_begin ] --START--
INFO: Run Behavior\ReadHtmlCacheBehavior [ RunTime:0.004000s ]
INFO: [ app_begin ] --END-- [ RunTime:0.006000s ]
NOTIC: [2] call_user_func() expects parameter 1 to be a valid callback, no array or string given D:\wamp64\www\qiu\shop\ThinkPHP\Library\Think\Upload.class.php 第 170 行.

[ 2017-06-08T10:29:30+08:00 ] 127.0.0.1 /index.php/Admin/Goods/upload.html
INFO: [ app_begin ] --START--
INFO: Run Behavior\ReadHtmlCacheBehavior [ RunTime:0.004001s ]
INFO: [ app_begin ] --END-- [ RunTime:0.006001s ]
NOTIC: [2] call_user_func() expects parameter 1 to be a valid callback, no array or string given D:\wamp64\www\qiu\shop\ThinkPHP\Library\Think\Upload.class.php 第 170 行.

[ 2017-06-08T10:32:15+08:00 ] 127.0.0.1 /index.php/Admin/Goods/upload.html
INFO: [ app_begin ] --START--
INFO: Run Behavior\ReadHtmlCacheBehavior [ RunTime:0.002000s ]
INFO: [ app_begin ] --END-- [ RunTime:0.002000s ]
NOTIC: [2] call_user_func() expects parameter 1 to be a valid callback, no array or string given D:\wamp64\www\qiu\shop\ThinkPHP\Library\Think\Upload.class.php 第 170 行.

[ 2017-06-08T10:32:15+08:00 ] 127.0.0.1 /index.php/Admin/Goods/upload.html
INFO: [ app_begin ] --START--
INFO: Run Behavior\ReadHtmlCacheBehavior [ RunTime:0.001000s ]
INFO: [ app_begin ] --END-- [ RunTime:0.001000s ]
NOTIC: [2] call_user_func() expects parameter 1 to be a valid callback, no array or string given D:\wamp64\www\qiu\shop\ThinkPHP\Library\Think\Upload.class.php 第 170 行.

[ 2017-06-08T10:32:15+08:00 ] 127.0.0.1 /index.php/Admin/Goods/upload.html
INFO: [ app_begin ] --START--
INFO: Run Behavior\ReadHtmlCacheBehavior [ RunTime:0.002000s ]
INFO: [ app_begin ] --END-- [ RunTime:0.007000s ]
NOTIC: [2] call_user_func() expects parameter 1 to be a valid callback, no array or string given D:\wamp64\www\qiu\shop\ThinkPHP\Library\Think\Upload.class.php 第 170 行.

[ 2017-06-08T10:32:34+08:00 ] 127.0.0.1 /index.php/Admin/Goods/add_spec.html
INFO: [ app_begin ] --START--
INFO: Run Behavior\ReadHtmlCacheBehavior [ RunTime:0.001000s ]
INFO: [ app_begin ] --END-- [ RunTime:0.002000s ]
SQL: SHOW COLUMNS FROM `goods_type` [ RunTime:0.0010s ]
SQL: SELECT * FROM `goods_type`  [ RunTime:0.0000s ]
SQL: SHOW COLUMNS FROM `spec` [ RunTime:0.0010s ]
SQL: SELECT * FROM `spec` WHERE `type_id` = 1  [ RunTime:0.0000s ]
SQL: SHOW COLUMNS FROM `spec_items` [ RunTime:0.0010s ]
SQL: SELECT `id`,`item` FROM `spec_items` WHERE ( 1=1 AND spec_id='59' )  [ RunTime:0.0000s ]
SQL: SELECT `id`,`item` FROM `spec_items` WHERE ( 1=1 AND spec_id='58' )  [ RunTime:0.0000s ]
SQL: SELECT `id`,`item` FROM `spec_items` WHERE ( 1=1 AND spec_id='57' )  [ RunTime:0.0000s ]
SQL: SELECT * FROM `spec` WHERE `type_id` = 4  [ RunTime:0.0010s ]
SQL: SELECT * FROM `spec` WHERE `type_id` = 3  [ RunTime:0.0000s ]
SQL: SELECT * FROM `spec` WHERE `type_id` = 5  [ RunTime:0.0000s ]
INFO: [ view_parse ] --START--
INFO: [ template_filter ] --START--
INFO: Run Behavior\ContentReplaceBehavior [ RunTime:0.000000s ]
INFO: [ template_filter ] --END-- [ RunTime:0.000000s ]
INFO: Run Behavior\ParseTemplateBehavior [ RunTime:0.019001s ]
INFO: [ view_parse ] --END-- [ RunTime:0.019001s ]
INFO: [ view_filter ] --START--
INFO: Run Behavior\WriteHtmlCacheBehavior [ RunTime:0.001000s ]
INFO: [ view_filter ] --END-- [ RunTime:0.001000s ]
INFO: [ app_end ] --START--
INFO: Run Behavior\ShowPageTraceBehavior [ RunTime:0.000000s ]
INFO: [ app_end ] --END-- [ RunTime:0.002000s ]

[ 2017-06-08T10:32:36+08:00 ] 127.0.0.1 /index.php/Admin/Goods/handel_group.html
INFO: [ app_begin ] --START--
INFO: Run Behavior\ReadHtmlCacheBehavior [ RunTime:0.001001s ]
INFO: [ app_begin ] --END-- [ RunTime:0.002001s ]
SQL: SHOW COLUMNS FROM `spec_items` [ RunTime:0.0010s ]
SQL: SELECT * FROM `spec_items` WHERE `id` IN ('333','335')  [ RunTime:0.0010s ]
SQL: SHOW COLUMNS FROM `spec` [ RunTime:0.0010s ]
SQL: SELECT * FROM `spec` WHERE `id` IN (59)  [ RunTime:0.0010s ]
INFO: [ app_end ] --START--
INFO: Run Behavior\ShowPageTraceBehavior [ RunTime:0.001000s ]
INFO: [ app_end ] --END-- [ RunTime:0.001000s ]

[ 2017-06-08T10:33:17+08:00 ] 127.0.0.1 /index.php/Admin/Goods/upload.html
INFO: [ app_begin ] --START--
INFO: Run Behavior\ReadHtmlCacheBehavior [ RunTime:0.001000s ]
INFO: [ app_begin ] --END-- [ RunTime:0.002000s ]
NOTIC: [2] call_user_func() expects parameter 1 to be a valid callback, no array or string given D:\wamp64\www\qiu\shop\ThinkPHP\Library\Think\Upload.class.php 第 170 行.

[ 2017-06-08T10:33:17+08:00 ] 127.0.0.1 /index.php/Admin/Goods/upload.html
INFO: [ app_begin ] --START--
INFO: Run Behavior\ReadHtmlCacheBehavior [ RunTime:0.001000s ]
INFO: [ app_begin ] --END-- [ RunTime:0.001000s ]
NOTIC: [2] call_user_func() expects parameter 1 to be a valid callback, no array or string given D:\wamp64\www\qiu\shop\ThinkPHP\Library\Think\Upload.class.php 第 170 行.

[ 2017-06-08T10:33:17+08:00 ] 127.0.0.1 /index.php/Admin/Goods/upload.html
INFO: [ app_begin ] --START--
INFO: Run Behavior\ReadHtmlCacheBehavior [ RunTime:0.001000s ]
INFO: [ app_begin ] --END-- [ RunTime:0.001000s ]
NOTIC: [2] call_user_func() expects parameter 1 to be a valid callback, no array or string given D:\wamp64\www\qiu\shop\ThinkPHP\Library\Think\Upload.class.php 第 170 行.

[ 2017-06-08T10:33:19+08:00 ] 127.0.0.1 /index.php/Admin/Goods/add_spec.html
INFO: [ app_begin ] --START--
INFO: Run Behavior\ReadHtmlCacheBehavior [ RunTime:0.001000s ]
INFO: [ app_begin ] --END-- [ RunTime:0.002000s ]
SQL: SHOW COLUMNS FROM `goods_type` [ RunTime:0.0010s ]
SQL: SELECT * FROM `goods_type`  [ RunTime:0.0010s ]
SQL: SHOW COLUMNS FROM `spec` [ RunTime:0.0000s ]
SQL: SELECT * FROM `spec` WHERE `type_id` = 1  [ RunTime:0.0000s ]
SQL: SHOW COLUMNS FROM `spec_items` [ RunTime:0.0000s ]
SQL: SELECT `id`,`item` FROM `spec_items` WHERE ( 1=1 AND spec_id='59' )  [ RunTime:0.0000s ]
SQL: SELECT `id`,`item` FROM `spec_items` WHERE ( 1=1 AND spec_id='58' )  [ RunTime:0.0000s ]
SQL: SELECT `id`,`item` FROM `spec_items` WHERE ( 1=1 AND spec_id='57' )  [ RunTime:0.0000s ]
SQL: SELECT * FROM `spec` WHERE `type_id` = 4  [ RunTime:0.0000s ]
SQL: SELECT * FROM `spec` WHERE `type_id` = 3  [ RunTime:0.0010s ]
SQL: SELECT * FROM `spec` WHERE `type_id` = 5  [ RunTime:0.0000s ]
INFO: [ view_parse ] --START--
INFO: [ template_filter ] --START--
INFO: Run Behavior\ContentReplaceBehavior [ RunTime:0.000000s ]
INFO: [ template_filter ] --END-- [ RunTime:0.000000s ]
INFO: Run Behavior\ParseTemplateBehavior [ RunTime:0.019001s ]
INFO: [ view_parse ] --END-- [ RunTime:0.019001s ]
INFO: [ view_filter ] --START--
INFO: Run Behavior\WriteHtmlCacheBehavior [ RunTime:0.001000s ]
INFO: [ view_filter ] --END-- [ RunTime:0.001000s ]
INFO: [ app_end ] --START--
INFO: Run Behavior\ShowPageTraceBehavior [ RunTime:0.001000s ]
INFO: [ app_end ] --END-- [ RunTime:0.001000s ]

[ 2017-06-08T10:33:22+08:00 ] 127.0.0.1 /index.php/Admin/Goods/handel_group.html
INFO: [ app_begin ] --START--
INFO: Run Behavior\ReadHtmlCacheBehavior [ RunTime:0.001001s ]
INFO: [ app_begin ] --END-- [ RunTime:0.001001s ]
SQL: SHOW COLUMNS FROM `spec_items` [ RunTime:0.0000s ]
SQL: SELECT * FROM `spec_items` WHERE `id` IN ('333')  [ RunTime:0.0000s ]
SQL: SHOW COLUMNS FROM `spec` [ RunTime:0.0000s ]
SQL: SELECT * FROM `spec` WHERE `id` IN (59)  [ RunTime:0.0000s ]
INFO: [ app_end ] --START--
INFO: Run Behavior\ShowPageTraceBehavior [ RunTime:0.001001s ]
INFO: [ app_end ] --END-- [ RunTime:0.001001s ]

[ 2017-06-08T10:33:39+08:00 ] 127.0.0.1 /index.php/Admin/Goods/upload.html
INFO: [ app_begin ] --START--
INFO: Run Behavior\ReadHtmlCacheBehavior [ RunTime:0.001000s ]
INFO: [ app_begin ] --END-- [ RunTime:0.002000s ]
NOTIC: [2] call_user_func() expects parameter 1 to be a valid callback, no array or string given D:\wamp64\www\qiu\shop\ThinkPHP\Library\Think\Upload.class.php 第 170 行.

[ 2017-06-08T10:33:39+08:00 ] 127.0.0.1 /index.php/Admin/Goods/upload.html
INFO: [ app_begin ] --START--
INFO: Run Behavior\ReadHtmlCacheBehavior [ RunTime:0.002000s ]
INFO: [ app_begin ] --END-- [ RunTime:0.003000s ]
NOTIC: [2] call_user_func() expects parameter 1 to be a valid callback, no array or string given D:\wamp64\www\qiu\shop\ThinkPHP\Library\Think\Upload.class.php 第 170 行.

[ 2017-06-08T10:33:39+08:00 ] 127.0.0.1 /index.php/Admin/Goods/upload.html
INFO: [ app_begin ] --START--
INFO: Run Behavior\ReadHtmlCacheBehavior [ RunTime:0.001000s ]
INFO: [ app_begin ] --END-- [ RunTime:0.002000s ]
NOTIC: [2] call_user_func() expects parameter 1 to be a valid callback, no array or string given D:\wamp64\www\qiu\shop\ThinkPHP\Library\Think\Upload.class.php 第 170 行.

[ 2017-06-08T10:33:40+08:00 ] 127.0.0.1 /index.php/Admin/Goods/add_spec.html
INFO: [ app_begin ] --START--
INFO: Run Behavior\ReadHtmlCacheBehavior [ RunTime:0.001000s ]
INFO: [ app_begin ] --END-- [ RunTime:0.002001s ]
SQL: SHOW COLUMNS FROM `goods_type` [ RunTime:0.0000s ]
SQL: SELECT * FROM `goods_type`  [ RunTime:0.0000s ]
SQL: SHOW COLUMNS FROM `spec` [ RunTime:0.0010s ]
SQL: SELECT * FROM `spec` WHERE `type_id` = 1  [ RunTime:0.0000s ]
SQL: SHOW COLUMNS FROM `spec_items` [ RunTime:0.0010s ]
SQL: SELECT `id`,`item` FROM `spec_items` WHERE ( 1=1 AND spec_id='59' )  [ RunTime:0.0010s ]
SQL: SELECT `id`,`item` FROM `spec_items` WHERE ( 1=1 AND spec_id='58' )  [ RunTime:0.0010s ]
SQL: SELECT `id`,`item` FROM `spec_items` WHERE ( 1=1 AND spec_id='57' )  [ RunTime:0.0010s ]
SQL: SELECT * FROM `spec` WHERE `type_id` = 4  [ RunTime:0.0000s ]
SQL: SELECT * FROM `spec` WHERE `type_id` = 3  [ RunTime:0.0000s ]
SQL: SELECT * FROM `spec` WHERE `type_id` = 5  [ RunTime:0.0000s ]
INFO: [ view_parse ] --START--
INFO: [ template_filter ] --START--
INFO: Run Behavior\ContentReplaceBehavior [ RunTime:0.000000s ]
INFO: [ template_filter ] --END-- [ RunTime:0.000000s ]
INFO: Run Behavior\ParseTemplateBehavior [ RunTime:0.019001s ]
INFO: [ view_parse ] --END-- [ RunTime:0.020001s ]
INFO: [ view_filter ] --START--
INFO: Run Behavior\WriteHtmlCacheBehavior [ RunTime:0.001000s ]
INFO: [ view_filter ] --END-- [ RunTime:0.001000s ]
INFO: [ app_end ] --START--
INFO: Run Behavior\ShowPageTraceBehavior [ RunTime:0.001000s ]
INFO: [ app_end ] --END-- [ RunTime:0.001000s ]

[ 2017-06-08T10:33:42+08:00 ] 127.0.0.1 /index.php/Admin/Goods/handel_group.html
INFO: [ app_begin ] --START--
INFO: Run Behavior\ReadHtmlCacheBehavior [ RunTime:0.001000s ]
INFO: [ app_begin ] --END-- [ RunTime:0.002000s ]
SQL: SHOW COLUMNS FROM `spec_items` [ RunTime:0.0010s ]
SQL: SELECT * FROM `spec_items` WHERE `id` IN ('333')  [ RunTime:0.0010s ]
SQL: SHOW COLUMNS FROM `spec` [ RunTime:0.0000s ]
SQL: SELECT * FROM `spec` WHERE `id` IN (59)  [ RunTime:0.0000s ]
INFO: [ app_end ] --START--
INFO: Run Behavior\ShowPageTraceBehavior [ RunTime:0.001000s ]
INFO: [ app_end ] --END-- [ RunTime:0.001000s ]

[ 2017-06-08T10:34:50+08:00 ] 127.0.0.1 /index.php/Admin/Goods/del/id/32.html
ERR: 非法操作:del

[ 2017-06-08T10:35:01+08:00 ] 127.0.0.1 /index.php/Admin/Goods/edit/id/24.html
ERR: 非法操作:edit

[ 2017-06-08T10:40:52+08:00 ] 127.0.0.1 /index.php/Admin/Goods/upload.html
INFO: [ app_begin ] --START--
INFO: Run Behavior\ReadHtmlCacheBehavior [ RunTime:0.001000s ]
INFO: [ app_begin ] --END-- [ RunTime:0.002000s ]
NOTIC: [2] call_user_func() expects parameter 1 to be a valid callback, no array or string given D:\wamp64\www\qiu\shop\ThinkPHP\Library\Think\Upload.class.php 第 170 行.

[ 2017-06-08T10:40:52+08:00 ] 127.0.0.1 /index.php/Admin/Goods/upload.html
INFO: [ app_begin ] --START--
INFO: Run Behavior\ReadHtmlCacheBehavior [ RunTime:0.001000s ]
INFO: [ app_begin ] --END-- [ RunTime:0.002000s ]
NOTIC: [2] call_user_func() expects parameter 1 to be a valid callback, no array or string given D:\wamp64\www\qiu\shop\ThinkPHP\Library\Think\Upload.class.php 第 170 行.

[ 2017-06-08T10:40:52+08:00 ] 127.0.0.1 /index.php/Admin/Goods/upload.html
INFO: [ app_begin ] --START--
INFO: Run Behavior\ReadHtmlCacheBehavior [ RunTime:0.015001s ]
INFO: [ app_begin ] --END-- [ RunTime:0.015001s ]
NOTIC: [2] call_user_func() expects parameter 1 to be a valid callback, no array or string given D:\wamp64\www\qiu\shop\ThinkPHP\Library\Think\Upload.class.php 第 170 行.

[ 2017-06-08T10:40:53+08:00 ] 127.0.0.1 /index.php/Admin/Goods/add_spec.html
INFO: [ app_begin ] --START--
INFO: Run Behavior\ReadHtmlCacheBehavior [ RunTime:0.001000s ]
INFO: [ app_begin ] --END-- [ RunTime:0.002000s ]
SQL: SHOW COLUMNS FROM `goods_type` [ RunTime:0.0010s ]
SQL: SELECT * FROM `goods_type`  [ RunTime:0.0000s ]
SQL: SHOW COLUMNS FROM `spec` [ RunTime:0.0010s ]
SQL: SELECT * FROM `spec` WHERE `type_id` = 1  [ RunTime:0.0010s ]
SQL: SHOW COLUMNS FROM `spec_items` [ RunTime:0.0010s ]
SQL: SELECT `id`,`item` FROM `spec_items` WHERE ( 1=1 AND spec_id='59' )  [ RunTime:0.0000s ]
SQL: SELECT `id`,`item` FROM `spec_items` WHERE ( 1=1 AND spec_id='58' )  [ RunTime:0.0000s ]
SQL: SELECT `id`,`item` FROM `spec_items` WHERE ( 1=1 AND spec_id='57' )  [ RunTime:0.0000s ]
SQL: SELECT * FROM `spec` WHERE `type_id` = 4  [ RunTime:0.0000s ]
SQL: SELECT * FROM `spec` WHERE `type_id` = 3  [ RunTime:0.0010s ]
SQL: SELECT * FROM `spec` WHERE `type_id` = 5  [ RunTime:0.0000s ]
INFO: [ view_parse ] --START--
INFO: [ template_filter ] --START--
INFO: Run Behavior\ContentReplaceBehavior [ RunTime:0.000000s ]
INFO: [ template_filter ] --END-- [ RunTime:0.000000s ]
INFO: Run Behavior\ParseTemplateBehavior [ RunTime:0.019001s ]
INFO: [ view_parse ] --END-- [ RunTime:0.020002s ]
INFO: [ view_filter ] --START--
INFO: Run Behavior\WriteHtmlCacheBehavior [ RunTime:0.000000s ]
INFO: [ view_filter ] --END-- [ RunTime:0.001000s ]
INFO: [ app_end ] --START--
INFO: Run Behavior\ShowPageTraceBehavior [ RunTime:0.001000s ]
INFO: [ app_end ] --END-- [ RunTime:0.001000s ]

[ 2017-06-08T10:40:56+08:00 ] 127.0.0.1 /index.php/Admin/Goods/handel_group.html
INFO: [ app_begin ] --START--
INFO: Run Behavior\ReadHtmlCacheBehavior [ RunTime:0.001000s ]
INFO: [ app_begin ] --END-- [ RunTime:0.002000s ]
SQL: SHOW COLUMNS FROM `spec_items` [ RunTime:0.0010s ]
SQL: SELECT * FROM `spec_items` WHERE `id` IN ('333','335','330')  [ RunTime:0.0010s ]
SQL: SHOW COLUMNS FROM `spec` [ RunTime:0.0010s ]
SQL: SELECT * FROM `spec` WHERE `id` IN (58,59)  [ RunTime:0.0010s ]
INFO: [ app_end ] --START--
INFO: Run Behavior\ShowPageTraceBehavior [ RunTime:0.001000s ]
INFO: [ app_end ] --END-- [ RunTime:0.001000s ]

[ 2017-06-08T10:46:51+08:00 ] 127.0.0.1 /index.php/Admin/Goods/del/id/33.html
ERR: 非法操作:del

[ 2017-06-08T11:11:19+08:00 ] 127.0.0.1 /index.php/Admin/Goods/del/id/33.html
ERR: Think\Model:stertTrans方法不存在！

[ 2017-06-08T11:11:53+08:00 ] 127.0.0.1 /index.php/Admin/Goods/edit/id/33.html
ERR: 非法操作:edit

[ 2017-06-08T11:14:02+08:00 ] 127.0.0.1 /index.php/Admin/Goods/edit/id/33.html
ERR: 非法操作:edit

[ 2017-06-08T11:22:11+08:00 ] 127.0.0.1 /index.php/Admin/Goods/upload.html
INFO: [ app_begin ] --START--
INFO: Run Behavior\ReadHtmlCacheBehavior [ RunTime:0.001000s ]
INFO: [ app_begin ] --END-- [ RunTime:0.001000s ]
NOTIC: [2] call_user_func() expects parameter 1 to be a valid callback, no array or string given D:\wamp64\www\qiu\shop\ThinkPHP\Library\Think\Upload.class.php 第 170 行.

[ 2017-06-08T11:22:11+08:00 ] 127.0.0.1 /index.php/Admin/Goods/upload.html
INFO: [ app_begin ] --START--
INFO: Run Behavior\ReadHtmlCacheBehavior [ RunTime:0.004000s ]
INFO: [ app_begin ] --END-- [ RunTime:0.005000s ]
NOTIC: [2] call_user_func() expects parameter 1 to be a valid callback, no array or string given D:\wamp64\www\qiu\shop\ThinkPHP\Library\Think\Upload.class.php 第 170 行.

[ 2017-06-08T11:22:11+08:00 ] 127.0.0.1 /index.php/Admin/Goods/upload.html
INFO: [ app_begin ] --START--
INFO: Run Behavior\ReadHtmlCacheBehavior [ RunTime:0.002000s ]
INFO: [ app_begin ] --END-- [ RunTime:0.005000s ]
NOTIC: [2] call_user_func() expects parameter 1 to be a valid callback, no array or string given D:\wamp64\www\qiu\shop\ThinkPHP\Library\Think\Upload.class.php 第 170 行.

[ 2017-06-08T11:22:12+08:00 ] 127.0.0.1 /index.php/Admin/Goods/add_spec.html
INFO: [ app_begin ] --START--
INFO: Run Behavior\ReadHtmlCacheBehavior [ RunTime:0.001000s ]
INFO: [ app_begin ] --END-- [ RunTime:0.002000s ]
SQL: SHOW COLUMNS FROM `goods_type` [ RunTime:0.0010s ]
SQL: SELECT * FROM `goods_type`  [ RunTime:0.0000s ]
SQL: SHOW COLUMNS FROM `spec` [ RunTime:0.0000s ]
SQL: SELECT * FROM `spec` WHERE `type_id` = 1  [ RunTime:0.0000s ]
SQL: SHOW COLUMNS FROM `spec_items` [ RunTime:0.0000s ]
SQL: SELECT `id`,`item` FROM `spec_items` WHERE ( 1=1 AND spec_id='59' )  [ RunTime:0.0000s ]
SQL: SELECT `id`,`item` FROM `spec_items` WHERE ( 1=1 AND spec_id='58' )  [ RunTime:0.0000s ]
SQL: SELECT `id`,`item` FROM `spec_items` WHERE ( 1=1 AND spec_id='57' )  [ RunTime:0.0000s ]
SQL: SELECT * FROM `spec` WHERE `type_id` = 4  [ RunTime:0.0000s ]
SQL: SELECT * FROM `spec` WHERE `type_id` = 3  [ RunTime:0.0000s ]
SQL: SELECT * FROM `spec` WHERE `type_id` = 5  [ RunTime:0.0010s ]
INFO: [ view_parse ] --START--
INFO: [ template_filter ] --START--
INFO: Run Behavior\ContentReplaceBehavior [ RunTime:0.001000s ]
INFO: [ template_filter ] --END-- [ RunTime:0.001000s ]
INFO: Run Behavior\ParseTemplateBehavior [ RunTime:0.019001s ]
INFO: [ view_parse ] --END-- [ RunTime:0.019001s ]
INFO: [ view_filter ] --START--
INFO: Run Behavior\WriteHtmlCacheBehavior [ RunTime:0.000000s ]
INFO: [ view_filter ] --END-- [ RunTime:0.000000s ]
INFO: [ app_end ] --START--
INFO: Run Behavior\ShowPageTraceBehavior [ RunTime:0.001000s ]
INFO: [ app_end ] --END-- [ RunTime:0.001000s ]

[ 2017-06-08T11:22:15+08:00 ] 127.0.0.1 /index.php/Admin/Goods/handel_group.html
INFO: [ app_begin ] --START--
INFO: Run Behavior\ReadHtmlCacheBehavior [ RunTime:0.004000s ]
INFO: [ app_begin ] --END-- [ RunTime:0.005000s ]
SQL: SHOW COLUMNS FROM `spec_items` [ RunTime:0.0010s ]
SQL: SELECT * FROM `spec_items` WHERE `id` IN ('333','330')  [ RunTime:0.0010s ]
SQL: SHOW COLUMNS FROM `spec` [ RunTime:0.0010s ]
SQL: SELECT * FROM `spec` WHERE `id` IN (58,59)  [ RunTime:0.0010s ]
INFO: [ app_end ] --START--
INFO: Run Behavior\ShowPageTraceBehavior [ RunTime:0.001000s ]
INFO: [ app_end ] --END-- [ RunTime:0.001000s ]

[ 2017-06-08T11:23:13+08:00 ] 127.0.0.1 /index.php/Admin/Goods/upload.html
INFO: [ app_begin ] --START--
INFO: Run Behavior\ReadHtmlCacheBehavior [ RunTime:0.002000s ]
INFO: [ app_begin ] --END-- [ RunTime:0.003000s ]
NOTIC: [2] call_user_func() expects parameter 1 to be a valid callback, no array or string given D:\wamp64\www\qiu\shop\ThinkPHP\Library\Think\Upload.class.php 第 170 行.

[ 2017-06-08T11:23:13+08:00 ] 127.0.0.1 /index.php/Admin/Goods/upload.html
INFO: [ app_begin ] --START--
INFO: Run Behavior\ReadHtmlCacheBehavior [ RunTime:0.001000s ]
INFO: [ app_begin ] --END-- [ RunTime:0.002000s ]
NOTIC: [2] call_user_func() expects parameter 1 to be a valid callback, no array or string given D:\wamp64\www\qiu\shop\ThinkPHP\Library\Think\Upload.class.php 第 170 行.

[ 2017-06-08T11:23:13+08:00 ] 127.0.0.1 /index.php/Admin/Goods/upload.html
INFO: [ app_begin ] --START--
INFO: Run Behavior\ReadHtmlCacheBehavior [ RunTime:0.001000s ]
INFO: [ app_begin ] --END-- [ RunTime:0.002000s ]
NOTIC: [2] call_user_func() expects parameter 1 to be a valid callback, no array or string given D:\wamp64\www\qiu\shop\ThinkPHP\Library\Think\Upload.class.php 第 170 行.

[ 2017-06-08T11:23:14+08:00 ] 127.0.0.1 /index.php/Admin/Goods/add_spec.html
INFO: [ app_begin ] --START--
INFO: Run Behavior\ReadHtmlCacheBehavior [ RunTime:0.001000s ]
INFO: [ app_begin ] --END-- [ RunTime:0.001000s ]
SQL: SHOW COLUMNS FROM `goods_type` [ RunTime:0.0010s ]
SQL: SELECT * FROM `goods_type`  [ RunTime:0.0000s ]
SQL: SHOW COLUMNS FROM `spec` [ RunTime:0.0010s ]
SQL: SELECT * FROM `spec` WHERE `type_id` = 1  [ RunTime:0.0000s ]
SQL: SHOW COLUMNS FROM `spec_items` [ RunTime:0.0000s ]
SQL: SELECT `id`,`item` FROM `spec_items` WHERE ( 1=1 AND spec_id='59' )  [ RunTime:0.0000s ]
SQL: SELECT `id`,`item` FROM `spec_items` WHERE ( 1=1 AND spec_id='58' )  [ RunTime:0.0000s ]
SQL: SELECT `id`,`item` FROM `spec_items` WHERE ( 1=1 AND spec_id='57' )  [ RunTime:0.0000s ]
SQL: SELECT * FROM `spec` WHERE `type_id` = 4  [ RunTime:0.0000s ]
SQL: SELECT * FROM `spec` WHERE `type_id` = 3  [ RunTime:0.0010s ]
SQL: SELECT * FROM `spec` WHERE `type_id` = 5  [ RunTime:0.0000s ]
INFO: [ view_parse ] --START--
INFO: [ template_filter ] --START--
INFO: Run Behavior\ContentReplaceBehavior [ RunTime:0.000000s ]
INFO: [ template_filter ] --END-- [ RunTime:0.000000s ]
INFO: Run Behavior\ParseTemplateBehavior [ RunTime:0.020001s ]
INFO: [ view_parse ] --END-- [ RunTime:0.020001s ]
INFO: [ view_filter ] --START--
INFO: Run Behavior\WriteHtmlCacheBehavior [ RunTime:0.001000s ]
INFO: [ view_filter ] --END-- [ RunTime:0.001000s ]
INFO: [ app_end ] --START--
INFO: Run Behavior\ShowPageTraceBehavior [ RunTime:0.001000s ]
INFO: [ app_end ] --END-- [ RunTime:0.001000s ]

[ 2017-06-08T11:23:16+08:00 ] 127.0.0.1 /index.php/Admin/Goods/handel_group.html
INFO: [ app_begin ] --START--
INFO: Run Behavior\ReadHtmlCacheBehavior [ RunTime:0.001000s ]
INFO: [ app_begin ] --END-- [ RunTime:0.002000s ]
SQL: SHOW COLUMNS FROM `spec_items` [ RunTime:0.0010s ]
SQL: SELECT * FROM `spec_items` WHERE `id` IN ('333','330')  [ RunTime:0.0010s ]
SQL: SHOW COLUMNS FROM `spec` [ RunTime:0.0010s ]
SQL: SELECT * FROM `spec` WHERE `id` IN (58,59)  [ RunTime:0.0010s ]
INFO: [ app_end ] --START--
INFO: Run Behavior\ShowPageTraceBehavior [ RunTime:0.001000s ]
INFO: [ app_end ] --END-- [ RunTime:0.001000s ]

[ 2017-06-08T11:24:07+08:00 ] 127.0.0.1 /index.php/Admin/Goods/upload.html
INFO: [ app_begin ] --START--
INFO: Run Behavior\ReadHtmlCacheBehavior [ RunTime:0.001001s ]
INFO: [ app_begin ] --END-- [ RunTime:0.002001s ]
NOTIC: [2] call_user_func() expects parameter 1 to be a valid callback, no array or string given D:\wamp64\www\qiu\shop\ThinkPHP\Library\Think\Upload.class.php 第 170 行.

[ 2017-06-08T11:24:07+08:00 ] 127.0.0.1 /index.php/Admin/Goods/upload.html
INFO: [ app_begin ] --START--
INFO: Run Behavior\ReadHtmlCacheBehavior [ RunTime:0.001000s ]
INFO: [ app_begin ] --END-- [ RunTime:0.002000s ]
NOTIC: [2] call_user_func() expects parameter 1 to be a valid callback, no array or string given D:\wamp64\www\qiu\shop\ThinkPHP\Library\Think\Upload.class.php 第 170 行.

[ 2017-06-08T11:24:08+08:00 ] 127.0.0.1 /index.php/Admin/Goods/add_spec.html
INFO: [ app_begin ] --START--
INFO: Run Behavior\ReadHtmlCacheBehavior [ RunTime:0.001000s ]
INFO: [ app_begin ] --END-- [ RunTime:0.001000s ]
SQL: SHOW COLUMNS FROM `goods_type` [ RunTime:0.0010s ]
SQL: SELECT * FROM `goods_type`  [ RunTime:0.0000s ]
SQL: SHOW COLUMNS FROM `spec` [ RunTime:0.0000s ]
SQL: SELECT * FROM `spec` WHERE `type_id` = 1  [ RunTime:0.0000s ]
SQL: SHOW COLUMNS FROM `spec_items` [ RunTime:0.0000s ]
SQL: SELECT `id`,`item` FROM `spec_items` WHERE ( 1=1 AND spec_id='59' )  [ RunTime:0.0010s ]
SQL: SELECT `id`,`item` FROM `spec_items` WHERE ( 1=1 AND spec_id='58' )  [ RunTime:0.0010s ]
SQL: SELECT `id`,`item` FROM `spec_items` WHERE ( 1=1 AND spec_id='57' )  [ RunTime:0.0010s ]
SQL: SELECT * FROM `spec` WHERE `type_id` = 4  [ RunTime:0.0010s ]
SQL: SELECT * FROM `spec` WHERE `type_id` = 3  [ RunTime:0.0000s ]
SQL: SELECT * FROM `spec` WHERE `type_id` = 5  [ RunTime:0.0000s ]
INFO: [ view_parse ] --START--
INFO: [ template_filter ] --START--
INFO: Run Behavior\ContentReplaceBehavior [ RunTime:0.000000s ]
INFO: [ template_filter ] --END-- [ RunTime:0.000000s ]
INFO: Run Behavior\ParseTemplateBehavior [ RunTime:0.019001s ]
INFO: [ view_parse ] --END-- [ RunTime:0.019001s ]
INFO: [ view_filter ] --START--
INFO: Run Behavior\WriteHtmlCacheBehavior [ RunTime:0.000000s ]
INFO: [ view_filter ] --END-- [ RunTime:0.001000s ]
INFO: [ app_end ] --START--
INFO: Run Behavior\ShowPageTraceBehavior [ RunTime:0.001000s ]
INFO: [ app_end ] --END-- [ RunTime:0.001000s ]

[ 2017-06-08T11:24:12+08:00 ] 127.0.0.1 /index.php/Admin/Goods/handel_group.html
INFO: [ app_begin ] --START--
INFO: Run Behavior\ReadHtmlCacheBehavior [ RunTime:0.001000s ]
INFO: [ app_begin ] --END-- [ RunTime:0.002000s ]
SQL: SHOW COLUMNS FROM `spec_items` [ RunTime:0.0010s ]
SQL: SELECT * FROM `spec_items` WHERE `id` IN ('333','330')  [ RunTime:0.0000s ]
SQL: SHOW COLUMNS FROM `spec` [ RunTime:0.0010s ]
SQL: SELECT * FROM `spec` WHERE `id` IN (58,59)  [ RunTime:0.0010s ]
INFO: [ app_end ] --START--
INFO: Run Behavior\ShowPageTraceBehavior [ RunTime:0.001000s ]
INFO: [ app_end ] --END-- [ RunTime:0.001000s ]

[ 2017-06-08T11:43:50+08:00 ] 127.0.0.1 /index.php/Admin/Goods/index.html
ERR: Think\Model:relation方法不存在！

[ 2017-06-08T11:46:10+08:00 ] 127.0.0.1 /index.php/Admin/Goods/index.html
ERR: Think\Model:relation方法不存在！

[ 2017-06-08T11:48:09+08:00 ] 127.0.0.1 /index.php/Admin/Goods/index.html
ERR: Think\Model:relation方法不存在！

[ 2017-06-08T11:48:11+08:00 ] 127.0.0.1 /index.php/Admin/Goods/index.html
ERR: Think\Model:relation方法不存在！

[ 2017-06-08T11:48:13+08:00 ] 127.0.0.1 /index.php/Admin/Goods/index.html
ERR: Think\Model:relation方法不存在！

[ 2017-06-08T11:49:08+08:00 ] 127.0.0.1 /index.php/Admin/Goods/index.html
ERR: Think\Model:relation方法不存在！

[ 2017-06-08T11:49:10+08:00 ] 127.0.0.1 /index.php/Admin/Goods/index.html
ERR: Think\Model:relation方法不存在！

[ 2017-06-08T11:51:31+08:00 ] 127.0.0.1 /index.php/Admin/Goods/upload.html
INFO: [ app_begin ] --START--
INFO: Run Behavior\ReadHtmlCacheBehavior [ RunTime:0.001000s ]
INFO: [ app_begin ] --END-- [ RunTime:0.002000s ]
NOTIC: [2] call_user_func() expects parameter 1 to be a valid callback, no array or string given D:\wamp64\www\qiu\shop\ThinkPHP\Library\Think\Upload.class.php 第 170 行.

[ 2017-06-08T11:51:31+08:00 ] 127.0.0.1 /index.php/Admin/Goods/upload.html
INFO: [ app_begin ] --START--
INFO: Run Behavior\ReadHtmlCacheBehavior [ RunTime:0.001000s ]
INFO: [ app_begin ] --END-- [ RunTime:0.001000s ]
NOTIC: [2] call_user_func() expects parameter 1 to be a valid callback, no array or string given D:\wamp64\www\qiu\shop\ThinkPHP\Library\Think\Upload.class.php 第 170 行.

[ 2017-06-08T11:51:32+08:00 ] 127.0.0.1 /index.php/Admin/Goods/add_spec.html
INFO: [ app_begin ] --START--
INFO: Run Behavior\ReadHtmlCacheBehavior [ RunTime:0.001000s ]
INFO: [ app_begin ] --END-- [ RunTime:0.001000s ]
SQL: SHOW COLUMNS FROM `goods_type` [ RunTime:0.0010s ]
SQL: SELECT * FROM `goods_type`  [ RunTime:0.0000s ]
SQL: SHOW COLUMNS FROM `spec` [ RunTime:0.0010s ]
SQL: SELECT * FROM `spec` WHERE `type_id` = 1  [ RunTime:0.0000s ]
SQL: SHOW COLUMNS FROM `spec_items` [ RunTime:0.0010s ]
SQL: SELECT `id`,`item` FROM `spec_items` WHERE ( 1=1 AND spec_id='59' )  [ RunTime:0.0000s ]
SQL: SELECT `id`,`item` FROM `spec_items` WHERE ( 1=1 AND spec_id='58' )  [ RunTime:0.0000s ]
SQL: SELECT `id`,`item` FROM `spec_items` WHERE ( 1=1 AND spec_id='57' )  [ RunTime:0.0000s ]
SQL: SELECT * FROM `spec` WHERE `type_id` = 4  [ RunTime:0.0000s ]
SQL: SELECT * FROM `spec` WHERE `type_id` = 3  [ RunTime:0.0010s ]
SQL: SELECT * FROM `spec` WHERE `type_id` = 5  [ RunTime:0.0010s ]
INFO: [ view_parse ] --START--
INFO: [ template_filter ] --START--
INFO: Run Behavior\ContentReplaceBehavior [ RunTime:0.000000s ]
INFO: [ template_filter ] --END-- [ RunTime:0.000000s ]
INFO: Run Behavior\ParseTemplateBehavior [ RunTime:0.019001s ]
INFO: [ view_parse ] --END-- [ RunTime:0.019001s ]
INFO: [ view_filter ] --START--
INFO: Run Behavior\WriteHtmlCacheBehavior [ RunTime:0.000000s ]
INFO: [ view_filter ] --END-- [ RunTime:0.000000s ]
INFO: [ app_end ] --START--
INFO: Run Behavior\ShowPageTraceBehavior [ RunTime:0.001000s ]
INFO: [ app_end ] --END-- [ RunTime:0.001000s ]

[ 2017-06-08T11:51:34+08:00 ] 127.0.0.1 /index.php/Admin/Goods/handel_group.html
INFO: [ app_begin ] --START--
INFO: Run Behavior\ReadHtmlCacheBehavior [ RunTime:0.001000s ]
INFO: [ app_begin ] --END-- [ RunTime:0.002000s ]
SQL: SHOW COLUMNS FROM `spec_items` [ RunTime:0.0010s ]
SQL: SELECT * FROM `spec_items` WHERE `id` IN ('333','335')  [ RunTime:0.0000s ]
SQL: SHOW COLUMNS FROM `spec` [ RunTime:0.0000s ]
SQL: SELECT * FROM `spec` WHERE `id` IN (59)  [ RunTime:0.0000s ]
INFO: [ app_end ] --START--
INFO: Run Behavior\ShowPageTraceBehavior [ RunTime:0.001000s ]
INFO: [ app_end ] --END-- [ RunTime:0.001000s ]

