[ 2017-06-10T11:46:16+08:00 ] 127.0.0.1 /index.php/Admin/Goods/add_spec.html
INFO: [ app_begin ] --START--
INFO: Run Behavior\ReadHtmlCacheBehavior [ RunTime:0.001000s ]
INFO: [ app_begin ] --END-- [ RunTime:0.002000s ]
SQL: SHOW COLUMNS FROM `goods_type` [ RunTime:0.0520s ]
SQL: SELECT * FROM `goods_type`  [ RunTime:0.0000s ]
SQL: SHOW COLUMNS FROM `spec` [ RunTime:0.1170s ]
SQL: SELECT * FROM `spec` WHERE `type_id` = 1  [ RunTime:0.0000s ]
SQL: SHOW COLUMNS FROM `spec_items` [ RunTime:0.0360s ]
SQL: SELECT `id`,`item` FROM `spec_items` WHERE ( 1=1 AND spec_id='59' )  [ RunTime:0.0010s ]
SQL: SELECT `id`,`item` FROM `spec_items` WHERE ( 1=1 AND spec_id='58' )  [ RunTime:0.0000s ]
SQL: SELECT `id`,`item` FROM `spec_items` WHERE ( 1=1 AND spec_id='57' )  [ RunTime:0.0000s ]
SQL: SELECT * FROM `spec` WHERE `type_id` = 4  [ RunTime:0.0000s ]
SQL: SELECT * FROM `spec` WHERE `type_id` = 3  [ RunTime:0.0000s ]
SQL: SELECT * FROM `spec` WHERE `type_id` = 5  [ RunTime:0.0000s ]
INFO: [ view_parse ] --START--
INFO: [ template_filter ] --START--
INFO: Run Behavior\ContentReplaceBehavior [ RunTime:0.001000s ]
INFO: [ template_filter ] --END-- [ RunTime:0.001000s ]
INFO: Run Behavior\ParseTemplateBehavior [ RunTime:0.046002s ]
INFO: [ view_parse ] --END-- [ RunTime:0.046002s ]
INFO: [ view_filter ] --START--
INFO: Run Behavior\WriteHtmlCacheBehavior [ RunTime:0.000000s ]
INFO: [ view_filter ] --END-- [ RunTime:0.000000s ]
INFO: [ app_end ] --START--
INFO: Run Behavior\ShowPageTraceBehavior [ RunTime:0.000000s ]
INFO: [ app_end ] --END-- [ RunTime:0.000000s ]

[ 2017-06-10T11:54:01+08:00 ] 127.0.0.1 /index.php/Admin/Goods/upload.html
INFO: [ app_begin ] --START--
INFO: Run Behavior\ReadHtmlCacheBehavior [ RunTime:0.001000s ]
INFO: [ app_begin ] --END-- [ RunTime:0.002000s ]
NOTIC: [2] call_user_func() expects parameter 1 to be a valid callback, no array or string given E:\shop\ThinkPHP\Library\Think\Upload.class.php 第 170 行.

[ 2017-06-10T11:54:01+08:00 ] 127.0.0.1 /index.php/Admin/Goods/upload.html
INFO: [ app_begin ] --START--
INFO: Run Behavior\ReadHtmlCacheBehavior [ RunTime:0.001000s ]
INFO: [ app_begin ] --END-- [ RunTime:0.003000s ]
NOTIC: [2] call_user_func() expects parameter 1 to be a valid callback, no array or string given E:\shop\ThinkPHP\Library\Think\Upload.class.php 第 170 行.

[ 2017-06-10T11:54:01+08:00 ] 127.0.0.1 /index.php/Admin/Goods/upload.html
INFO: [ app_begin ] --START--
INFO: Run Behavior\ReadHtmlCacheBehavior [ RunTime:0.002001s ]
INFO: [ app_begin ] --END-- [ RunTime:0.003001s ]
NOTIC: [2] call_user_func() expects parameter 1 to be a valid callback, no array or string given E:\shop\ThinkPHP\Library\Think\Upload.class.php 第 170 行.

[ 2017-06-10T11:54:07+08:00 ] 127.0.0.1 /index.php/Admin/Goods/add_spec.html
INFO: [ app_begin ] --START--
INFO: Run Behavior\ReadHtmlCacheBehavior [ RunTime:0.001000s ]
INFO: [ app_begin ] --END-- [ RunTime:0.002000s ]
SQL: SHOW COLUMNS FROM `goods_type` [ RunTime:0.0040s ]
SQL: SELECT * FROM `goods_type`  [ RunTime:0.0010s ]
SQL: SHOW COLUMNS FROM `spec` [ RunTime:0.0030s ]
SQL: SELECT * FROM `spec` WHERE `type_id` = 1  [ RunTime:0.0000s ]
SQL: SHOW COLUMNS FROM `spec_items` [ RunTime:0.0040s ]
SQL: SELECT `id`,`item` FROM `spec_items` WHERE ( 1=1 AND spec_id='59' )  [ RunTime:0.0000s ]
SQL: SELECT `id`,`item` FROM `spec_items` WHERE ( 1=1 AND spec_id='58' )  [ RunTime:0.0000s ]
SQL: SELECT `id`,`item` FROM `spec_items` WHERE ( 1=1 AND spec_id='57' )  [ RunTime:0.0000s ]
SQL: SELECT * FROM `spec` WHERE `type_id` = 4  [ RunTime:0.0000s ]
SQL: SELECT * FROM `spec` WHERE `type_id` = 3  [ RunTime:0.0000s ]
SQL: SELECT * FROM `spec` WHERE `type_id` = 5  [ RunTime:0.0000s ]
INFO: [ view_parse ] --START--
INFO: [ template_filter ] --START--
INFO: Run Behavior\ContentReplaceBehavior [ RunTime:0.001000s ]
INFO: [ template_filter ] --END-- [ RunTime:0.001000s ]
INFO: Run Behavior\ParseTemplateBehavior [ RunTime:0.022001s ]
INFO: [ view_parse ] --END-- [ RunTime:0.022001s ]
INFO: [ view_filter ] --START--
INFO: Run Behavior\WriteHtmlCacheBehavior [ RunTime:0.001000s ]
INFO: [ view_filter ] --END-- [ RunTime:0.001000s ]
INFO: [ app_end ] --START--
INFO: Run Behavior\ShowPageTraceBehavior [ RunTime:0.000000s ]
INFO: [ app_end ] --END-- [ RunTime:0.001000s ]

[ 2017-06-10T11:54:10+08:00 ] 127.0.0.1 /index.php/Admin/Goods/handel_group.html
INFO: [ app_begin ] --START--
INFO: Run Behavior\ReadHtmlCacheBehavior [ RunTime:0.001000s ]
INFO: [ app_begin ] --END-- [ RunTime:0.001000s ]
SQL: SHOW COLUMNS FROM `spec_items` [ RunTime:0.0040s ]
SQL: SELECT * FROM `spec_items` WHERE `id` IN ('333','330')  [ RunTime:0.0010s ]
SQL: SHOW COLUMNS FROM `spec` [ RunTime:0.0060s ]
SQL: SELECT * FROM `spec` WHERE `id` IN (58,59)  [ RunTime:0.0000s ]
NOTIC: [8] Use of undefined constant ￥ - assumed '￥' E:\shop\Application\Admin\Controller\GoodsController.class.php 第 283 行.

[ 2017-06-10T11:54:39+08:00 ] 127.0.0.1 /index.php/Admin/Goods/upload.html
INFO: [ app_begin ] --START--
INFO: Run Behavior\ReadHtmlCacheBehavior [ RunTime:0.001000s ]
INFO: [ app_begin ] --END-- [ RunTime:0.002000s ]
NOTIC: [2] call_user_func() expects parameter 1 to be a valid callback, no array or string given E:\shop\ThinkPHP\Library\Think\Upload.class.php 第 170 行.

[ 2017-06-10T11:54:39+08:00 ] 127.0.0.1 /index.php/Admin/Goods/upload.html
INFO: [ app_begin ] --START--
INFO: Run Behavior\ReadHtmlCacheBehavior [ RunTime:0.001000s ]
INFO: [ app_begin ] --END-- [ RunTime:0.002000s ]
NOTIC: [2] call_user_func() expects parameter 1 to be a valid callback, no array or string given E:\shop\ThinkPHP\Library\Think\Upload.class.php 第 170 行.

[ 2017-06-10T11:54:39+08:00 ] 127.0.0.1 /index.php/Admin/Goods/upload.html
INFO: [ app_begin ] --START--
INFO: Run Behavior\ReadHtmlCacheBehavior [ RunTime:0.002000s ]
INFO: [ app_begin ] --END-- [ RunTime:0.003000s ]
NOTIC: [2] call_user_func() expects parameter 1 to be a valid callback, no array or string given E:\shop\ThinkPHP\Library\Think\Upload.class.php 第 170 行.

[ 2017-06-10T11:54:41+08:00 ] 127.0.0.1 /index.php/Admin/Goods/add_spec.html
INFO: [ app_begin ] --START--
INFO: Run Behavior\ReadHtmlCacheBehavior [ RunTime:0.001000s ]
INFO: [ app_begin ] --END-- [ RunTime:0.002000s ]
SQL: SHOW COLUMNS FROM `goods_type` [ RunTime:0.0040s ]
SQL: SELECT * FROM `goods_type`  [ RunTime:0.0010s ]
SQL: SHOW COLUMNS FROM `spec` [ RunTime:0.0030s ]
SQL: SELECT * FROM `spec` WHERE `type_id` = 1  [ RunTime:0.0020s ]
SQL: SHOW COLUMNS FROM `spec_items` [ RunTime:0.0030s ]
SQL: SELECT `id`,`item` FROM `spec_items` WHERE ( 1=1 AND spec_id='59' )  [ RunTime:0.0000s ]
SQL: SELECT `id`,`item` FROM `spec_items` WHERE ( 1=1 AND spec_id='58' )  [ RunTime:0.0000s ]
SQL: SELECT `id`,`item` FROM `spec_items` WHERE ( 1=1 AND spec_id='57' )  [ RunTime:0.0000s ]
SQL: SELECT * FROM `spec` WHERE `type_id` = 4  [ RunTime:0.0010s ]
SQL: SELECT * FROM `spec` WHERE `type_id` = 3  [ RunTime:0.0010s ]
SQL: SELECT * FROM `spec` WHERE `type_id` = 5  [ RunTime:0.0000s ]
INFO: [ view_parse ] --START--
INFO: [ template_filter ] --START--
INFO: Run Behavior\ContentReplaceBehavior [ RunTime:0.000000s ]
INFO: [ template_filter ] --END-- [ RunTime:0.000000s ]
INFO: Run Behavior\ParseTemplateBehavior [ RunTime:0.025002s ]
INFO: [ view_parse ] --END-- [ RunTime:0.025002s ]
INFO: [ view_filter ] --START--
INFO: Run Behavior\WriteHtmlCacheBehavior [ RunTime:0.001000s ]
INFO: [ view_filter ] --END-- [ RunTime:0.001000s ]
INFO: [ app_end ] --START--
INFO: Run Behavior\ShowPageTraceBehavior [ RunTime:0.002000s ]
INFO: [ app_end ] --END-- [ RunTime:0.002000s ]

[ 2017-06-10T11:54:44+08:00 ] 127.0.0.1 /index.php/Admin/Goods/handel_group.html
INFO: [ app_begin ] --START--
INFO: Run Behavior\ReadHtmlCacheBehavior [ RunTime:0.001000s ]
INFO: [ app_begin ] --END-- [ RunTime:0.002000s ]
SQL: SHOW COLUMNS FROM `spec_items` [ RunTime:0.0040s ]
SQL: SELECT * FROM `spec_items` WHERE `id` IN ('333','330')  [ RunTime:0.0000s ]
SQL: SHOW COLUMNS FROM `spec` [ RunTime:0.0030s ]
SQL: SELECT * FROM `spec` WHERE `id` IN (58,59)  [ RunTime:0.0000s ]
NOTIC: [8] Use of undefined constant ￥ - assumed '￥' E:\shop\Application\Admin\Controller\GoodsController.class.php 第 283 行.

[ 2017-06-10T11:55:21+08:00 ] 127.0.0.1 /index.php/Admin/Goods/upload.html
INFO: [ app_begin ] --START--
INFO: Run Behavior\ReadHtmlCacheBehavior [ RunTime:0.001000s ]
INFO: [ app_begin ] --END-- [ RunTime:0.002000s ]
NOTIC: [2] call_user_func() expects parameter 1 to be a valid callback, no array or string given E:\shop\ThinkPHP\Library\Think\Upload.class.php 第 170 行.

[ 2017-06-10T11:55:21+08:00 ] 127.0.0.1 /index.php/Admin/Goods/upload.html
INFO: [ app_begin ] --START--
INFO: Run Behavior\ReadHtmlCacheBehavior [ RunTime:0.001000s ]
INFO: [ app_begin ] --END-- [ RunTime:0.001000s ]
NOTIC: [2] call_user_func() expects parameter 1 to be a valid callback, no array or string given E:\shop\ThinkPHP\Library\Think\Upload.class.php 第 170 行.

[ 2017-06-10T11:55:21+08:00 ] 127.0.0.1 /index.php/Admin/Goods/upload.html
INFO: [ app_begin ] --START--
INFO: Run Behavior\ReadHtmlCacheBehavior [ RunTime:0.001000s ]
INFO: [ app_begin ] --END-- [ RunTime:0.004000s ]
NOTIC: [2] call_user_func() expects parameter 1 to be a valid callback, no array or string given E:\shop\ThinkPHP\Library\Think\Upload.class.php 第 170 行.

[ 2017-06-10T11:55:24+08:00 ] 127.0.0.1 /index.php/Admin/Goods/add_spec.html
INFO: [ app_begin ] --START--
INFO: Run Behavior\ReadHtmlCacheBehavior [ RunTime:0.001000s ]
INFO: [ app_begin ] --END-- [ RunTime:0.002000s ]
SQL: SHOW COLUMNS FROM `goods_type` [ RunTime:0.0030s ]
SQL: SELECT * FROM `goods_type`  [ RunTime:0.0010s ]
SQL: SHOW COLUMNS FROM `spec` [ RunTime:0.0030s ]
SQL: SELECT * FROM `spec` WHERE `type_id` = 1  [ RunTime:0.0000s ]
SQL: SHOW COLUMNS FROM `spec_items` [ RunTime:0.0030s ]
SQL: SELECT `id`,`item` FROM `spec_items` WHERE ( 1=1 AND spec_id='59' )  [ RunTime:0.0000s ]
SQL: SELECT `id`,`item` FROM `spec_items` WHERE ( 1=1 AND spec_id='58' )  [ RunTime:0.0000s ]
SQL: SELECT `id`,`item` FROM `spec_items` WHERE ( 1=1 AND spec_id='57' )  [ RunTime:0.0000s ]
SQL: SELECT * FROM `spec` WHERE `type_id` = 4  [ RunTime:0.0000s ]
SQL: SELECT * FROM `spec` WHERE `type_id` = 3  [ RunTime:0.0000s ]
SQL: SELECT * FROM `spec` WHERE `type_id` = 5  [ RunTime:0.0000s ]
INFO: [ view_parse ] --START--
INFO: [ template_filter ] --START--
INFO: Run Behavior\ContentReplaceBehavior [ RunTime:0.001000s ]
INFO: [ template_filter ] --END-- [ RunTime:0.001000s ]
INFO: Run Behavior\ParseTemplateBehavior [ RunTime:0.023001s ]
INFO: [ view_parse ] --END-- [ RunTime:0.023001s ]
INFO: [ view_filter ] --START--
INFO: Run Behavior\WriteHtmlCacheBehavior [ RunTime:0.001000s ]
INFO: [ view_filter ] --END-- [ RunTime:0.001000s ]
INFO: [ app_end ] --START--
INFO: Run Behavior\ShowPageTraceBehavior [ RunTime:0.001000s ]
INFO: [ app_end ] --END-- [ RunTime:0.001000s ]

[ 2017-06-10T11:55:26+08:00 ] 127.0.0.1 /index.php/Admin/Goods/handel_group.html
INFO: [ app_begin ] --START--
INFO: Run Behavior\ReadHtmlCacheBehavior [ RunTime:0.000000s ]
INFO: [ app_begin ] --END-- [ RunTime:0.002000s ]
SQL: SHOW COLUMNS FROM `spec_items` [ RunTime:0.0040s ]
SQL: SELECT * FROM `spec_items` WHERE `id` IN ('337','331')  [ RunTime:0.0000s ]
SQL: SHOW COLUMNS FROM `spec` [ RunTime:0.0030s ]
SQL: SELECT * FROM `spec` WHERE `id` IN (58,59)  [ RunTime:0.0000s ]
NOTIC: [8] Use of undefined constant ￥ - assumed '￥' E:\shop\Application\Admin\Controller\GoodsController.class.php 第 283 行.

[ 2017-06-10T11:55:43+08:00 ] 127.0.0.1 /index.php/Admin/Goods/upload.html
INFO: [ app_begin ] --START--
INFO: Run Behavior\ReadHtmlCacheBehavior [ RunTime:0.002000s ]
INFO: [ app_begin ] --END-- [ RunTime:0.002000s ]
NOTIC: [2] call_user_func() expects parameter 1 to be a valid callback, no array or string given E:\shop\ThinkPHP\Library\Think\Upload.class.php 第 170 行.

[ 2017-06-10T11:55:43+08:00 ] 127.0.0.1 /index.php/Admin/Goods/upload.html
INFO: [ app_begin ] --START--
INFO: Run Behavior\ReadHtmlCacheBehavior [ RunTime:0.002000s ]
INFO: [ app_begin ] --END-- [ RunTime:0.007000s ]
NOTIC: [2] call_user_func() expects parameter 1 to be a valid callback, no array or string given E:\shop\ThinkPHP\Library\Think\Upload.class.php 第 170 行.

[ 2017-06-10T11:55:43+08:00 ] 127.0.0.1 /index.php/Admin/Goods/upload.html
INFO: [ app_begin ] --START--
INFO: Run Behavior\ReadHtmlCacheBehavior [ RunTime:0.001000s ]
INFO: [ app_begin ] --END-- [ RunTime:0.002001s ]
NOTIC: [2] call_user_func() expects parameter 1 to be a valid callback, no array or string given E:\shop\ThinkPHP\Library\Think\Upload.class.php 第 170 行.

[ 2017-06-10T11:55:45+08:00 ] 127.0.0.1 /index.php/Admin/Goods/add_spec.html
INFO: [ app_begin ] --START--
INFO: Run Behavior\ReadHtmlCacheBehavior [ RunTime:0.001000s ]
INFO: [ app_begin ] --END-- [ RunTime:0.001000s ]
SQL: SHOW COLUMNS FROM `goods_type` [ RunTime:0.0040s ]
SQL: SELECT * FROM `goods_type`  [ RunTime:0.0000s ]
SQL: SHOW COLUMNS FROM `spec` [ RunTime:0.0040s ]
SQL: SELECT * FROM `spec` WHERE `type_id` = 1  [ RunTime:0.0000s ]
SQL: SHOW COLUMNS FROM `spec_items` [ RunTime:0.0040s ]
SQL: SELECT `id`,`item` FROM `spec_items` WHERE ( 1=1 AND spec_id='59' )  [ RunTime:0.0010s ]
SQL: SELECT `id`,`item` FROM `spec_items` WHERE ( 1=1 AND spec_id='58' )  [ RunTime:0.0000s ]
SQL: SELECT `id`,`item` FROM `spec_items` WHERE ( 1=1 AND spec_id='57' )  [ RunTime:0.0000s ]
SQL: SELECT * FROM `spec` WHERE `type_id` = 4  [ RunTime:0.0000s ]
SQL: SELECT * FROM `spec` WHERE `type_id` = 3  [ RunTime:0.0000s ]
SQL: SELECT * FROM `spec` WHERE `type_id` = 5  [ RunTime:0.0000s ]
INFO: [ view_parse ] --START--
INFO: [ template_filter ] --START--
INFO: Run Behavior\ContentReplaceBehavior [ RunTime:0.000000s ]
INFO: [ template_filter ] --END-- [ RunTime:0.000000s ]
INFO: Run Behavior\ParseTemplateBehavior [ RunTime:0.024002s ]
INFO: [ view_parse ] --END-- [ RunTime:0.024002s ]
INFO: [ view_filter ] --START--
INFO: Run Behavior\WriteHtmlCacheBehavior [ RunTime:0.000000s ]
INFO: [ view_filter ] --END-- [ RunTime:0.001000s ]
INFO: [ app_end ] --START--
INFO: Run Behavior\ShowPageTraceBehavior [ RunTime:0.001000s ]
INFO: [ app_end ] --END-- [ RunTime:0.001000s ]

[ 2017-06-10T11:55:47+08:00 ] 127.0.0.1 /index.php/Admin/Goods/handel_group.html
INFO: [ app_begin ] --START--
INFO: Run Behavior\ReadHtmlCacheBehavior [ RunTime:0.001000s ]
INFO: [ app_begin ] --END-- [ RunTime:0.002000s ]
SQL: SHOW COLUMNS FROM `spec_items` [ RunTime:0.0040s ]
SQL: SELECT * FROM `spec_items` WHERE `id` IN ('333','330')  [ RunTime:0.0000s ]
SQL: SHOW COLUMNS FROM `spec` [ RunTime:0.0030s ]
SQL: SELECT * FROM `spec` WHERE `id` IN (58,59)  [ RunTime:0.0000s ]
NOTIC: [8] Use of undefined constant ￥ - assumed '￥' E:\shop\Application\Admin\Controller\GoodsController.class.php 第 283 行.

[ 2017-06-10T11:57:41+08:00 ] 127.0.0.1 /index.php/Admin/Goods/upload.html
INFO: [ app_begin ] --START--
INFO: Run Behavior\ReadHtmlCacheBehavior [ RunTime:0.001001s ]
INFO: [ app_begin ] --END-- [ RunTime:0.002001s ]
NOTIC: [2] call_user_func() expects parameter 1 to be a valid callback, no array or string given E:\shop\ThinkPHP\Library\Think\Upload.class.php 第 170 行.

[ 2017-06-10T11:57:41+08:00 ] 127.0.0.1 /index.php/Admin/Goods/upload.html
INFO: [ app_begin ] --START--
INFO: Run Behavior\ReadHtmlCacheBehavior [ RunTime:0.003000s ]
INFO: [ app_begin ] --END-- [ RunTime:0.008001s ]
NOTIC: [2] call_user_func() expects parameter 1 to be a valid callback, no array or string given E:\shop\ThinkPHP\Library\Think\Upload.class.php 第 170 行.

[ 2017-06-10T11:57:41+08:00 ] 127.0.0.1 /index.php/Admin/Goods/upload.html
INFO: [ app_begin ] --START--
INFO: Run Behavior\ReadHtmlCacheBehavior [ RunTime:0.001000s ]
INFO: [ app_begin ] --END-- [ RunTime:0.002000s ]
NOTIC: [2] call_user_func() expects parameter 1 to be a valid callback, no array or string given E:\shop\ThinkPHP\Library\Think\Upload.class.php 第 170 行.

[ 2017-06-10T11:57:45+08:00 ] 127.0.0.1 /index.php/Admin/Goods/add_spec.html
INFO: [ app_begin ] --START--
INFO: Run Behavior\ReadHtmlCacheBehavior [ RunTime:0.001000s ]
INFO: [ app_begin ] --END-- [ RunTime:0.001000s ]
SQL: SHOW COLUMNS FROM `goods_type` [ RunTime:0.0030s ]
SQL: SELECT * FROM `goods_type`  [ RunTime:0.0010s ]
SQL: SHOW COLUMNS FROM `spec` [ RunTime:0.0030s ]
SQL: SELECT * FROM `spec` WHERE `type_id` = 1  [ RunTime:0.0000s ]
SQL: SHOW COLUMNS FROM `spec_items` [ RunTime:0.0030s ]
SQL: SELECT `id`,`item` FROM `spec_items` WHERE ( 1=1 AND spec_id='59' )  [ RunTime:0.0010s ]
SQL: SELECT `id`,`item` FROM `spec_items` WHERE ( 1=1 AND spec_id='58' )  [ RunTime:0.0000s ]
SQL: SELECT `id`,`item` FROM `spec_items` WHERE ( 1=1 AND spec_id='57' )  [ RunTime:0.0010s ]
SQL: SELECT * FROM `spec` WHERE `type_id` = 4  [ RunTime:0.0000s ]
SQL: SELECT * FROM `spec` WHERE `type_id` = 3  [ RunTime:0.0000s ]
SQL: SELECT * FROM `spec` WHERE `type_id` = 5  [ RunTime:0.0000s ]
INFO: [ view_parse ] --START--
INFO: [ template_filter ] --START--
INFO: Run Behavior\ContentReplaceBehavior [ RunTime:0.001000s ]
INFO: [ template_filter ] --END-- [ RunTime:0.001000s ]
INFO: Run Behavior\ParseTemplateBehavior [ RunTime:0.023002s ]
INFO: [ view_parse ] --END-- [ RunTime:0.023002s ]
INFO: [ view_filter ] --START--
INFO: Run Behavior\WriteHtmlCacheBehavior [ RunTime:0.000000s ]
INFO: [ view_filter ] --END-- [ RunTime:0.000000s ]
INFO: [ app_end ] --START--
INFO: Run Behavior\ShowPageTraceBehavior [ RunTime:0.001000s ]
INFO: [ app_end ] --END-- [ RunTime:0.001000s ]

[ 2017-06-10T11:57:47+08:00 ] 127.0.0.1 /index.php/Admin/Goods/handel_group.html
INFO: [ app_begin ] --START--
INFO: Run Behavior\ReadHtmlCacheBehavior [ RunTime:0.001000s ]
INFO: [ app_begin ] --END-- [ RunTime:0.001000s ]
SQL: SHOW COLUMNS FROM `spec_items` [ RunTime:0.0040s ]
SQL: SELECT * FROM `spec_items` WHERE `id` IN ('337','331')  [ RunTime:0.0000s ]
SQL: SHOW COLUMNS FROM `spec` [ RunTime:0.0030s ]
SQL: SELECT * FROM `spec` WHERE `id` IN (58,59)  [ RunTime:0.0010s ]
NOTIC: [8] Use of undefined constant ￥ - assumed '￥' E:\shop\Application\Admin\Controller\GoodsController.class.php 第 285 行.

[ 2017-06-10T12:00:41+08:00 ] 127.0.0.1 /index.php/Admin/Goods/upload.html
INFO: [ app_begin ] --START--
INFO: Run Behavior\ReadHtmlCacheBehavior [ RunTime:0.001000s ]
INFO: [ app_begin ] --END-- [ RunTime:0.002000s ]
NOTIC: [2] call_user_func() expects parameter 1 to be a valid callback, no array or string given E:\shop\ThinkPHP\Library\Think\Upload.class.php 第 170 行.

[ 2017-06-10T12:00:41+08:00 ] 127.0.0.1 /index.php/Admin/Goods/upload.html
INFO: [ app_begin ] --START--
INFO: Run Behavior\ReadHtmlCacheBehavior [ RunTime:0.002001s ]
INFO: [ app_begin ] --END-- [ RunTime:0.003001s ]
NOTIC: [2] call_user_func() expects parameter 1 to be a valid callback, no array or string given E:\shop\ThinkPHP\Library\Think\Upload.class.php 第 170 行.

[ 2017-06-10T12:00:41+08:00 ] 127.0.0.1 /index.php/Admin/Goods/upload.html
INFO: [ app_begin ] --START--
INFO: Run Behavior\ReadHtmlCacheBehavior [ RunTime:0.002000s ]
INFO: [ app_begin ] --END-- [ RunTime:0.003001s ]
NOTIC: [2] call_user_func() expects parameter 1 to be a valid callback, no array or string given E:\shop\ThinkPHP\Library\Think\Upload.class.php 第 170 行.

[ 2017-06-10T12:00:49+08:00 ] 127.0.0.1 /index.php/Admin/Goods/add_spec.html
INFO: [ app_begin ] --START--
INFO: Run Behavior\ReadHtmlCacheBehavior [ RunTime:0.001000s ]
INFO: [ app_begin ] --END-- [ RunTime:0.002000s ]
SQL: SHOW COLUMNS FROM `goods_type` [ RunTime:0.0040s ]
SQL: SELECT * FROM `goods_type`  [ RunTime:0.0010s ]
SQL: SHOW COLUMNS FROM `spec` [ RunTime:0.0030s ]
SQL: SELECT * FROM `spec` WHERE `type_id` = 1  [ RunTime:0.0000s ]
SQL: SHOW COLUMNS FROM `spec_items` [ RunTime:0.0030s ]
SQL: SELECT `id`,`item` FROM `spec_items` WHERE ( 1=1 AND spec_id='59' )  [ RunTime:0.0000s ]
SQL: SELECT `id`,`item` FROM `spec_items` WHERE ( 1=1 AND spec_id='58' )  [ RunTime:0.0000s ]
SQL: SELECT `id`,`item` FROM `spec_items` WHERE ( 1=1 AND spec_id='57' )  [ RunTime:0.0010s ]
SQL: SELECT * FROM `spec` WHERE `type_id` = 4  [ RunTime:0.0010s ]
SQL: SELECT * FROM `spec` WHERE `type_id` = 3  [ RunTime:0.0010s ]
SQL: SELECT * FROM `spec` WHERE `type_id` = 5  [ RunTime:0.0010s ]
INFO: [ view_parse ] --START--
INFO: [ template_filter ] --START--
INFO: Run Behavior\ContentReplaceBehavior [ RunTime:0.001000s ]
INFO: [ template_filter ] --END-- [ RunTime:0.001000s ]
INFO: Run Behavior\ParseTemplateBehavior [ RunTime:0.023001s ]
INFO: [ view_parse ] --END-- [ RunTime:0.023001s ]
INFO: [ view_filter ] --START--
INFO: Run Behavior\WriteHtmlCacheBehavior [ RunTime:0.001000s ]
INFO: [ view_filter ] --END-- [ RunTime:0.001000s ]
INFO: [ app_end ] --START--
INFO: Run Behavior\ShowPageTraceBehavior [ RunTime:0.001000s ]
INFO: [ app_end ] --END-- [ RunTime:0.001000s ]

[ 2017-06-10T12:00:51+08:00 ] 127.0.0.1 /index.php/Admin/Goods/handel_group.html
INFO: [ app_begin ] --START--
INFO: Run Behavior\ReadHtmlCacheBehavior [ RunTime:0.001000s ]
INFO: [ app_begin ] --END-- [ RunTime:0.002000s ]
SQL: SHOW COLUMNS FROM `spec_items` [ RunTime:0.0040s ]
SQL: SELECT * FROM `spec_items` WHERE `id` IN ('337')  [ RunTime:0.0000s ]
SQL: SHOW COLUMNS FROM `spec` [ RunTime:0.0030s ]
SQL: SELECT * FROM `spec` WHERE `id` IN (59)  [ RunTime:0.0000s ]
NOTIC: [8] Use of undefined constant ￥ - assumed '￥' E:\shop\Application\Admin\Controller\GoodsController.class.php 第 285 行.

[ 2017-06-10T12:01:16+08:00 ] 127.0.0.1 /index.php/Admin/Goods/upload.html
INFO: [ app_begin ] --START--
INFO: Run Behavior\ReadHtmlCacheBehavior [ RunTime:0.004000s ]
INFO: [ app_begin ] --END-- [ RunTime:0.005000s ]
NOTIC: [2] call_user_func() expects parameter 1 to be a valid callback, no array or string given E:\shop\ThinkPHP\Library\Think\Upload.class.php 第 170 行.

[ 2017-06-10T12:01:16+08:00 ] 127.0.0.1 /index.php/Admin/Goods/upload.html
INFO: [ app_begin ] --START--
INFO: Run Behavior\ReadHtmlCacheBehavior [ RunTime:0.003000s ]
INFO: [ app_begin ] --END-- [ RunTime:0.004000s ]
NOTIC: [2] call_user_func() expects parameter 1 to be a valid callback, no array or string given E:\shop\ThinkPHP\Library\Think\Upload.class.php 第 170 行.

[ 2017-06-10T12:01:16+08:00 ] 127.0.0.1 /index.php/Admin/Goods/upload.html
INFO: [ app_begin ] --START--
INFO: Run Behavior\ReadHtmlCacheBehavior [ RunTime:0.002000s ]
INFO: [ app_begin ] --END-- [ RunTime:0.010000s ]
NOTIC: [2] call_user_func() expects parameter 1 to be a valid callback, no array or string given E:\shop\ThinkPHP\Library\Think\Upload.class.php 第 170 行.

[ 2017-06-10T12:01:19+08:00 ] 127.0.0.1 /index.php/Admin/Goods/add_spec.html
INFO: [ app_begin ] --START--
INFO: Run Behavior\ReadHtmlCacheBehavior [ RunTime:0.001000s ]
INFO: [ app_begin ] --END-- [ RunTime:0.002000s ]
SQL: SHOW COLUMNS FROM `goods_type` [ RunTime:0.0000s ]
SQL: SELECT * FROM `goods_type`  [ RunTime:0.0000s ]
SQL: SHOW COLUMNS FROM `spec` [ RunTime:0.0000s ]
SQL: SELECT * FROM `spec` WHERE `type_id` = 1  [ RunTime:0.0000s ]
SQL: SHOW COLUMNS FROM `spec_items` [ RunTime:0.0000s ]
SQL: SELECT `id`,`item` FROM `spec_items` WHERE ( 1=1 AND spec_id='59' )  [ RunTime:0.0000s ]
SQL: SELECT `id`,`item` FROM `spec_items` WHERE ( 1=1 AND spec_id='58' )  [ RunTime:0.0000s ]
SQL: SELECT `id`,`item` FROM `spec_items` WHERE ( 1=1 AND spec_id='57' )  [ RunTime:0.0000s ]
SQL: SELECT * FROM `spec` WHERE `type_id` = 4  [ RunTime:0.0000s ]
SQL: SELECT * FROM `spec` WHERE `type_id` = 3  [ RunTime:0.0000s ]
SQL: SELECT * FROM `spec` WHERE `type_id` = 5  [ RunTime:0.0000s ]
INFO: [ view_parse ] --START--
INFO: [ template_filter ] --START--
INFO: Run Behavior\ContentReplaceBehavior [ RunTime:0.000000s ]
INFO: [ template_filter ] --END-- [ RunTime:0.000000s ]
INFO: Run Behavior\ParseTemplateBehavior [ RunTime:0.031200s ]
INFO: [ view_parse ] --END-- [ RunTime:0.031200s ]
INFO: [ view_filter ] --START--
INFO: Run Behavior\WriteHtmlCacheBehavior [ RunTime:0.000000s ]
INFO: [ view_filter ] --END-- [ RunTime:0.000000s ]
INFO: [ app_end ] --START--
INFO: Run Behavior\ShowPageTraceBehavior [ RunTime:0.000000s ]
INFO: [ app_end ] --END-- [ RunTime:0.000000s ]

[ 2017-06-10T12:01:22+08:00 ] 127.0.0.1 /index.php/Admin/Goods/handel_group.html
INFO: [ app_begin ] --START--
INFO: Run Behavior\ReadHtmlCacheBehavior [ RunTime:0.000000s ]
INFO: [ app_begin ] --END-- [ RunTime:0.002000s ]
SQL: SHOW COLUMNS FROM `spec_items` [ RunTime:0.0000s ]
SQL: SELECT * FROM `spec_items` WHERE `id` IN ('333','330')  [ RunTime:0.0000s ]
SQL: SHOW COLUMNS FROM `spec` [ RunTime:0.0000s ]
SQL: SELECT * FROM `spec` WHERE `id` IN (58,59)  [ RunTime:0.0000s ]
NOTIC: [8] Use of undefined constant ￥ - assumed '￥' E:\shop\Application\Admin\Controller\GoodsController.class.php 第 285 行.

[ 2017-06-10T12:04:56+08:00 ] 127.0.0.1 /index.php/Admin/Goods/upload.html
INFO: [ app_begin ] --START--
INFO: Run Behavior\ReadHtmlCacheBehavior [ RunTime:0.002001s ]
INFO: [ app_begin ] --END-- [ RunTime:0.003001s ]
NOTIC: [2] call_user_func() expects parameter 1 to be a valid callback, no array or string given E:\shop\ThinkPHP\Library\Think\Upload.class.php 第 170 行.

[ 2017-06-10T12:04:56+08:00 ] 127.0.0.1 /index.php/Admin/Goods/upload.html
INFO: [ app_begin ] --START--
INFO: Run Behavior\ReadHtmlCacheBehavior [ RunTime:0.002000s ]
INFO: [ app_begin ] --END-- [ RunTime:0.004000s ]
NOTIC: [2] call_user_func() expects parameter 1 to be a valid callback, no array or string given E:\shop\ThinkPHP\Library\Think\Upload.class.php 第 170 行.

[ 2017-06-10T12:04:56+08:00 ] 127.0.0.1 /index.php/Admin/Goods/upload.html
INFO: [ app_begin ] --START--
INFO: Run Behavior\ReadHtmlCacheBehavior [ RunTime:0.001000s ]
INFO: [ app_begin ] --END-- [ RunTime:0.002000s ]
NOTIC: [2] call_user_func() expects parameter 1 to be a valid callback, no array or string given E:\shop\ThinkPHP\Library\Think\Upload.class.php 第 170 行.

[ 2017-06-10T12:06:54+08:00 ] 127.0.0.1 /index.php/Admin/Goods/add_spec.html
INFO: [ app_begin ] --START--
INFO: Run Behavior\ReadHtmlCacheBehavior [ RunTime:0.001000s ]
INFO: [ app_begin ] --END-- [ RunTime:0.001000s ]
SQL: SHOW COLUMNS FROM `goods_type` [ RunTime:0.0040s ]
SQL: SELECT * FROM `goods_type`  [ RunTime:0.0010s ]
SQL: SHOW COLUMNS FROM `spec` [ RunTime:0.0030s ]
SQL: SELECT * FROM `spec` WHERE `type_id` = 1  [ RunTime:0.0010s ]
SQL: SHOW COLUMNS FROM `spec_items` [ RunTime:0.0030s ]
SQL: SELECT `id`,`item` FROM `spec_items` WHERE ( 1=1 AND spec_id='59' )  [ RunTime:0.0000s ]
SQL: SELECT `id`,`item` FROM `spec_items` WHERE ( 1=1 AND spec_id='58' )  [ RunTime:0.0010s ]
SQL: SELECT `id`,`item` FROM `spec_items` WHERE ( 1=1 AND spec_id='57' )  [ RunTime:0.0010s ]
SQL: SELECT * FROM `spec` WHERE `type_id` = 4  [ RunTime:0.0000s ]
SQL: SELECT * FROM `spec` WHERE `type_id` = 3  [ RunTime:0.0000s ]
SQL: SELECT * FROM `spec` WHERE `type_id` = 5  [ RunTime:0.0000s ]
INFO: [ view_parse ] --START--
INFO: [ template_filter ] --START--
INFO: Run Behavior\ContentReplaceBehavior [ RunTime:0.000000s ]
INFO: [ template_filter ] --END-- [ RunTime:0.000000s ]
INFO: Run Behavior\ParseTemplateBehavior [ RunTime:0.023002s ]
INFO: [ view_parse ] --END-- [ RunTime:0.023002s ]
INFO: [ view_filter ] --START--
INFO: Run Behavior\WriteHtmlCacheBehavior [ RunTime:0.001000s ]
INFO: [ view_filter ] --END-- [ RunTime:0.001000s ]
INFO: [ app_end ] --START--
INFO: Run Behavior\ShowPageTraceBehavior [ RunTime:0.001000s ]
INFO: [ app_end ] --END-- [ RunTime:0.001000s ]

[ 2017-06-10T12:06:57+08:00 ] 127.0.0.1 /index.php/Admin/Goods/handel_group.html
INFO: [ app_begin ] --START--
INFO: Run Behavior\ReadHtmlCacheBehavior [ RunTime:0.001000s ]
INFO: [ app_begin ] --END-- [ RunTime:0.002000s ]
SQL: SHOW COLUMNS FROM `spec_items` [ RunTime:0.0040s ]
SQL: SELECT * FROM `spec_items` WHERE `id` IN ('333','330')  [ RunTime:0.0000s ]
SQL: SHOW COLUMNS FROM `spec` [ RunTime:0.0030s ]
SQL: SELECT * FROM `spec` WHERE `id` IN (58,59)  [ RunTime:0.0000s ]
NOTIC: [8] Use of undefined constant ￥ - assumed '￥' E:\shop\Application\Admin\Controller\GoodsController.class.php 第 285 行.

[ 2017-06-10T12:08:06+08:00 ] 127.0.0.1 /index.php/Admin/Goods/add_spec.html
INFO: [ app_begin ] --START--
INFO: Run Behavior\ReadHtmlCacheBehavior [ RunTime:0.001000s ]
INFO: [ app_begin ] --END-- [ RunTime:0.002000s ]
SQL: SHOW COLUMNS FROM `goods_type` [ RunTime:0.0040s ]
SQL: SELECT * FROM `goods_type`  [ RunTime:0.0010s ]
SQL: SHOW COLUMNS FROM `spec` [ RunTime:0.0030s ]
SQL: SELECT * FROM `spec` WHERE `type_id` = 1  [ RunTime:0.0000s ]
SQL: SHOW COLUMNS FROM `spec_items` [ RunTime:0.0030s ]
SQL: SELECT `id`,`item` FROM `spec_items` WHERE ( 1=1 AND spec_id='59' )  [ RunTime:0.0000s ]
SQL: SELECT `id`,`item` FROM `spec_items` WHERE ( 1=1 AND spec_id='58' )  [ RunTime:0.0010s ]
SQL: SELECT `id`,`item` FROM `spec_items` WHERE ( 1=1 AND spec_id='57' )  [ RunTime:0.0010s ]
SQL: SELECT * FROM `spec` WHERE `type_id` = 4  [ RunTime:0.0010s ]
SQL: SELECT * FROM `spec` WHERE `type_id` = 3  [ RunTime:0.0010s ]
SQL: SELECT * FROM `spec` WHERE `type_id` = 5  [ RunTime:0.0010s ]
INFO: [ view_parse ] --START--
INFO: [ template_filter ] --START--
INFO: Run Behavior\ContentReplaceBehavior [ RunTime:0.001000s ]
INFO: [ template_filter ] --END-- [ RunTime:0.001000s ]
INFO: Run Behavior\ParseTemplateBehavior [ RunTime:0.024002s ]
INFO: [ view_parse ] --END-- [ RunTime:0.025002s ]
INFO: [ view_filter ] --START--
INFO: Run Behavior\WriteHtmlCacheBehavior [ RunTime:0.000000s ]
INFO: [ view_filter ] --END-- [ RunTime:0.000000s ]
INFO: [ app_end ] --START--
INFO: Run Behavior\ShowPageTraceBehavior [ RunTime:0.001000s ]
INFO: [ app_end ] --END-- [ RunTime:0.001000s ]

[ 2017-06-10T12:08:08+08:00 ] 127.0.0.1 /index.php/Admin/Goods/handel_group.html
INFO: [ app_begin ] --START--
INFO: Run Behavior\ReadHtmlCacheBehavior [ RunTime:0.001000s ]
INFO: [ app_begin ] --END-- [ RunTime:0.001000s ]
SQL: SHOW COLUMNS FROM `spec_items` [ RunTime:0.0030s ]
SQL: SELECT * FROM `spec_items` WHERE `id` IN ('333')  [ RunTime:0.0000s ]
SQL: SHOW COLUMNS FROM `spec` [ RunTime:0.0030s ]
SQL: SELECT * FROM `spec` WHERE `id` IN (59)  [ RunTime:0.0000s ]
NOTIC: [8] Use of undefined constant ￥ - assumed '￥' E:\shop\Application\Admin\Controller\GoodsController.class.php 第 287 行.

[ 2017-06-10T12:10:17+08:00 ] 127.0.0.1 /index.php/Admin/Goods/add_spec.html
INFO: [ app_begin ] --START--
INFO: Run Behavior\ReadHtmlCacheBehavior [ RunTime:0.001000s ]
INFO: [ app_begin ] --END-- [ RunTime:0.001000s ]
SQL: SHOW COLUMNS FROM `goods_type` [ RunTime:0.0030s ]
SQL: SELECT * FROM `goods_type`  [ RunTime:0.0000s ]
SQL: SHOW COLUMNS FROM `spec` [ RunTime:0.0030s ]
SQL: SELECT * FROM `spec` WHERE `type_id` = 1  [ RunTime:0.0000s ]
SQL: SHOW COLUMNS FROM `spec_items` [ RunTime:0.0040s ]
SQL: SELECT `id`,`item` FROM `spec_items` WHERE ( 1=1 AND spec_id='59' )  [ RunTime:0.0010s ]
SQL: SELECT `id`,`item` FROM `spec_items` WHERE ( 1=1 AND spec_id='58' )  [ RunTime:0.0000s ]
SQL: SELECT `id`,`item` FROM `spec_items` WHERE ( 1=1 AND spec_id='57' )  [ RunTime:0.0000s ]
SQL: SELECT * FROM `spec` WHERE `type_id` = 4  [ RunTime:0.0000s ]
SQL: SELECT * FROM `spec` WHERE `type_id` = 3  [ RunTime:0.0000s ]
SQL: SELECT * FROM `spec` WHERE `type_id` = 5  [ RunTime:0.0010s ]
INFO: [ view_parse ] --START--
INFO: [ template_filter ] --START--
INFO: Run Behavior\ContentReplaceBehavior [ RunTime:0.000000s ]
INFO: [ template_filter ] --END-- [ RunTime:0.001000s ]
INFO: Run Behavior\ParseTemplateBehavior [ RunTime:0.024001s ]
INFO: [ view_parse ] --END-- [ RunTime:0.024001s ]
INFO: [ view_filter ] --START--
INFO: Run Behavior\WriteHtmlCacheBehavior [ RunTime:0.000000s ]
INFO: [ view_filter ] --END-- [ RunTime:0.001000s ]
INFO: [ app_end ] --START--
INFO: Run Behavior\ShowPageTraceBehavior [ RunTime:0.001000s ]
INFO: [ app_end ] --END-- [ RunTime:0.001000s ]

[ 2017-06-10T12:10:19+08:00 ] 127.0.0.1 /index.php/Admin/Goods/handel_group.html
INFO: [ app_begin ] --START--
INFO: Run Behavior\ReadHtmlCacheBehavior [ RunTime:0.001000s ]
INFO: [ app_begin ] --END-- [ RunTime:0.002000s ]
SQL: SHOW COLUMNS FROM `spec_items` [ RunTime:0.0040s ]
SQL: SELECT * FROM `spec_items` WHERE `id` IN ('333','330')  [ RunTime:0.0010s ]
SQL: SHOW COLUMNS FROM `spec` [ RunTime:0.0050s ]
SQL: SELECT * FROM `spec` WHERE `id` IN (58,59)  [ RunTime:0.0000s ]
NOTIC: [8] Use of undefined constant ￥ - assumed '￥' E:\shop\Application\Admin\Controller\GoodsController.class.php 第 287 行.

[ 2017-06-10T12:10:57+08:00 ] 127.0.0.1 /index.php/Admin/Goods/upload.html
INFO: [ app_begin ] --START--
INFO: Run Behavior\ReadHtmlCacheBehavior [ RunTime:0.001000s ]
INFO: [ app_begin ] --END-- [ RunTime:0.003001s ]
NOTIC: [2] call_user_func() expects parameter 1 to be a valid callback, no array or string given E:\shop\ThinkPHP\Library\Think\Upload.class.php 第 170 行.

[ 2017-06-10T12:10:57+08:00 ] 127.0.0.1 /index.php/Admin/Goods/upload.html
INFO: [ app_begin ] --START--
INFO: Run Behavior\ReadHtmlCacheBehavior [ RunTime:0.001000s ]
INFO: [ app_begin ] --END-- [ RunTime:0.004000s ]
NOTIC: [2] call_user_func() expects parameter 1 to be a valid callback, no array or string given E:\shop\ThinkPHP\Library\Think\Upload.class.php 第 170 行.

[ 2017-06-10T12:10:57+08:00 ] 127.0.0.1 /index.php/Admin/Goods/upload.html
INFO: [ app_begin ] --START--
INFO: Run Behavior\ReadHtmlCacheBehavior [ RunTime:0.002000s ]
INFO: [ app_begin ] --END-- [ RunTime:0.005000s ]
NOTIC: [2] call_user_func() expects parameter 1 to be a valid callback, no array or string given E:\shop\ThinkPHP\Library\Think\Upload.class.php 第 170 行.

[ 2017-06-10T12:18:37+08:00 ] 127.0.0.1 /index.php/Admin/Goods/upload.html
INFO: [ app_begin ] --START--
INFO: Run Behavior\ReadHtmlCacheBehavior [ RunTime:0.003000s ]
INFO: [ app_begin ] --END-- [ RunTime:0.004000s ]
NOTIC: [2] call_user_func() expects parameter 1 to be a valid callback, no array or string given E:\shop\ThinkPHP\Library\Think\Upload.class.php 第 170 行.

[ 2017-06-10T12:18:37+08:00 ] 127.0.0.1 /index.php/Admin/Goods/upload.html
INFO: [ app_begin ] --START--
INFO: Run Behavior\ReadHtmlCacheBehavior [ RunTime:0.002000s ]
INFO: [ app_begin ] --END-- [ RunTime:0.003000s ]
NOTIC: [2] call_user_func() expects parameter 1 to be a valid callback, no array or string given E:\shop\ThinkPHP\Library\Think\Upload.class.php 第 170 行.

[ 2017-06-10T12:18:37+08:00 ] 127.0.0.1 /index.php/Admin/Goods/upload.html
INFO: [ app_begin ] --START--
INFO: Run Behavior\ReadHtmlCacheBehavior [ RunTime:0.002000s ]
INFO: [ app_begin ] --END-- [ RunTime:0.004000s ]
NOTIC: [2] call_user_func() expects parameter 1 to be a valid callback, no array or string given E:\shop\ThinkPHP\Library\Think\Upload.class.php 第 170 行.

[ 2017-06-10T12:18:42+08:00 ] 127.0.0.1 /index.php/Admin/Goods/add_spec.html
INFO: [ app_begin ] --START--
INFO: Run Behavior\ReadHtmlCacheBehavior [ RunTime:0.001000s ]
INFO: [ app_begin ] --END-- [ RunTime:0.002000s ]
SQL: SHOW COLUMNS FROM `goods_type` [ RunTime:0.0030s ]
SQL: SELECT * FROM `goods_type`  [ RunTime:0.0000s ]
SQL: SHOW COLUMNS FROM `spec` [ RunTime:0.0030s ]
SQL: SELECT * FROM `spec` WHERE `type_id` = 1  [ RunTime:0.0000s ]
SQL: SHOW COLUMNS FROM `spec_items` [ RunTime:0.0030s ]
SQL: SELECT `id`,`item` FROM `spec_items` WHERE ( 1=1 AND spec_id='59' )  [ RunTime:0.0000s ]
SQL: SELECT `id`,`item` FROM `spec_items` WHERE ( 1=1 AND spec_id='58' )  [ RunTime:0.0000s ]
SQL: SELECT `id`,`item` FROM `spec_items` WHERE ( 1=1 AND spec_id='57' )  [ RunTime:0.0000s ]
SQL: SELECT * FROM `spec` WHERE `type_id` = 4  [ RunTime:0.0010s ]
SQL: SELECT * FROM `spec` WHERE `type_id` = 3  [ RunTime:0.0010s ]
SQL: SELECT * FROM `spec` WHERE `type_id` = 5  [ RunTime:0.0010s ]
INFO: [ view_parse ] --START--
INFO: [ template_filter ] --START--
INFO: Run Behavior\ContentReplaceBehavior [ RunTime:0.000000s ]
INFO: [ template_filter ] --END-- [ RunTime:0.000000s ]
INFO: Run Behavior\ParseTemplateBehavior [ RunTime:0.024001s ]
INFO: [ view_parse ] --END-- [ RunTime:0.024001s ]
INFO: [ view_filter ] --START--
INFO: Run Behavior\WriteHtmlCacheBehavior [ RunTime:0.001000s ]
INFO: [ view_filter ] --END-- [ RunTime:0.001000s ]
INFO: [ app_end ] --START--
INFO: Run Behavior\ShowPageTraceBehavior [ RunTime:0.001000s ]
INFO: [ app_end ] --END-- [ RunTime:0.001000s ]

[ 2017-06-10T12:18:45+08:00 ] 127.0.0.1 /index.php/Admin/Goods/handel_group.html
INFO: [ app_begin ] --START--
INFO: Run Behavior\ReadHtmlCacheBehavior [ RunTime:0.001000s ]
INFO: [ app_begin ] --END-- [ RunTime:0.001000s ]
SQL: SHOW COLUMNS FROM `spec_items` [ RunTime:0.0040s ]
SQL: SELECT * FROM `spec_items` WHERE `id` IN ('329','332')  [ RunTime:0.0000s ]
SQL: SHOW COLUMNS FROM `spec` [ RunTime:0.0040s ]
SQL: SELECT * FROM `spec` WHERE `id` IN (58,57)  [ RunTime:0.0000s ]
NOTIC: [8] Use of undefined constant ￥ - assumed '￥' E:\shop\Application\Admin\Controller\GoodsController.class.php 第 287 行.

[ 2017-06-10T12:20:20+08:00 ] 127.0.0.1 /index.php/Admin/Goods/upload.html
INFO: [ app_begin ] --START--
INFO: Run Behavior\ReadHtmlCacheBehavior [ RunTime:0.002000s ]
INFO: [ app_begin ] --END-- [ RunTime:0.002000s ]
NOTIC: [2] call_user_func() expects parameter 1 to be a valid callback, no array or string given E:\shop\ThinkPHP\Library\Think\Upload.class.php 第 170 行.

[ 2017-06-10T12:20:20+08:00 ] 127.0.0.1 /index.php/Admin/Goods/upload.html
INFO: [ app_begin ] --START--
INFO: Run Behavior\ReadHtmlCacheBehavior [ RunTime:0.002000s ]
INFO: [ app_begin ] --END-- [ RunTime:0.003000s ]
NOTIC: [2] call_user_func() expects parameter 1 to be a valid callback, no array or string given E:\shop\ThinkPHP\Library\Think\Upload.class.php 第 170 行.

[ 2017-06-10T12:20:20+08:00 ] 127.0.0.1 /index.php/Admin/Goods/upload.html
INFO: [ app_begin ] --START--
INFO: Run Behavior\ReadHtmlCacheBehavior [ RunTime:0.002000s ]
INFO: [ app_begin ] --END-- [ RunTime:0.003000s ]
NOTIC: [2] call_user_func() expects parameter 1 to be a valid callback, no array or string given E:\shop\ThinkPHP\Library\Think\Upload.class.php 第 170 行.

[ 2017-06-10T12:20:23+08:00 ] 127.0.0.1 /index.php/Admin/Goods/add_spec.html
INFO: [ app_begin ] --START--
INFO: Run Behavior\ReadHtmlCacheBehavior [ RunTime:0.001000s ]
INFO: [ app_begin ] --END-- [ RunTime:0.002000s ]
SQL: SHOW COLUMNS FROM `goods_type` [ RunTime:0.0050s ]
SQL: SELECT * FROM `goods_type`  [ RunTime:0.0010s ]
SQL: SHOW COLUMNS FROM `spec` [ RunTime:0.0090s ]
SQL: SELECT * FROM `spec` WHERE `type_id` = 1  [ RunTime:0.0010s ]
SQL: SHOW COLUMNS FROM `spec_items` [ RunTime:0.0050s ]
SQL: SELECT `id`,`item` FROM `spec_items` WHERE ( 1=1 AND spec_id='59' )  [ RunTime:0.0010s ]
SQL: SELECT `id`,`item` FROM `spec_items` WHERE ( 1=1 AND spec_id='58' )  [ RunTime:0.0010s ]
SQL: SELECT `id`,`item` FROM `spec_items` WHERE ( 1=1 AND spec_id='57' )  [ RunTime:0.0010s ]
SQL: SELECT * FROM `spec` WHERE `type_id` = 4  [ RunTime:0.0010s ]
SQL: SELECT * FROM `spec` WHERE `type_id` = 3  [ RunTime:0.0000s ]
SQL: SELECT * FROM `spec` WHERE `type_id` = 5  [ RunTime:0.0000s ]
INFO: [ view_parse ] --START--
INFO: [ template_filter ] --START--
INFO: Run Behavior\ContentReplaceBehavior [ RunTime:0.000000s ]
INFO: [ template_filter ] --END-- [ RunTime:0.001000s ]
INFO: Run Behavior\ParseTemplateBehavior [ RunTime:0.029001s ]
INFO: [ view_parse ] --END-- [ RunTime:0.029001s ]
INFO: [ view_filter ] --START--
INFO: Run Behavior\WriteHtmlCacheBehavior [ RunTime:0.001001s ]
INFO: [ view_filter ] --END-- [ RunTime:0.001001s ]
INFO: [ app_end ] --START--
INFO: Run Behavior\ShowPageTraceBehavior [ RunTime:0.000000s ]
INFO: [ app_end ] --END-- [ RunTime:0.001000s ]

[ 2017-06-10T12:20:25+08:00 ] 127.0.0.1 /index.php/Admin/Goods/handel_group.html
INFO: [ app_begin ] --START--
INFO: Run Behavior\ReadHtmlCacheBehavior [ RunTime:0.000000s ]
INFO: [ app_begin ] --END-- [ RunTime:0.002000s ]
SQL: SHOW COLUMNS FROM `spec_items` [ RunTime:0.0030s ]
SQL: SELECT * FROM `spec_items` WHERE `id` IN ('333','330')  [ RunTime:0.0010s ]
SQL: SHOW COLUMNS FROM `spec` [ RunTime:0.0040s ]
SQL: SELECT * FROM `spec` WHERE `id` IN (58,59)  [ RunTime:0.0000s ]
NOTIC: [8] Use of undefined constant ￥ - assumed '￥' E:\shop\Application\Admin\Controller\GoodsController.class.php 第 287 行.

